=2025-04-05 08:08:11 [main] INFO  - Starting Execution for Test Suite => Orangehrm_Sanity_Suite with Tag => sanity1
=2025-04-05 08:08:11 [TestNG-tests-1] INFO  - Starting Execution for Test=> Orangehrm_LoginPage_Sanity_Test
=2025-04-05 08:08:17 [TestNG-tests-1] INFO  - Opening the browser - Chrome
=2025-04-05 08:08:45 [TestNG-tests-1] INFO  - Clicked on elements.
=2025-04-05 08:08:45 [TestNG-tests-1] INFO  - Started Test: TextBoxPageTest => testTextBox
=2025-04-05 08:08:47 [TestNG-tests-1] INFO  - Clicked on text box.
=2025-04-05 08:08:48 [TestNG-tests-1] INFO  - Entered full name.Nurul Arifin
=2025-04-05 08:08:48 [TestNG-tests-1] INFO  - Entered email address.nurularifin@gmail.com
=2025-04-05 08:08:48 [TestNG-tests-1] INFO  - Entered the current address.Jl. Persada I no. 27, Jakarta Selatan.
=2025-04-05 08:08:49 [TestNG-tests-1] INFO  - Entered the permanent address.Jl. Persada I no. 27, Jakarta Selatan.
=2025-04-05 08:08:50 [TestNG-tests-1] ERROR - Failed to click on submit button.
org.openqa.selenium.ElementClickInterceptedException: element click intercepted: Element <button id="submit" type="button" class="btn btn-primary">...</button> is not clickable at point (1364, 874). Other element would receive the click: <div id="adplus-anchor" data-google-query-id="CMG78Jvav4wDFWt9nQkdX2gRlw">...</div>
  (Session info: chrome=134.0.6998.178)
Build info: version: '4.28.1', revision: '73f5ad48a2'
System info: os.name: 'Windows 11', os.arch: 'amd64', os.version: '10.0', java.version: '21.0.6'
Driver info: org.openqa.selenium.chrome.ChromeDriver
Command: [e3110c795a2017869836d68d627506b2, clickElement {id=f.445E6DF4D1CB9285F0328299F68CA847.d.6BC9B920FE68369A92DE3EE3155EA6A0.e.52}]
Capabilities {acceptInsecureCerts: false, browserName: chrome, browserVersion: 134.0.6998.178, chrome: {chromedriverVersion: 134.0.6998.165 (fd886e2cb29..., userDataDir: C:\Users\nurul\AppData\Loca...}, fedcm:accounts: true, goog:chromeOptions: {debuggerAddress: localhost:56734}, networkConnectionEnabled: false, pageLoadStrategy: normal, platformName: windows, proxy: Proxy(), se:cdp: ws://localhost:56734/devtoo..., se:cdpVersion: 134.0.6998.178, setWindowRect: true, strictFileInteractability: false, timeouts: {implicit: 0, pageLoad: 300000, script: 30000}, unhandledPromptBehavior: dismiss and notify, webauthn:extension:credBlob: true, webauthn:extension:largeBlob: true, webauthn:extension:minPinLength: true, webauthn:extension:prf: true, webauthn:virtualAuthenticators: true}
Element: [[ChromeDriver: chrome on windows (e3110c795a2017869836d68d627506b2)] -> xpath: //button[@type='button' and text()='Submit']]
Session ID: e3110c795a2017869836d68d627506b2
	at java.base/jdk.internal.reflect.DirectConstructorHandleAccessor.newInstance(DirectConstructorHandleAccessor.java:62) ~[?:?]
	at java.base/java.lang.reflect.Constructor.newInstanceWithCaller(Constructor.java:502) ~[?:?]
	at java.base/java.lang.reflect.Constructor.newInstance(Constructor.java:486) ~[?:?]
	at org.openqa.selenium.remote.ErrorCodec.decode(ErrorCodec.java:167) ~[selenium-remote-driver-4.28.1.jar:?]
	at org.openqa.selenium.remote.codec.w3c.W3CHttpResponseCodec.decode(W3CHttpResponseCodec.java:138) ~[selenium-remote-driver-4.28.1.jar:?]
	at org.openqa.selenium.remote.codec.w3c.W3CHttpResponseCodec.decode(W3CHttpResponseCodec.java:50) ~[selenium-remote-driver-4.28.1.jar:?]
	at org.openqa.selenium.remote.HttpCommandExecutor.execute(HttpCommandExecutor.java:215) ~[selenium-remote-driver-4.28.1.jar:?]
	at org.openqa.selenium.remote.service.DriverCommandExecutor.invokeExecute(DriverCommandExecutor.java:216) ~[selenium-remote-driver-4.28.1.jar:?]
	at org.openqa.selenium.remote.service.DriverCommandExecutor.execute(DriverCommandExecutor.java:174) ~[selenium-remote-driver-4.28.1.jar:?]
	at org.openqa.selenium.remote.RemoteWebDriver.execute(RemoteWebDriver.java:545) ~[selenium-remote-driver-4.28.1.jar:?]
	at org.openqa.selenium.remote.RemoteWebElement.execute(RemoteWebElement.java:223) ~[selenium-remote-driver-4.28.1.jar:?]
	at org.openqa.selenium.remote.RemoteWebElement.click(RemoteWebElement.java:76) ~[selenium-remote-driver-4.28.1.jar:?]
	at java.base/jdk.internal.reflect.DirectMethodHandleAccessor.invoke(DirectMethodHandleAccessor.java:103) ~[?:?]
	at java.base/java.lang.reflect.Method.invoke(Method.java:580) ~[?:?]
	at org.openqa.selenium.support.pagefactory.internal.LocatingElementHandler.invoke(LocatingElementHandler.java:51) ~[selenium-support-4.28.1.jar:?]
	at jdk.proxy2/jdk.proxy2.$Proxy29.click(Unknown Source) ~[?:?]
	at com.demoqa.pages.elements.TextBoxPage.clickOnSubmitButton(TextBoxPage.java:127) ~[classes/:?]
	at com.demoqa.tests.elements.TextBoxPageTest.testTextBox(TextBoxPageTest.java:22) ~[test-classes/:?]
	at java.base/jdk.internal.reflect.DirectMethodHandleAccessor.invoke(DirectMethodHandleAccessor.java:103) ~[?:?]
	at java.base/java.lang.reflect.Method.invoke(Method.java:580) ~[?:?]
	at org.testng.internal.invokers.MethodInvocationHelper.invokeMethod(MethodInvocationHelper.java:139) ~[testng-7.8.0.jar:7.8.0]
	at org.testng.internal.invokers.TestInvoker.invokeMethod(TestInvoker.java:664) ~[testng-7.8.0.jar:7.8.0]
	at org.testng.internal.invokers.TestInvoker.invokeTestMethod(TestInvoker.java:227) ~[testng-7.8.0.jar:7.8.0]
	at org.testng.internal.invokers.MethodRunner.runInSequence(MethodRunner.java:50) ~[testng-7.8.0.jar:7.8.0]
	at org.testng.internal.invokers.TestInvoker$MethodInvocationAgent.invoke(TestInvoker.java:957) ~[testng-7.8.0.jar:7.8.0]
	at org.testng.internal.invokers.TestInvoker.invokeTestMethods(TestInvoker.java:200) ~[testng-7.8.0.jar:7.8.0]
	at org.testng.internal.invokers.TestMethodWorker.invokeTestMethods(TestMethodWorker.java:148) ~[testng-7.8.0.jar:7.8.0]
	at org.testng.internal.invokers.TestMethodWorker.run(TestMethodWorker.java:128) ~[testng-7.8.0.jar:7.8.0]
	at java.base/java.util.ArrayList.forEach(ArrayList.java:1596) ~[?:?]
	at org.testng.TestRunner.privateRun(TestRunner.java:848) ~[testng-7.8.0.jar:7.8.0]
	at org.testng.TestRunner.run(TestRunner.java:621) ~[testng-7.8.0.jar:7.8.0]
	at org.testng.SuiteRunner.runTest(SuiteRunner.java:443) ~[testng-7.8.0.jar:7.8.0]
	at org.testng.SuiteRunner$SuiteWorker.run(SuiteRunner.java:481) ~[testng-7.8.0.jar:7.8.0]
	at org.testng.internal.thread.ThreadUtil.lambda$execute$0(ThreadUtil.java:58) ~[testng-7.8.0.jar:7.8.0]
	at java.base/java.util.concurrent.FutureTask.run$$$capture(FutureTask.java:317) ~[?:?]
	at java.base/java.util.concurrent.FutureTask.run(FutureTask.java) ~[?:?]
	at java.base/java.util.concurrent.ThreadPoolExecutor.runWorker(ThreadPoolExecutor.java:1144) ~[?:?]
	at java.base/java.util.concurrent.ThreadPoolExecutor$Worker.run(ThreadPoolExecutor.java:642) ~[?:?]
	at java.base/java.lang.Thread.run(Thread.java:1583) [?:?]
=2025-04-05 08:08:50 [TestNG-tests-1] INFO  - Test Skipped: TextBoxPageTest => testTextBox
=2025-04-05 08:08:51 [TestNG-tests-1] INFO  - Closing the browser - Chrome
=2025-04-05 08:08:53 [TestNG-tests-1] INFO  - Opening the browser - Chrome
=2025-04-05 08:09:20 [TestNG-tests-1] INFO  - Clicked on elements.
=2025-04-05 08:09:20 [TestNG-tests-1] INFO  - Started Test: TextBoxPageTest => testTextBox
=2025-04-05 08:09:20 [TestNG-tests-1] INFO  - Clicked on text box.
=2025-04-05 08:09:22 [TestNG-tests-1] INFO  - Entered full name.Nurul Arifin
=2025-04-05 08:09:22 [TestNG-tests-1] INFO  - Entered email address.nurularifin@gmail.com
=2025-04-05 08:09:23 [TestNG-tests-1] INFO  - Entered the current address.Jl. Persada I no. 27, Jakarta Selatan.
=2025-04-05 08:09:23 [TestNG-tests-1] INFO  - Entered the permanent address.Jl. Persada I no. 27, Jakarta Selatan.
=2025-04-05 08:09:23 [TestNG-tests-1] INFO  - Clicked on the submit button.
=2025-04-05 08:09:23 [TestNG-tests-1] INFO  - Test Successful: TextBoxPageTest => testTextBox
=2025-04-05 08:09:24 [TestNG-tests-1] INFO  - Closing the browser - Chrome
=2025-04-05 08:13:33 [main] INFO  - Starting Execution for Test Suite => Orangehrm_Sanity_Suite with Tag => sanity1
=2025-04-05 08:13:33 [TestNG-tests-1] INFO  - Starting Execution for Test=> Orangehrm_LoginPage_Sanity_Test
=2025-04-05 08:13:36 [TestNG-tests-1] INFO  - Opening the browser - Chrome
=2025-04-05 08:13:42 [TestNG-tests-1] INFO  - Clicked on elements.
=2025-04-05 08:13:42 [TestNG-tests-1] INFO  - Started Test: TextBoxPageTest => testTextBox
=2025-04-05 08:13:42 [TestNG-tests-1] INFO  - Clicked on text box.
=2025-04-05 08:13:45 [TestNG-tests-1] INFO  - Entered full name.Nurul Arifin
=2025-04-05 08:13:45 [TestNG-tests-1] INFO  - Entered email address.nurularifin@gmail.com
=2025-04-05 08:13:45 [TestNG-tests-1] INFO  - Entered the current address.Jl. Persada I no. 27, Jakarta Selatan.
=2025-04-05 08:13:46 [TestNG-tests-1] INFO  - Entered the permanent address.Jl. Persada I no. 27, Jakarta Selatan.
=2025-04-05 08:13:47 [TestNG-tests-1] ERROR - Failed to click on submit button.
org.openqa.selenium.ElementClickInterceptedException: element click intercepted: Element <button id="submit" type="button" class="btn btn-primary">...</button> is not clickable at point (1364, 874). Other element would receive the click: <div id="adplus-anchor" data-google-query-id="CIm5zrPbv4wDFXJ0nQkdkoAzkA">...</div>
  (Session info: chrome=134.0.6998.178)
Build info: version: '4.28.1', revision: '73f5ad48a2'
System info: os.name: 'Windows 11', os.arch: 'amd64', os.version: '10.0', java.version: '21.0.6'
Driver info: org.openqa.selenium.chrome.ChromeDriver
Command: [5a243e9ee52cf9a76f1151fbd002be33, clickElement {id=f.DC0E86C9177CBAA012D5D2451490F592.d.B8E52B927C69F4177FF177A199C5B5B6.e.53}]
Capabilities {acceptInsecureCerts: false, browserName: chrome, browserVersion: 134.0.6998.178, chrome: {chromedriverVersion: 134.0.6998.165 (fd886e2cb29..., userDataDir: C:\Users\nurul\AppData\Loca...}, fedcm:accounts: true, goog:chromeOptions: {debuggerAddress: localhost:57059}, networkConnectionEnabled: false, pageLoadStrategy: normal, platformName: windows, proxy: Proxy(), se:cdp: ws://localhost:57059/devtoo..., se:cdpVersion: 134.0.6998.178, setWindowRect: true, strictFileInteractability: false, timeouts: {implicit: 0, pageLoad: 300000, script: 30000}, unhandledPromptBehavior: dismiss and notify, webauthn:extension:credBlob: true, webauthn:extension:largeBlob: true, webauthn:extension:minPinLength: true, webauthn:extension:prf: true, webauthn:virtualAuthenticators: true}
Element: [[ChromeDriver: chrome on windows (5a243e9ee52cf9a76f1151fbd002be33)] -> xpath: //button[@type='button' and text()='Submit']]
Session ID: 5a243e9ee52cf9a76f1151fbd002be33
	at java.base/jdk.internal.reflect.DirectConstructorHandleAccessor.newInstance(DirectConstructorHandleAccessor.java:62) ~[?:?]
	at java.base/java.lang.reflect.Constructor.newInstanceWithCaller(Constructor.java:502) ~[?:?]
	at java.base/java.lang.reflect.Constructor.newInstance(Constructor.java:486) ~[?:?]
	at org.openqa.selenium.remote.ErrorCodec.decode(ErrorCodec.java:167) ~[selenium-remote-driver-4.28.1.jar:?]
	at org.openqa.selenium.remote.codec.w3c.W3CHttpResponseCodec.decode(W3CHttpResponseCodec.java:138) ~[selenium-remote-driver-4.28.1.jar:?]
	at org.openqa.selenium.remote.codec.w3c.W3CHttpResponseCodec.decode(W3CHttpResponseCodec.java:50) ~[selenium-remote-driver-4.28.1.jar:?]
	at org.openqa.selenium.remote.HttpCommandExecutor.execute(HttpCommandExecutor.java:215) ~[selenium-remote-driver-4.28.1.jar:?]
	at org.openqa.selenium.remote.service.DriverCommandExecutor.invokeExecute(DriverCommandExecutor.java:216) ~[selenium-remote-driver-4.28.1.jar:?]
	at org.openqa.selenium.remote.service.DriverCommandExecutor.execute(DriverCommandExecutor.java:174) ~[selenium-remote-driver-4.28.1.jar:?]
	at org.openqa.selenium.remote.RemoteWebDriver.execute(RemoteWebDriver.java:545) ~[selenium-remote-driver-4.28.1.jar:?]
	at org.openqa.selenium.remote.RemoteWebElement.execute(RemoteWebElement.java:223) ~[selenium-remote-driver-4.28.1.jar:?]
	at org.openqa.selenium.remote.RemoteWebElement.click(RemoteWebElement.java:76) ~[selenium-remote-driver-4.28.1.jar:?]
	at java.base/jdk.internal.reflect.DirectMethodHandleAccessor.invoke(DirectMethodHandleAccessor.java:103) ~[?:?]
	at java.base/java.lang.reflect.Method.invoke(Method.java:580) ~[?:?]
	at org.openqa.selenium.support.pagefactory.internal.LocatingElementHandler.invoke(LocatingElementHandler.java:51) ~[selenium-support-4.28.1.jar:?]
	at jdk.proxy2/jdk.proxy2.$Proxy29.click(Unknown Source) ~[?:?]
	at com.demoqa.pages.elements.TextBoxPage.clickOnSubmitButton(TextBoxPage.java:127) ~[classes/:?]
	at com.demoqa.tests.elements.TextBoxPageTest.testTextBox(TextBoxPageTest.java:22) ~[test-classes/:?]
	at java.base/jdk.internal.reflect.DirectMethodHandleAccessor.invoke(DirectMethodHandleAccessor.java:103) ~[?:?]
	at java.base/java.lang.reflect.Method.invoke(Method.java:580) ~[?:?]
	at org.testng.internal.invokers.MethodInvocationHelper.invokeMethod(MethodInvocationHelper.java:139) ~[testng-7.8.0.jar:7.8.0]
	at org.testng.internal.invokers.TestInvoker.invokeMethod(TestInvoker.java:664) ~[testng-7.8.0.jar:7.8.0]
	at org.testng.internal.invokers.TestInvoker.invokeTestMethod(TestInvoker.java:227) ~[testng-7.8.0.jar:7.8.0]
	at org.testng.internal.invokers.MethodRunner.runInSequence(MethodRunner.java:50) ~[testng-7.8.0.jar:7.8.0]
	at org.testng.internal.invokers.TestInvoker$MethodInvocationAgent.invoke(TestInvoker.java:957) ~[testng-7.8.0.jar:7.8.0]
	at org.testng.internal.invokers.TestInvoker.invokeTestMethods(TestInvoker.java:200) ~[testng-7.8.0.jar:7.8.0]
	at org.testng.internal.invokers.TestMethodWorker.invokeTestMethods(TestMethodWorker.java:148) ~[testng-7.8.0.jar:7.8.0]
	at org.testng.internal.invokers.TestMethodWorker.run(TestMethodWorker.java:128) ~[testng-7.8.0.jar:7.8.0]
	at java.base/java.util.ArrayList.forEach(ArrayList.java:1596) ~[?:?]
	at org.testng.TestRunner.privateRun(TestRunner.java:848) ~[testng-7.8.0.jar:7.8.0]
	at org.testng.TestRunner.run(TestRunner.java:621) ~[testng-7.8.0.jar:7.8.0]
	at org.testng.SuiteRunner.runTest(SuiteRunner.java:443) ~[testng-7.8.0.jar:7.8.0]
	at org.testng.SuiteRunner$SuiteWorker.run(SuiteRunner.java:481) ~[testng-7.8.0.jar:7.8.0]
	at org.testng.internal.thread.ThreadUtil.lambda$execute$0(ThreadUtil.java:58) ~[testng-7.8.0.jar:7.8.0]
	at java.base/java.util.concurrent.FutureTask.run$$$capture(FutureTask.java:317) ~[?:?]
	at java.base/java.util.concurrent.FutureTask.run(FutureTask.java) ~[?:?]
	at java.base/java.util.concurrent.ThreadPoolExecutor.runWorker(ThreadPoolExecutor.java:1144) ~[?:?]
	at java.base/java.util.concurrent.ThreadPoolExecutor$Worker.run(ThreadPoolExecutor.java:642) ~[?:?]
	at java.base/java.lang.Thread.run(Thread.java:1583) [?:?]
=2025-04-05 08:13:47 [TestNG-tests-1] INFO  - Test Skipped: TextBoxPageTest => testTextBox
=2025-04-05 08:13:48 [TestNG-tests-1] INFO  - Closing the browser - Chrome
=2025-04-05 08:13:50 [TestNG-tests-1] INFO  - Opening the browser - Chrome
=2025-04-05 08:14:16 [TestNG-tests-1] INFO  - Clicked on elements.
=2025-04-05 08:14:16 [TestNG-tests-1] INFO  - Started Test: TextBoxPageTest => testTextBox
=2025-04-05 08:14:17 [TestNG-tests-1] INFO  - Clicked on text box.
=2025-04-05 08:14:19 [TestNG-tests-1] INFO  - Entered full name.Nurul Arifin
=2025-04-05 08:14:19 [TestNG-tests-1] INFO  - Entered email address.nurularifin@gmail.com
=2025-04-05 08:14:19 [TestNG-tests-1] INFO  - Entered the current address.Jl. Persada I no. 27, Jakarta Selatan.
=2025-04-05 08:14:20 [TestNG-tests-1] INFO  - Entered the permanent address.Jl. Persada I no. 27, Jakarta Selatan.
=2025-04-05 08:14:21 [TestNG-tests-1] ERROR - Failed to click on submit button.
org.openqa.selenium.ElementClickInterceptedException: element click intercepted: Element <button id="submit" type="button" class="btn btn-primary">...</button> is not clickable at point (1364, 874). Other element would receive the click: <div id="adplus-anchor" data-google-query-id="CJ319rnbv4wDFUqj2AUdbZQE6Q">...</div>
  (Session info: chrome=134.0.6998.178)
Build info: version: '4.28.1', revision: '73f5ad48a2'
System info: os.name: 'Windows 11', os.arch: 'amd64', os.version: '10.0', java.version: '21.0.6'
Driver info: org.openqa.selenium.chrome.ChromeDriver
Command: [ac2958a370ce3b956cc05fb4d70e9568, clickElement {id=f.BE11F98C0C3D4165076BD62278864D90.d.F48E10FAF8C90D8F6FB1CF252E9DA990.e.62}]
Capabilities {acceptInsecureCerts: false, browserName: chrome, browserVersion: 134.0.6998.178, chrome: {chromedriverVersion: 134.0.6998.165 (fd886e2cb29..., userDataDir: C:\Users\nurul\AppData\Loca...}, fedcm:accounts: true, goog:chromeOptions: {debuggerAddress: localhost:57179}, networkConnectionEnabled: false, pageLoadStrategy: normal, platformName: windows, proxy: Proxy(), se:cdp: ws://localhost:57179/devtoo..., se:cdpVersion: 134.0.6998.178, setWindowRect: true, strictFileInteractability: false, timeouts: {implicit: 0, pageLoad: 300000, script: 30000}, unhandledPromptBehavior: dismiss and notify, webauthn:extension:credBlob: true, webauthn:extension:largeBlob: true, webauthn:extension:minPinLength: true, webauthn:extension:prf: true, webauthn:virtualAuthenticators: true}
Element: [[ChromeDriver: chrome on windows (ac2958a370ce3b956cc05fb4d70e9568)] -> xpath: //button[@type='button' and text()='Submit']]
Session ID: ac2958a370ce3b956cc05fb4d70e9568
	at java.base/jdk.internal.reflect.DirectConstructorHandleAccessor.newInstance(DirectConstructorHandleAccessor.java:62) ~[?:?]
	at java.base/java.lang.reflect.Constructor.newInstanceWithCaller(Constructor.java:502) ~[?:?]
	at java.base/java.lang.reflect.Constructor.newInstance(Constructor.java:486) ~[?:?]
	at org.openqa.selenium.remote.ErrorCodec.decode(ErrorCodec.java:167) ~[selenium-remote-driver-4.28.1.jar:?]
	at org.openqa.selenium.remote.codec.w3c.W3CHttpResponseCodec.decode(W3CHttpResponseCodec.java:138) ~[selenium-remote-driver-4.28.1.jar:?]
	at org.openqa.selenium.remote.codec.w3c.W3CHttpResponseCodec.decode(W3CHttpResponseCodec.java:50) ~[selenium-remote-driver-4.28.1.jar:?]
	at org.openqa.selenium.remote.HttpCommandExecutor.execute(HttpCommandExecutor.java:215) ~[selenium-remote-driver-4.28.1.jar:?]
	at org.openqa.selenium.remote.service.DriverCommandExecutor.invokeExecute(DriverCommandExecutor.java:216) ~[selenium-remote-driver-4.28.1.jar:?]
	at org.openqa.selenium.remote.service.DriverCommandExecutor.execute(DriverCommandExecutor.java:174) ~[selenium-remote-driver-4.28.1.jar:?]
	at org.openqa.selenium.remote.RemoteWebDriver.execute(RemoteWebDriver.java:545) ~[selenium-remote-driver-4.28.1.jar:?]
	at org.openqa.selenium.remote.RemoteWebElement.execute(RemoteWebElement.java:223) ~[selenium-remote-driver-4.28.1.jar:?]
	at org.openqa.selenium.remote.RemoteWebElement.click(RemoteWebElement.java:76) ~[selenium-remote-driver-4.28.1.jar:?]
	at java.base/jdk.internal.reflect.DirectMethodHandleAccessor.invoke(DirectMethodHandleAccessor.java:103) ~[?:?]
	at java.base/java.lang.reflect.Method.invoke(Method.java:580) ~[?:?]
	at org.openqa.selenium.support.pagefactory.internal.LocatingElementHandler.invoke(LocatingElementHandler.java:51) ~[selenium-support-4.28.1.jar:?]
	at jdk.proxy2/jdk.proxy2.$Proxy29.click(Unknown Source) ~[?:?]
	at com.demoqa.pages.elements.TextBoxPage.clickOnSubmitButton(TextBoxPage.java:127) ~[classes/:?]
	at com.demoqa.tests.elements.TextBoxPageTest.testTextBox(TextBoxPageTest.java:22) ~[test-classes/:?]
	at java.base/jdk.internal.reflect.DirectMethodHandleAccessor.invoke(DirectMethodHandleAccessor.java:103) ~[?:?]
	at java.base/java.lang.reflect.Method.invoke(Method.java:580) ~[?:?]
	at org.testng.internal.invokers.MethodInvocationHelper.invokeMethod(MethodInvocationHelper.java:139) ~[testng-7.8.0.jar:7.8.0]
	at org.testng.internal.invokers.TestInvoker.invokeMethod(TestInvoker.java:664) ~[testng-7.8.0.jar:7.8.0]
	at org.testng.internal.invokers.TestInvoker.retryFailed(TestInvoker.java:248) ~[testng-7.8.0.jar:7.8.0]
	at org.testng.internal.invokers.MethodRunner.runInSequence(MethodRunner.java:62) ~[testng-7.8.0.jar:7.8.0]
	at org.testng.internal.invokers.TestInvoker$MethodInvocationAgent.invoke(TestInvoker.java:957) ~[testng-7.8.0.jar:7.8.0]
	at org.testng.internal.invokers.TestInvoker.invokeTestMethods(TestInvoker.java:200) ~[testng-7.8.0.jar:7.8.0]
	at org.testng.internal.invokers.TestMethodWorker.invokeTestMethods(TestMethodWorker.java:148) ~[testng-7.8.0.jar:7.8.0]
	at org.testng.internal.invokers.TestMethodWorker.run(TestMethodWorker.java:128) ~[testng-7.8.0.jar:7.8.0]
	at java.base/java.util.ArrayList.forEach(ArrayList.java:1596) ~[?:?]
	at org.testng.TestRunner.privateRun(TestRunner.java:848) ~[testng-7.8.0.jar:7.8.0]
	at org.testng.TestRunner.run(TestRunner.java:621) ~[testng-7.8.0.jar:7.8.0]
	at org.testng.SuiteRunner.runTest(SuiteRunner.java:443) ~[testng-7.8.0.jar:7.8.0]
	at org.testng.SuiteRunner$SuiteWorker.run(SuiteRunner.java:481) ~[testng-7.8.0.jar:7.8.0]
	at org.testng.internal.thread.ThreadUtil.lambda$execute$0(ThreadUtil.java:58) ~[testng-7.8.0.jar:7.8.0]
	at java.base/java.util.concurrent.FutureTask.run$$$capture(FutureTask.java:317) ~[?:?]
	at java.base/java.util.concurrent.FutureTask.run(FutureTask.java) ~[?:?]
	at java.base/java.util.concurrent.ThreadPoolExecutor.runWorker(ThreadPoolExecutor.java:1144) ~[?:?]
	at java.base/java.util.concurrent.ThreadPoolExecutor$Worker.run(ThreadPoolExecutor.java:642) ~[?:?]
	at java.base/java.lang.Thread.run(Thread.java:1583) [?:?]
=2025-04-05 08:14:21 [TestNG-tests-1] INFO  - Test Failed: TextBoxPageTest => testTextBox
=2025-04-05 08:14:22 [TestNG-tests-1] INFO  - Closing the browser - Chrome
=2025-04-05 08:18:03 [main] INFO  - Starting Execution for Test Suite => Orangehrm_Sanity_Suite with Tag => sanity1
=2025-04-05 08:18:03 [TestNG-tests-1] INFO  - Starting Execution for Test=> Orangehrm_LoginPage_Sanity_Test
=2025-04-05 08:18:08 [TestNG-tests-1] INFO  - Opening the browser - Chrome
=2025-04-05 08:18:14 [TestNG-tests-1] INFO  - Clicked on elements.
=2025-04-05 08:18:14 [TestNG-tests-1] INFO  - Started Test: TextBoxPageTest => testTextBox
=2025-04-05 08:18:16 [TestNG-tests-1] INFO  - Clicked on text box.
=2025-04-05 08:18:17 [TestNG-tests-1] INFO  - Entered full name.Nurul Arifin
=2025-04-05 08:18:17 [TestNG-tests-1] INFO  - Entered email address.nurularifin@gmail.com
=2025-04-05 08:18:17 [TestNG-tests-1] INFO  - Entered the current address.Jl. Persada I no. 27, Jakarta Selatan.
=2025-04-05 08:18:17 [TestNG-tests-1] INFO  - Entered the permanent address.Jl. Persada I no. 27, Jakarta Selatan.
=2025-04-05 08:18:18 [TestNG-tests-1] INFO  - Clicked on the submit button.
=2025-04-05 08:18:18 [TestNG-tests-1] INFO  - Test Successful: TextBoxPageTest => testTextBox
=2025-04-05 08:18:18 [TestNG-tests-1] INFO  - Closing the browser - Chrome
=2025-04-07 09:28:45 [main] INFO  - Starting Execution for Test Suite => Orangehrm_Sanity_Suite with Tag => sanity1
=2025-04-07 09:28:46 [TestNG-tests-1] INFO  - Starting Execution for Test=> Orangehrm_LoginPage_Sanity_Test
=2025-04-07 09:28:51 [TestNG-tests-1] INFO  - Opening the browser - Chrome
=2025-04-07 09:28:57 [TestNG-tests-1] INFO  - Clicked on elements.
=2025-04-07 09:28:57 [TestNG-tests-1] INFO  - Started Test: TextBoxPageTest => testTextBox
=2025-04-07 09:28:57 [TestNG-tests-1] INFO  - Clicked on text box.
=2025-04-07 09:29:00 [TestNG-tests-1] INFO  - Entered full name.Nurul Arifin
=2025-04-07 09:29:00 [TestNG-tests-1] INFO  - Entered email address.nurularifin@gmail.com
=2025-04-07 09:29:01 [TestNG-tests-1] INFO  - Entered the current address.Jl. Persada I no. 27, Jakarta Selatan.
=2025-04-07 09:29:01 [TestNG-tests-1] INFO  - Entered the permanent address.Jl. Persada I no. 27, Jakarta Selatan.
=2025-04-07 09:29:02 [TestNG-tests-1] INFO  - Clicked on the submit button.
=2025-04-07 09:29:02 [TestNG-tests-1] INFO  - Test Successful: TextBoxPageTest => testTextBox
=2025-04-07 09:29:02 [TestNG-tests-1] INFO  - Closing the browser - Chrome
=2025-04-07 09:29:13 [main] INFO  - Starting Execution for Test Suite => Orangehrm_Sanity_Suite with Tag => sanity1
=2025-04-07 09:29:14 [TestNG-tests-1] INFO  - Starting Execution for Test=> Orangehrm_LoginPage_Sanity_Test
=2025-04-07 09:29:17 [TestNG-tests-1] INFO  - Opening the browser - Chrome
=2025-04-07 09:29:22 [TestNG-tests-1] INFO  - Clicked on elements.
=2025-04-07 09:29:22 [TestNG-tests-1] INFO  - Started Test: TextBoxPageTest => testTextBox
=2025-04-07 09:29:23 [TestNG-tests-1] INFO  - Clicked on text box.
=2025-04-07 09:29:23 [TestNG-tests-1] INFO  - Entered full name.Nurul Arifin
=2025-04-07 09:29:24 [TestNG-tests-1] INFO  - Entered email address.nurularifin@gmail.com
=2025-04-07 09:29:25 [TestNG-tests-1] INFO  - Entered the current address.Jl. Persada I no. 27, Jakarta Selatan.
=2025-04-07 09:29:25 [TestNG-tests-1] INFO  - Entered the permanent address.Jl. Persada I no. 27, Jakarta Selatan.
=2025-04-07 09:29:26 [TestNG-tests-1] INFO  - Clicked on the submit button.
=2025-04-07 09:29:26 [TestNG-tests-1] INFO  - Test Successful: TextBoxPageTest => testTextBox
=2025-04-07 09:29:26 [TestNG-tests-1] INFO  - Closing the browser - Chrome
=2025-04-07 09:55:23 [main] INFO  - Starting Execution for Test Suite => Demoqa_Sanity_Suite with Tag => sanity1
=2025-04-07 09:55:23 [TestNG-tests-1] INFO  - Starting Execution for Test=> Demoqa_RadioButtonPage_Sanity_Test
=2025-04-07 09:55:26 [TestNG-tests-1] INFO  - Opening the browser - Chrome
=2025-04-07 09:55:31 [TestNG-tests-1] INFO  - Clicked on elements.
=2025-04-07 09:55:31 [TestNG-tests-1] INFO  - Started Test: RadioButtonPageTest => testClickOnRadioButtonMenu
=2025-04-07 09:55:32 [TestNG-tests-1] INFO  - Clicked on Radio Button Menu
=2025-04-07 09:55:44 [TestNG-tests-1] ERROR - Failed to click on Radio Button.
org.openqa.selenium.ElementClickInterceptedException: element click intercepted: Element <input type="radio" id="impressiveRadio" name="like" class="custom-control-input"> is not clickable at point (570, 573). Other element would receive the click: <label class="custom-control-label" for="impressiveRadio">...</label>
  (Session info: chrome=134.0.6998.178)
Build info: version: '4.28.1', revision: '73f5ad48a2'
System info: os.name: 'Windows 11', os.arch: 'amd64', os.version: '10.0', java.version: '21.0.6'
Driver info: org.openqa.selenium.chrome.ChromeDriver
Command: [cc6eb5b9e590b0ca027ee70a322d2fb9, clickElement {id=f.1F1E207E2DE275119BD412306CFA9329.d.1C88F0F8823CF908357F9B56BD460EEF.e.35}]
Capabilities {acceptInsecureCerts: false, browserName: chrome, browserVersion: 134.0.6998.178, chrome: {chromedriverVersion: 134.0.6998.165 (fd886e2cb29..., userDataDir: C:\Users\nurul\AppData\Loca...}, fedcm:accounts: true, goog:chromeOptions: {debuggerAddress: localhost:56221}, networkConnectionEnabled: false, pageLoadStrategy: normal, platformName: windows, proxy: Proxy(), se:cdp: ws://localhost:56221/devtoo..., se:cdpVersion: 134.0.6998.178, setWindowRect: true, strictFileInteractability: false, timeouts: {implicit: 0, pageLoad: 300000, script: 30000}, unhandledPromptBehavior: dismiss and notify, webauthn:extension:credBlob: true, webauthn:extension:largeBlob: true, webauthn:extension:minPinLength: true, webauthn:extension:prf: true, webauthn:virtualAuthenticators: true}
Element: [[ChromeDriver: chrome on windows (cc6eb5b9e590b0ca027ee70a322d2fb9)] -> xpath: //input[@id='impressiveRadio']]
Session ID: cc6eb5b9e590b0ca027ee70a322d2fb9
	at java.base/jdk.internal.reflect.DirectConstructorHandleAccessor.newInstance(DirectConstructorHandleAccessor.java:62) ~[?:?]
	at java.base/java.lang.reflect.Constructor.newInstanceWithCaller(Constructor.java:502) ~[?:?]
	at java.base/java.lang.reflect.Constructor.newInstance(Constructor.java:486) ~[?:?]
	at org.openqa.selenium.remote.ErrorCodec.decode(ErrorCodec.java:167) ~[selenium-remote-driver-4.28.1.jar:?]
	at org.openqa.selenium.remote.codec.w3c.W3CHttpResponseCodec.decode(W3CHttpResponseCodec.java:138) ~[selenium-remote-driver-4.28.1.jar:?]
	at org.openqa.selenium.remote.codec.w3c.W3CHttpResponseCodec.decode(W3CHttpResponseCodec.java:50) ~[selenium-remote-driver-4.28.1.jar:?]
	at org.openqa.selenium.remote.HttpCommandExecutor.execute(HttpCommandExecutor.java:215) ~[selenium-remote-driver-4.28.1.jar:?]
	at org.openqa.selenium.remote.service.DriverCommandExecutor.invokeExecute(DriverCommandExecutor.java:216) ~[selenium-remote-driver-4.28.1.jar:?]
	at org.openqa.selenium.remote.service.DriverCommandExecutor.execute(DriverCommandExecutor.java:174) ~[selenium-remote-driver-4.28.1.jar:?]
	at org.openqa.selenium.remote.RemoteWebDriver.execute(RemoteWebDriver.java:545) ~[selenium-remote-driver-4.28.1.jar:?]
	at org.openqa.selenium.remote.RemoteWebElement.execute(RemoteWebElement.java:223) ~[selenium-remote-driver-4.28.1.jar:?]
	at org.openqa.selenium.remote.RemoteWebElement.click(RemoteWebElement.java:76) ~[selenium-remote-driver-4.28.1.jar:?]
	at java.base/jdk.internal.reflect.DirectMethodHandleAccessor.invoke(DirectMethodHandleAccessor.java:103) ~[?:?]
	at java.base/java.lang.reflect.Method.invoke(Method.java:580) ~[?:?]
	at org.openqa.selenium.support.pagefactory.internal.LocatingElementHandler.invoke(LocatingElementHandler.java:51) ~[selenium-support-4.28.1.jar:?]
	at jdk.proxy2/jdk.proxy2.$Proxy29.click(Unknown Source) ~[?:?]
	at com.demoqa.pages.elements.RadioButtonPage.clickOnImpressiveRadio(RadioButtonPage.java:60) ~[classes/:?]
	at com.demoqa.tests.elements.RadioButtonPageTest.testClickOnRadioButtonMenu(RadioButtonPageTest.java:18) ~[test-classes/:?]
	at java.base/jdk.internal.reflect.DirectMethodHandleAccessor.invoke(DirectMethodHandleAccessor.java:103) ~[?:?]
	at java.base/java.lang.reflect.Method.invoke(Method.java:580) ~[?:?]
	at org.testng.internal.invokers.MethodInvocationHelper.invokeMethod(MethodInvocationHelper.java:139) ~[testng-7.8.0.jar:7.8.0]
	at org.testng.internal.invokers.TestInvoker.invokeMethod(TestInvoker.java:664) ~[testng-7.8.0.jar:7.8.0]
	at org.testng.internal.invokers.TestInvoker.invokeTestMethod(TestInvoker.java:227) ~[testng-7.8.0.jar:7.8.0]
	at org.testng.internal.invokers.MethodRunner.runInSequence(MethodRunner.java:50) ~[testng-7.8.0.jar:7.8.0]
	at org.testng.internal.invokers.TestInvoker$MethodInvocationAgent.invoke(TestInvoker.java:957) ~[testng-7.8.0.jar:7.8.0]
	at org.testng.internal.invokers.TestInvoker.invokeTestMethods(TestInvoker.java:200) ~[testng-7.8.0.jar:7.8.0]
	at org.testng.internal.invokers.TestMethodWorker.invokeTestMethods(TestMethodWorker.java:148) ~[testng-7.8.0.jar:7.8.0]
	at org.testng.internal.invokers.TestMethodWorker.run(TestMethodWorker.java:128) ~[testng-7.8.0.jar:7.8.0]
	at java.base/java.util.ArrayList.forEach(ArrayList.java:1596) ~[?:?]
	at org.testng.TestRunner.privateRun(TestRunner.java:848) ~[testng-7.8.0.jar:7.8.0]
	at org.testng.TestRunner.run(TestRunner.java:621) ~[testng-7.8.0.jar:7.8.0]
	at org.testng.SuiteRunner.runTest(SuiteRunner.java:443) ~[testng-7.8.0.jar:7.8.0]
	at org.testng.SuiteRunner$SuiteWorker.run(SuiteRunner.java:481) ~[testng-7.8.0.jar:7.8.0]
	at org.testng.internal.thread.ThreadUtil.lambda$execute$0(ThreadUtil.java:58) ~[testng-7.8.0.jar:7.8.0]
	at java.base/java.util.concurrent.FutureTask.run$$$capture(FutureTask.java:317) ~[?:?]
	at java.base/java.util.concurrent.FutureTask.run(FutureTask.java) ~[?:?]
	at java.base/java.util.concurrent.ThreadPoolExecutor.runWorker(ThreadPoolExecutor.java:1144) ~[?:?]
	at java.base/java.util.concurrent.ThreadPoolExecutor$Worker.run(ThreadPoolExecutor.java:642) ~[?:?]
	at java.base/java.lang.Thread.run(Thread.java:1583) [?:?]
=2025-04-07 09:55:44 [TestNG-tests-1] INFO  - Test Skipped: RadioButtonPageTest => testClickOnRadioButtonMenu
=2025-04-07 09:55:45 [TestNG-tests-1] INFO  - Closing the browser - Chrome
=2025-04-07 09:55:47 [TestNG-tests-1] INFO  - Opening the browser - Chrome
=2025-04-07 09:55:52 [TestNG-tests-1] INFO  - Clicked on elements.
=2025-04-07 09:55:52 [TestNG-tests-1] INFO  - Started Test: RadioButtonPageTest => testClickOnRadioButtonMenu
=2025-04-07 09:55:54 [TestNG-tests-1] INFO  - Clicked on Radio Button Menu
=2025-04-07 09:56:05 [TestNG-tests-1] ERROR - Failed to click on Radio Button.
org.openqa.selenium.ElementClickInterceptedException: element click intercepted: Element <input type="radio" id="impressiveRadio" name="like" class="custom-control-input"> is not clickable at point (570, 413). Other element would receive the click: <label class="custom-control-label" for="impressiveRadio">...</label>
  (Session info: chrome=134.0.6998.178)
Build info: version: '4.28.1', revision: '73f5ad48a2'
System info: os.name: 'Windows 11', os.arch: 'amd64', os.version: '10.0', java.version: '21.0.6'
Driver info: org.openqa.selenium.chrome.ChromeDriver
Command: [a17598b33f7dbdaadea01eec80da5550, clickElement {id=f.0483D412B80E0E3CA501849A1CCB03B9.d.425234A629D2485639A97DF236BDC0B0.e.53}]
Capabilities {acceptInsecureCerts: false, browserName: chrome, browserVersion: 134.0.6998.178, chrome: {chromedriverVersion: 134.0.6998.165 (fd886e2cb29..., userDataDir: C:\Users\nurul\AppData\Loca...}, fedcm:accounts: true, goog:chromeOptions: {debuggerAddress: localhost:56341}, networkConnectionEnabled: false, pageLoadStrategy: normal, platformName: windows, proxy: Proxy(), se:cdp: ws://localhost:56341/devtoo..., se:cdpVersion: 134.0.6998.178, setWindowRect: true, strictFileInteractability: false, timeouts: {implicit: 0, pageLoad: 300000, script: 30000}, unhandledPromptBehavior: dismiss and notify, webauthn:extension:credBlob: true, webauthn:extension:largeBlob: true, webauthn:extension:minPinLength: true, webauthn:extension:prf: true, webauthn:virtualAuthenticators: true}
Element: [[ChromeDriver: chrome on windows (a17598b33f7dbdaadea01eec80da5550)] -> xpath: //input[@id='impressiveRadio']]
Session ID: a17598b33f7dbdaadea01eec80da5550
	at java.base/jdk.internal.reflect.DirectConstructorHandleAccessor.newInstance(DirectConstructorHandleAccessor.java:62) ~[?:?]
	at java.base/java.lang.reflect.Constructor.newInstanceWithCaller(Constructor.java:502) ~[?:?]
	at java.base/java.lang.reflect.Constructor.newInstance(Constructor.java:486) ~[?:?]
	at org.openqa.selenium.remote.ErrorCodec.decode(ErrorCodec.java:167) ~[selenium-remote-driver-4.28.1.jar:?]
	at org.openqa.selenium.remote.codec.w3c.W3CHttpResponseCodec.decode(W3CHttpResponseCodec.java:138) ~[selenium-remote-driver-4.28.1.jar:?]
	at org.openqa.selenium.remote.codec.w3c.W3CHttpResponseCodec.decode(W3CHttpResponseCodec.java:50) ~[selenium-remote-driver-4.28.1.jar:?]
	at org.openqa.selenium.remote.HttpCommandExecutor.execute(HttpCommandExecutor.java:215) ~[selenium-remote-driver-4.28.1.jar:?]
	at org.openqa.selenium.remote.service.DriverCommandExecutor.invokeExecute(DriverCommandExecutor.java:216) ~[selenium-remote-driver-4.28.1.jar:?]
	at org.openqa.selenium.remote.service.DriverCommandExecutor.execute(DriverCommandExecutor.java:174) ~[selenium-remote-driver-4.28.1.jar:?]
	at org.openqa.selenium.remote.RemoteWebDriver.execute(RemoteWebDriver.java:545) ~[selenium-remote-driver-4.28.1.jar:?]
	at org.openqa.selenium.remote.RemoteWebElement.execute(RemoteWebElement.java:223) ~[selenium-remote-driver-4.28.1.jar:?]
	at org.openqa.selenium.remote.RemoteWebElement.click(RemoteWebElement.java:76) ~[selenium-remote-driver-4.28.1.jar:?]
	at java.base/jdk.internal.reflect.DirectMethodHandleAccessor.invoke(DirectMethodHandleAccessor.java:103) ~[?:?]
	at java.base/java.lang.reflect.Method.invoke(Method.java:580) ~[?:?]
	at org.openqa.selenium.support.pagefactory.internal.LocatingElementHandler.invoke(LocatingElementHandler.java:51) ~[selenium-support-4.28.1.jar:?]
	at jdk.proxy2/jdk.proxy2.$Proxy29.click(Unknown Source) ~[?:?]
	at com.demoqa.pages.elements.RadioButtonPage.clickOnImpressiveRadio(RadioButtonPage.java:60) ~[classes/:?]
	at com.demoqa.tests.elements.RadioButtonPageTest.testClickOnRadioButtonMenu(RadioButtonPageTest.java:18) ~[test-classes/:?]
	at java.base/jdk.internal.reflect.DirectMethodHandleAccessor.invoke(DirectMethodHandleAccessor.java:103) ~[?:?]
	at java.base/java.lang.reflect.Method.invoke(Method.java:580) ~[?:?]
	at org.testng.internal.invokers.MethodInvocationHelper.invokeMethod(MethodInvocationHelper.java:139) ~[testng-7.8.0.jar:7.8.0]
	at org.testng.internal.invokers.TestInvoker.invokeMethod(TestInvoker.java:664) ~[testng-7.8.0.jar:7.8.0]
	at org.testng.internal.invokers.TestInvoker.retryFailed(TestInvoker.java:248) ~[testng-7.8.0.jar:7.8.0]
	at org.testng.internal.invokers.MethodRunner.runInSequence(MethodRunner.java:62) ~[testng-7.8.0.jar:7.8.0]
	at org.testng.internal.invokers.TestInvoker$MethodInvocationAgent.invoke(TestInvoker.java:957) ~[testng-7.8.0.jar:7.8.0]
	at org.testng.internal.invokers.TestInvoker.invokeTestMethods(TestInvoker.java:200) ~[testng-7.8.0.jar:7.8.0]
	at org.testng.internal.invokers.TestMethodWorker.invokeTestMethods(TestMethodWorker.java:148) ~[testng-7.8.0.jar:7.8.0]
	at org.testng.internal.invokers.TestMethodWorker.run(TestMethodWorker.java:128) ~[testng-7.8.0.jar:7.8.0]
	at java.base/java.util.ArrayList.forEach(ArrayList.java:1596) ~[?:?]
	at org.testng.TestRunner.privateRun(TestRunner.java:848) ~[testng-7.8.0.jar:7.8.0]
	at org.testng.TestRunner.run(TestRunner.java:621) ~[testng-7.8.0.jar:7.8.0]
	at org.testng.SuiteRunner.runTest(SuiteRunner.java:443) ~[testng-7.8.0.jar:7.8.0]
	at org.testng.SuiteRunner$SuiteWorker.run(SuiteRunner.java:481) ~[testng-7.8.0.jar:7.8.0]
	at org.testng.internal.thread.ThreadUtil.lambda$execute$0(ThreadUtil.java:58) ~[testng-7.8.0.jar:7.8.0]
	at java.base/java.util.concurrent.FutureTask.run$$$capture(FutureTask.java:317) ~[?:?]
	at java.base/java.util.concurrent.FutureTask.run(FutureTask.java) ~[?:?]
	at java.base/java.util.concurrent.ThreadPoolExecutor.runWorker(ThreadPoolExecutor.java:1144) ~[?:?]
	at java.base/java.util.concurrent.ThreadPoolExecutor$Worker.run(ThreadPoolExecutor.java:642) ~[?:?]
	at java.base/java.lang.Thread.run(Thread.java:1583) [?:?]
=2025-04-07 09:56:05 [TestNG-tests-1] INFO  - Test Failed: RadioButtonPageTest => testClickOnRadioButtonMenu
=2025-04-07 09:56:07 [TestNG-tests-1] INFO  - Closing the browser - Chrome
=2025-04-07 09:57:25 [main] INFO  - Starting Execution for Test Suite => Default Suite with Tag => 
=2025-04-07 09:57:26 [main] INFO  - Starting Execution for Test=> demoqa-automation
=2025-04-07 09:57:30 [main] INFO  - Opening the browser - Chrome
=2025-04-07 09:57:36 [main] INFO  - Clicked on elements.
=2025-04-07 09:57:37 [main] INFO  - Clicked on Radio Button Menu
=2025-04-07 09:57:48 [main] INFO  - Clicked on impressiveRadio.
=2025-04-07 10:00:37 [main] INFO  - Starting Execution for Test Suite => Default Suite with Tag => 
=2025-04-07 10:00:38 [main] INFO  - Starting Execution for Test=> demoqa-automation
=2025-04-07 10:00:42 [main] INFO  - Opening the browser - Chrome
=2025-04-07 10:00:49 [main] INFO  - Clicked on elements.
=2025-04-07 10:00:51 [main] INFO  - Clicked on Radio Button Menu
=2025-04-07 10:01:01 [main] INFO  - Clicked on impressiveRadio.
=2025-04-07 23:08:14 [main] INFO  - Starting Execution for Test Suite => Demoqa_Sanity_Suite with Tag => sanity1
=2025-04-07 23:08:15 [TestNG-tests-1] INFO  - Starting Execution for Test=> Demoqa_RadioButtonPage_Sanity_Test
=2025-04-07 23:08:19 [TestNG-tests-1] INFO  - Opening the browser - Chrome
=2025-04-07 23:08:23 [TestNG-tests-1] INFO  - Clicked on elements.
=2025-04-07 23:08:23 [TestNG-tests-1] INFO  - Started Test: RadioButtonPageTest => testClickOnRadioButtonMenu
=2025-04-07 23:08:23 [TestNG-tests-1] INFO  - Clicked on Radio Button Menu
=2025-04-07 23:08:34 [TestNG-tests-1] INFO  - Clicked on impressiveRadio.
=2025-04-07 23:08:34 [TestNG-tests-1] INFO  - Test Successful: RadioButtonPageTest => testClickOnRadioButtonMenu
=2025-04-07 23:08:34 [TestNG-tests-1] INFO  - Closing the browser - Chrome
=2025-04-07 23:25:28 [main] INFO  - Starting Execution for Test Suite => Demoqa_Sanity_Suite with Tag => sanity1
=2025-04-07 23:25:28 [TestNG-tests-1] INFO  - Starting Execution for Test=> Demoqa_RadioButtonPage_Sanity_Test
=2025-04-07 23:25:31 [TestNG-tests-1] INFO  - Opening the browser - Chrome
=2025-04-07 23:25:36 [TestNG-tests-1] INFO  - Clicked on elements.
=2025-04-07 23:25:36 [TestNG-tests-1] INFO  - Started Test: RadioButtonPageTest => testClickOnRadioButtonMenu
=2025-04-07 23:25:36 [TestNG-tests-1] INFO  - Clicked on Radio Button Menu
=2025-04-07 23:25:46 [TestNG-tests-1] INFO  - Clicked on impressiveRadio.
=2025-04-07 23:25:46 [TestNG-tests-1] INFO  - Test Successful: RadioButtonPageTest => testClickOnRadioButtonMenu
=2025-04-07 23:25:47 [TestNG-tests-1] INFO  - Closing the browser - Chrome
=2025-04-07 23:26:40 [main] INFO  - Starting Execution for Test Suite => Demoqa_Sanity_Suite with Tag => sanity1
=2025-04-07 23:26:40 [TestNG-tests-1] INFO  - Starting Execution for Test=> Demoqa_RadioButtonPage_Sanity_Test
=2025-04-07 23:26:42 [TestNG-tests-1] INFO  - Opening the browser - Chrome
=2025-04-07 23:26:47 [TestNG-tests-1] INFO  - Clicked on elements.
=2025-04-07 23:26:47 [TestNG-tests-1] INFO  - Started Test: RadioButtonPageTest => testClickOnRadioButtonMenu
=2025-04-07 23:26:48 [TestNG-tests-1] INFO  - Clicked on Radio Button Menu
=2025-04-07 23:26:58 [TestNG-tests-1] INFO  - Clicked on impressiveRadio.
=2025-04-07 23:26:58 [TestNG-tests-1] INFO  - Test Successful: RadioButtonPageTest => testClickOnRadioButtonMenu
=2025-04-07 23:26:59 [TestNG-tests-1] INFO  - Closing the browser - Chrome
=2025-04-07 23:27:48 [main] INFO  - Starting Execution for Test Suite => Demoqa_Sanity_Suite with Tag => sanity1
=2025-04-07 23:27:48 [TestNG-tests-1] INFO  - Starting Execution for Test=> Demoqa_RadioButtonPage_Sanity_Test
=2025-04-07 23:27:51 [TestNG-tests-1] INFO  - Opening the browser - Chrome
=2025-04-07 23:27:55 [TestNG-tests-1] INFO  - Clicked on elements.
=2025-04-07 23:27:55 [TestNG-tests-1] INFO  - Started Test: RadioButtonPageTest => testClickOnRadioButtonMenu
=2025-04-07 23:27:55 [TestNG-tests-1] INFO  - Clicked on Radio Button Menu
=2025-04-07 23:28:05 [TestNG-tests-1] INFO  - Clicked on impressiveRadio.
=2025-04-07 23:28:05 [TestNG-tests-1] INFO  - Test Successful: RadioButtonPageTest => testClickOnRadioButtonMenu
=2025-04-07 23:28:06 [TestNG-tests-1] INFO  - Closing the browser - Chrome
=2025-04-07 23:37:40 [main] INFO  - Starting Execution for Test Suite => Demoqa_Sanity_Suite with Tag => sanity1
=2025-04-07 23:37:41 [TestNG-tests-1] INFO  - Starting Execution for Test=> Demoqa_RadioButtonPage_Sanity_Test
=2025-04-07 23:37:43 [TestNG-tests-1] INFO  - Opening the browser - Chrome
=2025-04-07 23:37:47 [TestNG-tests-1] INFO  - Clicked on elements.
=2025-04-07 23:37:47 [TestNG-tests-1] INFO  - Started Test: RadioButtonPageTest => testClickOnRadioButtonMenu
=2025-04-07 23:37:47 [TestNG-tests-1] INFO  - Clicked on Radio Button Menu
=2025-04-07 23:37:58 [TestNG-tests-1] INFO  - Clicked on impressiveRadio.
=2025-04-07 23:37:58 [TestNG-tests-1] INFO  - Test Successful: RadioButtonPageTest => testClickOnRadioButtonMenu
=2025-04-07 23:37:58 [TestNG-tests-1] INFO  - Closing the browser - Chrome
=2025-04-08 00:19:39 [main] INFO  - Starting Execution for Test Suite => Demoqa_Sanity_Suite with Tag => sanity1
=2025-04-08 00:19:39 [TestNG-tests-1] INFO  - Starting Execution for Test=> Demoqa_RadioButtonPage_Sanity_Test
=2025-04-08 00:19:45 [TestNG-tests-1] INFO  - Opening the browser - Chrome
=2025-04-08 00:19:50 [TestNG-tests-1] INFO  - Clicked on elements.
=2025-04-08 00:19:50 [TestNG-tests-1] INFO  - Started Test: RadioButtonPageTest => testClickOnRadioButtonMenu
=2025-04-08 00:19:50 [TestNG-tests-1] INFO  - Clicked on Radio Button Menu
=2025-04-08 00:20:00 [TestNG-tests-1] INFO  - Clicked on impressiveRadio.
=2025-04-08 00:20:00 [TestNG-tests-1] INFO  - Test Skipped: RadioButtonPageTest => testClickOnRadioButtonMenu
=2025-04-08 00:20:01 [TestNG-tests-1] INFO  - Closing the browser - Chrome
=2025-04-08 00:20:03 [TestNG-tests-1] INFO  - Opening the browser - Chrome
=2025-04-08 00:20:07 [TestNG-tests-1] INFO  - Clicked on elements.
=2025-04-08 00:20:07 [TestNG-tests-1] INFO  - Started Test: RadioButtonPageTest => testClickOnRadioButtonMenu
=2025-04-08 00:20:08 [TestNG-tests-1] INFO  - Clicked on Radio Button Menu
=2025-04-08 00:20:18 [TestNG-tests-1] INFO  - Clicked on impressiveRadio.
=2025-04-08 00:20:18 [TestNG-tests-1] INFO  - Test Failed: RadioButtonPageTest => testClickOnRadioButtonMenu
=2025-04-08 00:20:18 [TestNG-tests-1] INFO  - Closing the browser - Chrome
=2025-04-08 00:21:02 [main] INFO  - Starting Execution for Test Suite => Demoqa_Sanity_Suite with Tag => sanity1
=2025-04-08 00:21:02 [TestNG-tests-1] INFO  - Starting Execution for Test=> Demoqa_RadioButtonPage_Sanity_Test
=2025-04-08 00:21:04 [TestNG-tests-1] INFO  - Opening the browser - Chrome
=2025-04-08 00:21:09 [TestNG-tests-1] INFO  - Clicked on elements.
=2025-04-08 00:21:09 [TestNG-tests-1] INFO  - Started Test: RadioButtonPageTest => testClickOnRadioButtonMenu
=2025-04-08 00:21:09 [TestNG-tests-1] INFO  - Clicked on Radio Button Menu
=2025-04-08 00:21:20 [TestNG-tests-1] INFO  - Clicked on impressiveRadio.
=2025-04-08 00:21:20 [TestNG-tests-1] INFO  - Test Successful: RadioButtonPageTest => testClickOnRadioButtonMenu
=2025-04-08 00:21:20 [TestNG-tests-1] INFO  - Closing the browser - Chrome
=2025-04-09 08:49:59 [main] INFO  - Starting Execution for Test Suite => Demoqa_Sanity_Suite with Tag => sanity1
=2025-04-09 08:50:00 [TestNG-tests-1] INFO  - Starting Execution for Test=> Demoqa_WebTablesPage_Sanity_Test
=2025-04-09 08:50:10 [TestNG-tests-1] INFO  - Opening the browser - Chrome
=2025-04-09 08:50:17 [TestNG-tests-1] INFO  - Clicked on elements.
=2025-04-09 08:50:17 [TestNG-tests-1] INFO  - Started Test: WebTablesPageTest => testSearchBox
=2025-04-09 08:50:18 [TestNG-tests-1] INFO  - Clicked on Web Table Menu.
=2025-04-09 08:50:19 [TestNG-tests-1] INFO  - Entered a key word in search box: Alden
=2025-04-09 08:50:19 [TestNG-tests-1] INFO  - Test Successful: WebTablesPageTest => testSearchBox
=2025-04-09 08:50:20 [TestNG-tests-1] INFO  - Closing the browser - Chrome
=2025-04-09 08:54:29 [main] INFO  - Starting Execution for Test Suite => Demoqa_Sanity_Suite with Tag => sanity1
=2025-04-09 08:54:29 [TestNG-tests-1] INFO  - Starting Execution for Test=> Demoqa_WebTablesPage_Sanity_Test
=2025-04-09 08:54:34 [TestNG-tests-1] INFO  - Opening the browser - Chrome
=2025-04-09 08:54:50 [TestNG-tests-1] INFO  - Clicked on elements.
=2025-04-09 08:54:50 [TestNG-tests-1] INFO  - Started Test: WebTablesPageTest => testSearchBox
=2025-04-09 08:54:53 [TestNG-tests-1] INFO  - Clicked on Web Table Menu.
=2025-04-09 08:54:53 [TestNG-tests-1] INFO  - Entered a key word in search box: Alden
=2025-04-09 08:54:54 [TestNG-tests-1] INFO  - Test Successful: WebTablesPageTest => testSearchBox
=2025-04-09 08:54:54 [TestNG-tests-1] INFO  - Closing the browser - Chrome
=2025-04-09 08:57:15 [main] INFO  - Starting Execution for Test Suite => Demoqa_Sanity_Suite with Tag => sanity1
=2025-04-09 08:57:15 [TestNG-tests-1] INFO  - Starting Execution for Test=> Demoqa_WebTablesPage_Sanity_Test
=2025-04-09 08:57:19 [TestNG-tests-1] INFO  - Opening the browser - Chrome
=2025-04-09 08:57:25 [TestNG-tests-1] INFO  - Clicked on elements.
=2025-04-09 08:57:25 [TestNG-tests-1] INFO  - Started Test: WebTablesPageTest => testSearchBox
=2025-04-09 08:57:26 [TestNG-tests-1] INFO  - Clicked on Web Table Menu.
=2025-04-09 08:57:28 [TestNG-tests-1] INFO  - Entered a key word in search box: Alden
=2025-04-09 08:57:29 [TestNG-tests-1] INFO  - Test Successful: WebTablesPageTest => testSearchBox
=2025-04-09 08:57:30 [TestNG-tests-1] INFO  - Closing the browser - Chrome
=2025-04-09 08:57:54 [main] INFO  - Starting Execution for Test Suite => Demoqa_Sanity_Suite with Tag => sanity1
=2025-04-09 08:57:55 [TestNG-tests-1] INFO  - Starting Execution for Test=> Demoqa_WebTablesPage_Sanity_Test
=2025-04-09 08:57:59 [TestNG-tests-1] INFO  - Opening the browser - Chrome
=2025-04-09 08:58:25 [TestNG-tests-1] INFO  - Clicked on elements.
=2025-04-09 08:58:25 [TestNG-tests-1] INFO  - Started Test: WebTablesPageTest => testSearchBox
=2025-04-09 08:58:28 [TestNG-tests-1] INFO  - Clicked on Web Table Menu.
=2025-04-09 08:58:28 [TestNG-tests-1] INFO  - Entered a key word in search box: Alden
=2025-04-09 08:58:28 [TestNG-tests-1] INFO  - Test Skipped: WebTablesPageTest => testSearchBox
=2025-04-09 08:58:29 [TestNG-tests-1] INFO  - Closing the browser - Chrome
=2025-04-09 08:58:32 [TestNG-tests-1] INFO  - Opening the browser - Chrome
=2025-04-09 08:58:58 [TestNG-tests-1] INFO  - Clicked on elements.
=2025-04-09 08:58:58 [TestNG-tests-1] INFO  - Started Test: WebTablesPageTest => testSearchBox
=2025-04-09 08:59:02 [TestNG-tests-1] INFO  - Clicked on Web Table Menu.
=2025-04-09 08:59:02 [TestNG-tests-1] INFO  - Entered a key word in search box: Alden
=2025-04-09 08:59:02 [TestNG-tests-1] INFO  - Test Failed: WebTablesPageTest => testSearchBox
=2025-04-09 08:59:04 [TestNG-tests-1] INFO  - Closing the browser - Chrome
=2025-04-09 23:21:41 [main] INFO  - Starting Execution for Test Suite => Demoqa_Sanity_Suite with Tag => sanity1
=2025-04-09 23:21:41 [TestNG-tests-1] INFO  - Starting Execution for Test=> Demoqa_WebTablesPage_Sanity_Test
=2025-04-09 23:21:45 [TestNG-tests-1] INFO  - Opening the browser - Chrome
=2025-04-09 23:21:50 [TestNG-tests-1] INFO  - Clicked on elements.
=2025-04-09 23:21:50 [TestNG-tests-1] INFO  - Started Test: WebTablesPageTest => testSearchBox
=2025-04-09 23:21:50 [TestNG-tests-1] INFO  - Clicked on Web Table Menu.
=2025-04-09 23:21:51 [TestNG-tests-1] INFO  - Entered a key word in search box: Alden
=2025-04-09 23:21:51 [TestNG-tests-1] INFO  - Test Successful: WebTablesPageTest => testSearchBox
=2025-04-09 23:21:52 [TestNG-tests-1] INFO  - Closing the browser - Chrome
=2025-04-10 00:01:15 [main] INFO  - Starting Execution for Test Suite => Demoqa_Sanity_Suite with Tag => sanity1
=2025-04-10 00:01:16 [TestNG-tests-1] INFO  - Starting Execution for Test=> Demoqa_WebTablesPage_Sanity_Test
=2025-04-10 00:01:18 [TestNG-tests-1] INFO  - Opening the browser - Chrome
=2025-04-10 00:01:23 [TestNG-tests-1] INFO  - Clicked on elements.
=2025-04-10 00:01:23 [TestNG-tests-1] INFO  - Started Test: WebTablesPageTest => testRegistrationForm
=2025-04-10 00:01:23 [TestNG-tests-1] INFO  - Clicked on Web Table Menu.
=2025-04-10 00:01:24 [TestNG-tests-1] INFO  - Clicked on add button.
=2025-04-10 00:01:24 [TestNG-tests-1] INFO  - Entered the first name: Nurul
=2025-04-10 00:01:25 [TestNG-tests-1] INFO  - Entered the last name: Lijah
=2025-04-10 00:01:25 [TestNG-tests-1] INFO  - Entered the email: nurullijah@gmail.com
=2025-04-10 00:01:25 [TestNG-tests-1] INFO  - Entered the age: 32
=2025-04-10 00:01:25 [TestNG-tests-1] INFO  - Entered the salary: 5000.000
=2025-04-10 00:01:25 [TestNG-tests-1] INFO  - Entered the department: Finance
=2025-04-10 00:01:26 [TestNG-tests-1] INFO  - Clicked on submit button.
=2025-04-10 00:01:36 [TestNG-tests-1] INFO  - Test Skipped: WebTablesPageTest => testRegistrationForm
=2025-04-10 00:01:36 [TestNG-tests-1] INFO  - Closing the browser - Chrome
=2025-04-10 00:01:38 [TestNG-tests-1] INFO  - Opening the browser - Chrome
=2025-04-10 00:01:45 [TestNG-tests-1] INFO  - Clicked on elements.
=2025-04-10 00:01:45 [TestNG-tests-1] INFO  - Started Test: WebTablesPageTest => testRegistrationForm
=2025-04-10 00:01:45 [TestNG-tests-1] INFO  - Clicked on Web Table Menu.
=2025-04-10 00:01:46 [TestNG-tests-1] INFO  - Clicked on add button.
=2025-04-10 00:01:46 [TestNG-tests-1] INFO  - Entered the first name: Nurul
=2025-04-10 00:01:46 [TestNG-tests-1] INFO  - Entered the last name: Lijah
=2025-04-10 00:01:47 [TestNG-tests-1] INFO  - Entered the email: nurullijah@gmail.com
=2025-04-10 00:01:47 [TestNG-tests-1] INFO  - Entered the age: 32
=2025-04-10 00:01:47 [TestNG-tests-1] INFO  - Entered the salary: 5000.000
=2025-04-10 00:01:47 [TestNG-tests-1] INFO  - Entered the department: Finance
=2025-04-10 00:01:48 [TestNG-tests-1] INFO  - Clicked on submit button.
=2025-04-10 00:01:58 [TestNG-tests-1] INFO  - Test Failed: WebTablesPageTest => testRegistrationForm
=2025-04-10 00:01:59 [TestNG-tests-1] INFO  - Closing the browser - Chrome
=2025-04-10 00:02:01 [TestNG-tests-1] INFO  - Opening the browser - Chrome
=2025-04-10 00:02:05 [TestNG-tests-1] INFO  - Clicked on elements.
=2025-04-10 00:02:05 [TestNG-tests-1] INFO  - Started Test: WebTablesPageTest => testSearchBox
=2025-04-10 00:02:05 [TestNG-tests-1] INFO  - Clicked on Web Table Menu.
=2025-04-10 00:02:06 [TestNG-tests-1] INFO  - Entered a key word in search box: Alden
=2025-04-10 00:02:06 [TestNG-tests-1] INFO  - Test Successful: WebTablesPageTest => testSearchBox
=2025-04-10 00:02:07 [TestNG-tests-1] INFO  - Closing the browser - Chrome
=2025-04-10 00:02:40 [main] INFO  - Starting Execution for Test Suite => Demoqa_Sanity_Suite with Tag => sanity1
=2025-04-10 00:02:40 [TestNG-tests-1] INFO  - Starting Execution for Test=> Demoqa_WebTablesPage_Sanity_Test
=2025-04-10 00:02:42 [TestNG-tests-1] INFO  - Opening the browser - Chrome
=2025-04-10 00:02:48 [TestNG-tests-1] INFO  - Clicked on elements.
=2025-04-10 00:02:48 [TestNG-tests-1] INFO  - Started Test: WebTablesPageTest => testRegistrationForm
=2025-04-10 00:02:48 [TestNG-tests-1] INFO  - Clicked on Web Table Menu.
=2025-04-10 00:02:49 [TestNG-tests-1] INFO  - Clicked on add button.
=2025-04-10 00:02:50 [TestNG-tests-1] INFO  - Entered the first name: Nurul
=2025-04-10 00:02:50 [TestNG-tests-1] INFO  - Entered the last name: Lijah
=2025-04-10 00:02:50 [TestNG-tests-1] INFO  - Entered the email: nurullijah@gmail.com
=2025-04-10 00:02:50 [TestNG-tests-1] INFO  - Entered the age: 32
=2025-04-10 00:02:51 [TestNG-tests-1] INFO  - Entered the salary: 5000000
=2025-04-10 00:02:51 [TestNG-tests-1] INFO  - Entered the department: Finance
=2025-04-10 00:02:51 [TestNG-tests-1] INFO  - Clicked on submit button.
=2025-04-10 00:02:51 [TestNG-tests-1] INFO  - Test Successful: WebTablesPageTest => testRegistrationForm
=2025-04-10 00:02:52 [TestNG-tests-1] INFO  - Closing the browser - Chrome
=2025-04-10 00:03:58 [main] INFO  - Starting Execution for Test Suite => Demoqa_Sanity_Suite with Tag => sanity1
=2025-04-10 00:03:58 [TestNG-tests-1] INFO  - Starting Execution for Test=> Demoqa_WebTablesPage_Sanity_Test
=2025-04-10 00:04:01 [TestNG-tests-1] INFO  - Opening the browser - Chrome
=2025-04-10 00:04:06 [TestNG-tests-1] INFO  - Clicked on elements.
=2025-04-10 00:04:06 [TestNG-tests-1] INFO  - Started Test: WebTablesPageTest => testRegistrationForm
=2025-04-10 00:04:06 [TestNG-tests-1] INFO  - Clicked on Web Table Menu.
=2025-04-10 00:04:07 [TestNG-tests-1] INFO  - Clicked on add button.
=2025-04-10 00:04:07 [TestNG-tests-1] INFO  - Entered the first name: Nurul
=2025-04-10 00:04:07 [TestNG-tests-1] INFO  - Entered the last name: Lijah
=2025-04-10 00:04:08 [TestNG-tests-1] INFO  - Entered the email: nurullijah@gmail.com
=2025-04-10 00:04:09 [TestNG-tests-1] INFO  - Entered the age: 32
=2025-04-10 00:04:09 [TestNG-tests-1] INFO  - Entered the salary: 5000000
=2025-04-10 00:04:09 [TestNG-tests-1] INFO  - Entered the department: Finance
=2025-04-10 00:04:09 [TestNG-tests-1] INFO  - Clicked on submit button.
=2025-04-10 00:04:09 [TestNG-tests-1] INFO  - Test Skipped: WebTablesPageTest => testRegistrationForm
=2025-04-10 00:04:10 [TestNG-tests-1] INFO  - Closing the browser - Chrome
=2025-04-10 00:04:11 [TestNG-tests-1] INFO  - Opening the browser - Chrome
=2025-04-10 00:05:09 [TestNG-tests-1] ERROR - Failed to click on elements.
org.openqa.selenium.NoSuchElementException: no such element: Unable to locate element: {"method":"xpath","selector":"//div[@class='card-body']//h5[text()='Elements']"}
  (Session info: chrome=135.0.7049.42)
For documentation on this error, please visit: https://www.selenium.dev/documentation/webdriver/troubleshooting/errors#no-such-element-exception
Build info: version: '4.28.1', revision: '73f5ad48a2'
System info: os.name: 'Windows 11', os.arch: 'amd64', os.version: '10.0', java.version: '21.0.6'
Driver info: org.openqa.selenium.chrome.ChromeDriver
Command: [d1a5d82feae9fdb8d391ee59ec7c5c69, findElement {value=//div[@class='card-body']//h5[text()='Elements'], using=xpath}]
Capabilities {acceptInsecureCerts: false, browserName: chrome, browserVersion: 135.0.7049.42, chrome: {chromedriverVersion: 135.0.7049.84 (6c019e560019..., userDataDir: C:\Users\nurul\AppData\Loca...}, fedcm:accounts: true, goog:chromeOptions: {debuggerAddress: localhost:52265}, networkConnectionEnabled: false, pageLoadStrategy: normal, platformName: windows, proxy: Proxy(), se:cdp: ws://localhost:52265/devtoo..., se:cdpVersion: 135.0.7049.42, setWindowRect: true, strictFileInteractability: false, timeouts: {implicit: 0, pageLoad: 300000, script: 30000}, unhandledPromptBehavior: dismiss and notify, webauthn:extension:credBlob: true, webauthn:extension:largeBlob: true, webauthn:extension:minPinLength: true, webauthn:extension:prf: true, webauthn:virtualAuthenticators: true}
Session ID: d1a5d82feae9fdb8d391ee59ec7c5c69
	at java.base/jdk.internal.reflect.DirectConstructorHandleAccessor.newInstance(DirectConstructorHandleAccessor.java:62) ~[?:?]
	at java.base/java.lang.reflect.Constructor.newInstanceWithCaller(Constructor.java:502) ~[?:?]
	at java.base/java.lang.reflect.Constructor.newInstance(Constructor.java:486) ~[?:?]
	at org.openqa.selenium.remote.ErrorCodec.decode(ErrorCodec.java:167) ~[selenium-remote-driver-4.28.1.jar:?]
	at org.openqa.selenium.remote.codec.w3c.W3CHttpResponseCodec.decode(W3CHttpResponseCodec.java:138) ~[selenium-remote-driver-4.28.1.jar:?]
	at org.openqa.selenium.remote.codec.w3c.W3CHttpResponseCodec.decode(W3CHttpResponseCodec.java:50) ~[selenium-remote-driver-4.28.1.jar:?]
	at org.openqa.selenium.remote.HttpCommandExecutor.execute(HttpCommandExecutor.java:215) ~[selenium-remote-driver-4.28.1.jar:?]
	at org.openqa.selenium.remote.service.DriverCommandExecutor.invokeExecute(DriverCommandExecutor.java:216) ~[selenium-remote-driver-4.28.1.jar:?]
	at org.openqa.selenium.remote.service.DriverCommandExecutor.execute(DriverCommandExecutor.java:174) ~[selenium-remote-driver-4.28.1.jar:?]
	at org.openqa.selenium.remote.RemoteWebDriver.execute(RemoteWebDriver.java:545) ~[selenium-remote-driver-4.28.1.jar:?]
	at org.openqa.selenium.remote.ElementLocation$ElementFinder$2.findElement(ElementLocation.java:165) ~[selenium-remote-driver-4.28.1.jar:?]
	at org.openqa.selenium.remote.ElementLocation.findElement(ElementLocation.java:59) ~[selenium-remote-driver-4.28.1.jar:?]
	at org.openqa.selenium.remote.RemoteWebDriver.findElement(RemoteWebDriver.java:368) ~[selenium-remote-driver-4.28.1.jar:?]
	at org.openqa.selenium.remote.RemoteWebDriver.findElement(RemoteWebDriver.java:362) ~[selenium-remote-driver-4.28.1.jar:?]
	at org.openqa.selenium.support.pagefactory.DefaultElementLocator.findElement(DefaultElementLocator.java:68) ~[selenium-support-4.28.1.jar:?]
	at org.openqa.selenium.support.pagefactory.internal.LocatingElementHandler.invoke(LocatingElementHandler.java:38) ~[selenium-support-4.28.1.jar:?]
	at jdk.proxy2/jdk.proxy2.$Proxy29.click(Unknown Source) ~[?:?]
	at com.demoqa.pages.HomePage.clickOnElements(HomePage.java:71) ~[classes/:?]
	at com.demoqa.tests.elements.WebTablesPageTest.setUpPage(WebTablesPageTest.java:13) ~[test-classes/:?]
	at java.base/jdk.internal.reflect.DirectMethodHandleAccessor.invoke(DirectMethodHandleAccessor.java:103) ~[?:?]
	at java.base/java.lang.reflect.Method.invoke(Method.java:580) ~[?:?]
	at org.testng.internal.invokers.MethodInvocationHelper.invokeMethod(MethodInvocationHelper.java:139) ~[testng-7.8.0.jar:7.8.0]
	at org.testng.internal.invokers.MethodInvocationHelper.invokeMethodConsideringTimeout(MethodInvocationHelper.java:69) ~[testng-7.8.0.jar:7.8.0]
	at org.testng.internal.invokers.ConfigInvoker.invokeConfigurationMethod(ConfigInvoker.java:390) ~[testng-7.8.0.jar:7.8.0]
	at org.testng.internal.invokers.ConfigInvoker.invokeConfigurations(ConfigInvoker.java:325) ~[testng-7.8.0.jar:7.8.0]
	at org.testng.internal.invokers.TestInvoker.runConfigMethods(TestInvoker.java:810) ~[testng-7.8.0.jar:7.8.0]
	at org.testng.internal.invokers.TestInvoker.invokeMethod(TestInvoker.java:577) ~[testng-7.8.0.jar:7.8.0]
	at org.testng.internal.invokers.TestInvoker.retryFailed(TestInvoker.java:248) ~[testng-7.8.0.jar:7.8.0]
	at org.testng.internal.invokers.MethodRunner.runInSequence(MethodRunner.java:62) ~[testng-7.8.0.jar:7.8.0]
	at org.testng.internal.invokers.TestInvoker$MethodInvocationAgent.invoke(TestInvoker.java:957) ~[testng-7.8.0.jar:7.8.0]
	at org.testng.internal.invokers.TestInvoker.invokeTestMethods(TestInvoker.java:200) ~[testng-7.8.0.jar:7.8.0]
	at org.testng.internal.invokers.TestMethodWorker.invokeTestMethods(TestMethodWorker.java:148) ~[testng-7.8.0.jar:7.8.0]
	at org.testng.internal.invokers.TestMethodWorker.run(TestMethodWorker.java:128) ~[testng-7.8.0.jar:7.8.0]
	at java.base/java.util.ArrayList.forEach(ArrayList.java:1596) ~[?:?]
	at org.testng.TestRunner.privateRun(TestRunner.java:848) ~[testng-7.8.0.jar:7.8.0]
	at org.testng.TestRunner.run(TestRunner.java:621) ~[testng-7.8.0.jar:7.8.0]
	at org.testng.SuiteRunner.runTest(SuiteRunner.java:443) ~[testng-7.8.0.jar:7.8.0]
	at org.testng.SuiteRunner$SuiteWorker.run(SuiteRunner.java:481) ~[testng-7.8.0.jar:7.8.0]
	at org.testng.internal.thread.ThreadUtil.lambda$execute$0(ThreadUtil.java:58) ~[testng-7.8.0.jar:7.8.0]
	at java.base/java.util.concurrent.FutureTask.run$$$capture(FutureTask.java:317) ~[?:?]
	at java.base/java.util.concurrent.FutureTask.run(FutureTask.java) ~[?:?]
	at java.base/java.util.concurrent.ThreadPoolExecutor.runWorker(ThreadPoolExecutor.java:1144) ~[?:?]
	at java.base/java.util.concurrent.ThreadPoolExecutor$Worker.run(ThreadPoolExecutor.java:642) ~[?:?]
	at java.base/java.lang.Thread.run(Thread.java:1583) [?:?]
=2025-04-10 00:05:09 [TestNG-tests-1] INFO  - Started Test: WebTablesPageTest => testRegistrationForm
=2025-04-10 00:05:19 [TestNG-tests-1] ERROR - Failed to click on menu.
org.openqa.selenium.NoSuchElementException: no such element: Unable to locate element: {"method":"xpath","selector":"//li[@id='item-3']//span[text()='Web Tables']"}
  (Session info: chrome=135.0.7049.42)
For documentation on this error, please visit: https://www.selenium.dev/documentation/webdriver/troubleshooting/errors#no-such-element-exception
Build info: version: '4.28.1', revision: '73f5ad48a2'
System info: os.name: 'Windows 11', os.arch: 'amd64', os.version: '10.0', java.version: '21.0.6'
Driver info: org.openqa.selenium.chrome.ChromeDriver
Command: [d1a5d82feae9fdb8d391ee59ec7c5c69, findElement {value=//li[@id='item-3']//span[text()='Web Tables'], using=xpath}]
Capabilities {acceptInsecureCerts: false, browserName: chrome, browserVersion: 135.0.7049.42, chrome: {chromedriverVersion: 135.0.7049.84 (6c019e560019..., userDataDir: C:\Users\nurul\AppData\Loca...}, fedcm:accounts: true, goog:chromeOptions: {debuggerAddress: localhost:52265}, networkConnectionEnabled: false, pageLoadStrategy: normal, platformName: windows, proxy: Proxy(), se:cdp: ws://localhost:52265/devtoo..., se:cdpVersion: 135.0.7049.42, setWindowRect: true, strictFileInteractability: false, timeouts: {implicit: 0, pageLoad: 300000, script: 30000}, unhandledPromptBehavior: dismiss and notify, webauthn:extension:credBlob: true, webauthn:extension:largeBlob: true, webauthn:extension:minPinLength: true, webauthn:extension:prf: true, webauthn:virtualAuthenticators: true}
Session ID: d1a5d82feae9fdb8d391ee59ec7c5c69
	at java.base/jdk.internal.reflect.DirectConstructorHandleAccessor.newInstance(DirectConstructorHandleAccessor.java:62) ~[?:?]
	at java.base/java.lang.reflect.Constructor.newInstanceWithCaller(Constructor.java:502) ~[?:?]
	at java.base/java.lang.reflect.Constructor.newInstance(Constructor.java:486) ~[?:?]
	at org.openqa.selenium.remote.ErrorCodec.decode(ErrorCodec.java:167) ~[selenium-remote-driver-4.28.1.jar:?]
	at org.openqa.selenium.remote.codec.w3c.W3CHttpResponseCodec.decode(W3CHttpResponseCodec.java:138) ~[selenium-remote-driver-4.28.1.jar:?]
	at org.openqa.selenium.remote.codec.w3c.W3CHttpResponseCodec.decode(W3CHttpResponseCodec.java:50) ~[selenium-remote-driver-4.28.1.jar:?]
	at org.openqa.selenium.remote.HttpCommandExecutor.execute(HttpCommandExecutor.java:215) ~[selenium-remote-driver-4.28.1.jar:?]
	at org.openqa.selenium.remote.service.DriverCommandExecutor.invokeExecute(DriverCommandExecutor.java:216) ~[selenium-remote-driver-4.28.1.jar:?]
	at org.openqa.selenium.remote.service.DriverCommandExecutor.execute(DriverCommandExecutor.java:174) ~[selenium-remote-driver-4.28.1.jar:?]
	at org.openqa.selenium.remote.RemoteWebDriver.execute(RemoteWebDriver.java:545) ~[selenium-remote-driver-4.28.1.jar:?]
	at org.openqa.selenium.remote.ElementLocation$ElementFinder$2.findElement(ElementLocation.java:165) ~[selenium-remote-driver-4.28.1.jar:?]
	at org.openqa.selenium.remote.ElementLocation.findElement(ElementLocation.java:59) ~[selenium-remote-driver-4.28.1.jar:?]
	at org.openqa.selenium.remote.RemoteWebDriver.findElement(RemoteWebDriver.java:368) ~[selenium-remote-driver-4.28.1.jar:?]
	at org.openqa.selenium.remote.RemoteWebDriver.findElement(RemoteWebDriver.java:362) ~[selenium-remote-driver-4.28.1.jar:?]
	at org.openqa.selenium.support.pagefactory.DefaultElementLocator.findElement(DefaultElementLocator.java:68) ~[selenium-support-4.28.1.jar:?]
	at org.openqa.selenium.support.pagefactory.internal.LocatingElementHandler.invoke(LocatingElementHandler.java:38) ~[selenium-support-4.28.1.jar:?]
	at jdk.proxy2/jdk.proxy2.$Proxy29.click(Unknown Source) ~[?:?]
	at com.demoqa.pages.elements.WebTablesPage.clickOnWebTableMenu(WebTablesPage.java:211) ~[classes/:?]
	at com.demoqa.tests.elements.WebTablesPageTest.testRegistrationForm(WebTablesPageTest.java:26) ~[test-classes/:?]
	at java.base/jdk.internal.reflect.DirectMethodHandleAccessor.invoke(DirectMethodHandleAccessor.java:103) ~[?:?]
	at java.base/java.lang.reflect.Method.invoke(Method.java:580) ~[?:?]
	at org.testng.internal.invokers.MethodInvocationHelper.invokeMethod(MethodInvocationHelper.java:139) ~[testng-7.8.0.jar:7.8.0]
	at org.testng.internal.invokers.TestInvoker.invokeMethod(TestInvoker.java:664) ~[testng-7.8.0.jar:7.8.0]
	at org.testng.internal.invokers.TestInvoker.retryFailed(TestInvoker.java:248) ~[testng-7.8.0.jar:7.8.0]
	at org.testng.internal.invokers.MethodRunner.runInSequence(MethodRunner.java:62) ~[testng-7.8.0.jar:7.8.0]
	at org.testng.internal.invokers.TestInvoker$MethodInvocationAgent.invoke(TestInvoker.java:957) ~[testng-7.8.0.jar:7.8.0]
	at org.testng.internal.invokers.TestInvoker.invokeTestMethods(TestInvoker.java:200) ~[testng-7.8.0.jar:7.8.0]
	at org.testng.internal.invokers.TestMethodWorker.invokeTestMethods(TestMethodWorker.java:148) ~[testng-7.8.0.jar:7.8.0]
	at org.testng.internal.invokers.TestMethodWorker.run(TestMethodWorker.java:128) ~[testng-7.8.0.jar:7.8.0]
	at java.base/java.util.ArrayList.forEach(ArrayList.java:1596) ~[?:?]
	at org.testng.TestRunner.privateRun(TestRunner.java:848) ~[testng-7.8.0.jar:7.8.0]
	at org.testng.TestRunner.run(TestRunner.java:621) ~[testng-7.8.0.jar:7.8.0]
	at org.testng.SuiteRunner.runTest(SuiteRunner.java:443) ~[testng-7.8.0.jar:7.8.0]
	at org.testng.SuiteRunner$SuiteWorker.run(SuiteRunner.java:481) ~[testng-7.8.0.jar:7.8.0]
	at org.testng.internal.thread.ThreadUtil.lambda$execute$0(ThreadUtil.java:58) ~[testng-7.8.0.jar:7.8.0]
	at java.base/java.util.concurrent.FutureTask.run$$$capture(FutureTask.java:317) ~[?:?]
	at java.base/java.util.concurrent.FutureTask.run(FutureTask.java) ~[?:?]
	at java.base/java.util.concurrent.ThreadPoolExecutor.runWorker(ThreadPoolExecutor.java:1144) ~[?:?]
	at java.base/java.util.concurrent.ThreadPoolExecutor$Worker.run(ThreadPoolExecutor.java:642) ~[?:?]
	at java.base/java.lang.Thread.run(Thread.java:1583) [?:?]
=2025-04-10 00:05:19 [TestNG-tests-1] INFO  - Test Failed: WebTablesPageTest => testRegistrationForm
=2025-04-10 00:05:20 [TestNG-tests-1] INFO  - Closing the browser - Chrome
=2025-04-10 00:07:12 [main] INFO  - Starting Execution for Test Suite => Demoqa_Sanity_Suite with Tag => sanity1
=2025-04-10 00:07:13 [TestNG-tests-1] INFO  - Starting Execution for Test=> Demoqa_WebTablesPage_Sanity_Test
=2025-04-10 00:07:15 [TestNG-tests-1] INFO  - Opening the browser - Chrome
=2025-04-10 00:07:20 [TestNG-tests-1] INFO  - Clicked on elements.
=2025-04-10 00:07:20 [TestNG-tests-1] INFO  - Started Test: WebTablesPageTest => testRegistrationForm
=2025-04-10 00:07:20 [TestNG-tests-1] INFO  - Clicked on Web Table Menu.
=2025-04-10 00:07:21 [TestNG-tests-1] INFO  - Clicked on add button.
=2025-04-10 00:07:21 [TestNG-tests-1] INFO  - Entered the first name: Nurul
=2025-04-10 00:07:21 [TestNG-tests-1] INFO  - Entered the last name: Lijah
=2025-04-10 00:07:22 [TestNG-tests-1] INFO  - Entered the email: nurullijah@gmail.com
=2025-04-10 00:07:22 [TestNG-tests-1] INFO  - Entered the age: 32
=2025-04-10 00:07:22 [TestNG-tests-1] INFO  - Entered the salary: 5000000
=2025-04-10 00:07:22 [TestNG-tests-1] INFO  - Entered the department: Finance
=2025-04-10 00:07:23 [TestNG-tests-1] INFO  - Clicked on submit button.
=2025-04-10 00:07:23 [TestNG-tests-1] INFO  - Test Successful: WebTablesPageTest => testRegistrationForm
=2025-04-10 00:07:23 [TestNG-tests-1] INFO  - Closing the browser - Chrome
=2025-04-15 19:13:18 [main] INFO  - Starting Execution for Test Suite => Demoqa_Sanity_Suite with Tag => sanity1
=2025-04-15 19:13:19 [TestNG-tests-1] INFO  - Starting Execution for Test=> Demoqa_WebTablesPage_Sanity_Test
=2025-04-15 19:13:25 [TestNG-tests-1] INFO  - Opening the browser - Chrome
=2025-04-15 19:13:32 [TestNG-tests-1] INFO  - Clicked on elements.
=2025-04-15 19:13:32 [TestNG-tests-1] INFO  - Started Test: WebTablesPageTest => testRegistrationForm
=2025-04-15 19:13:33 [TestNG-tests-1] INFO  - Clicked on Web Table Menu.
=2025-04-15 19:13:33 [TestNG-tests-1] INFO  - Clicked on add button.
=2025-04-15 19:13:36 [TestNG-tests-1] INFO  - Entered the first name: Nurul
=2025-04-15 19:13:36 [TestNG-tests-1] INFO  - Entered the last name: Lijah
=2025-04-15 19:13:37 [TestNG-tests-1] INFO  - Entered the email: nurullijah@gmail.com
=2025-04-15 19:13:37 [TestNG-tests-1] INFO  - Entered the age: 32
=2025-04-15 19:13:38 [TestNG-tests-1] INFO  - Entered the salary: 5000000
=2025-04-15 19:13:38 [TestNG-tests-1] INFO  - Entered the department: Finance
=2025-04-15 19:13:38 [TestNG-tests-1] INFO  - Clicked on submit button.
=2025-04-15 19:13:39 [TestNG-tests-1] INFO  - Test Successful: WebTablesPageTest => testRegistrationForm
=2025-04-15 19:13:40 [TestNG-tests-1] INFO  - Closing the browser - Chrome
=2025-04-15 21:39:03 [main] INFO  - Starting Execution for Test Suite => Demoqa_Sanity_Suite with Tag => sanity1
=2025-04-15 21:39:03 [TestNG-tests-1] INFO  - Starting Execution for Test=> Demoqa_ButtonsPageTest_Sanity_Test
=2025-04-15 21:39:07 [TestNG-tests-1] INFO  - Opening the browser - Chrome
=2025-04-15 21:39:19 [TestNG-tests-1] INFO  - Clicked on elements.
=2025-04-15 21:39:19 [TestNG-tests-1] INFO  - Started Test: ButtonsPageTest => clickOnButtons
=2025-04-15 21:39:20 [TestNG-tests-1] INFO  - Clicked on Buttons menu.
=2025-04-15 21:39:30 [TestNG-tests-1] ERROR - Failed to click on Click Me button.
org.openqa.selenium.NoSuchElementException: no such element: Unable to locate element: {"method":"xpath","selector":"//p[@id='dynamicClickMessage']"}
  (Session info: chrome=135.0.7049.85)
For documentation on this error, please visit: https://www.selenium.dev/documentation/webdriver/troubleshooting/errors#no-such-element-exception
Build info: version: '4.28.1', revision: '73f5ad48a2'
System info: os.name: 'Windows 11', os.arch: 'amd64', os.version: '10.0', java.version: '21.0.6'
Driver info: org.openqa.selenium.chrome.ChromeDriver
Command: [a1d597949378e3fd3d8374f44a6a6a3e, findElement {using=xpath, value=//p[@id='dynamicClickMessage']}]
Capabilities {acceptInsecureCerts: false, browserName: chrome, browserVersion: 135.0.7049.85, chrome: {chromedriverVersion: 135.0.7049.84 (6c019e560019..., userDataDir: C:\Users\nurul\AppData\Loca...}, fedcm:accounts: true, goog:chromeOptions: {debuggerAddress: localhost:53930}, networkConnectionEnabled: false, pageLoadStrategy: normal, platformName: windows, proxy: Proxy(), se:cdp: ws://localhost:53930/devtoo..., se:cdpVersion: 135.0.7049.85, setWindowRect: true, strictFileInteractability: false, timeouts: {implicit: 0, pageLoad: 300000, script: 30000}, unhandledPromptBehavior: dismiss and notify, webauthn:extension:credBlob: true, webauthn:extension:largeBlob: true, webauthn:extension:minPinLength: true, webauthn:extension:prf: true, webauthn:virtualAuthenticators: true}
Session ID: a1d597949378e3fd3d8374f44a6a6a3e
	at java.base/jdk.internal.reflect.DirectConstructorHandleAccessor.newInstance(DirectConstructorHandleAccessor.java:62) ~[?:?]
	at java.base/java.lang.reflect.Constructor.newInstanceWithCaller(Constructor.java:502) ~[?:?]
	at java.base/java.lang.reflect.Constructor.newInstance(Constructor.java:486) ~[?:?]
	at org.openqa.selenium.remote.ErrorCodec.decode(ErrorCodec.java:167) ~[selenium-remote-driver-4.28.1.jar:?]
	at org.openqa.selenium.remote.codec.w3c.W3CHttpResponseCodec.decode(W3CHttpResponseCodec.java:138) ~[selenium-remote-driver-4.28.1.jar:?]
	at org.openqa.selenium.remote.codec.w3c.W3CHttpResponseCodec.decode(W3CHttpResponseCodec.java:50) ~[selenium-remote-driver-4.28.1.jar:?]
	at org.openqa.selenium.remote.HttpCommandExecutor.execute(HttpCommandExecutor.java:215) ~[selenium-remote-driver-4.28.1.jar:?]
	at org.openqa.selenium.remote.service.DriverCommandExecutor.invokeExecute(DriverCommandExecutor.java:216) ~[selenium-remote-driver-4.28.1.jar:?]
	at org.openqa.selenium.remote.service.DriverCommandExecutor.execute(DriverCommandExecutor.java:174) ~[selenium-remote-driver-4.28.1.jar:?]
	at org.openqa.selenium.remote.RemoteWebDriver.execute(RemoteWebDriver.java:545) ~[selenium-remote-driver-4.28.1.jar:?]
	at org.openqa.selenium.remote.ElementLocation$ElementFinder$2.findElement(ElementLocation.java:165) ~[selenium-remote-driver-4.28.1.jar:?]
	at org.openqa.selenium.remote.ElementLocation.findElement(ElementLocation.java:59) ~[selenium-remote-driver-4.28.1.jar:?]
	at org.openqa.selenium.remote.RemoteWebDriver.findElement(RemoteWebDriver.java:368) ~[selenium-remote-driver-4.28.1.jar:?]
	at org.openqa.selenium.remote.RemoteWebDriver.findElement(RemoteWebDriver.java:362) ~[selenium-remote-driver-4.28.1.jar:?]
	at org.openqa.selenium.support.pagefactory.DefaultElementLocator.findElement(DefaultElementLocator.java:68) ~[selenium-support-4.28.1.jar:?]
	at org.openqa.selenium.support.pagefactory.internal.LocatingElementHandler.invoke(LocatingElementHandler.java:38) ~[selenium-support-4.28.1.jar:?]
	at jdk.proxy2/jdk.proxy2.$Proxy29.click(Unknown Source) ~[?:?]
	at com.demoqa.pages.elements.ButtonsPage.clickOnClickMeButton(ButtonsPage.java:51) ~[classes/:?]
	at com.demoqa.tests.elements.ButtonsPageTest.clickOnButtons(ButtonsPageTest.java:18) ~[test-classes/:?]
	at java.base/jdk.internal.reflect.DirectMethodHandleAccessor.invoke(DirectMethodHandleAccessor.java:103) ~[?:?]
	at java.base/java.lang.reflect.Method.invoke(Method.java:580) ~[?:?]
	at org.testng.internal.invokers.MethodInvocationHelper.invokeMethod(MethodInvocationHelper.java:139) ~[testng-7.8.0.jar:7.8.0]
	at org.testng.internal.invokers.TestInvoker.invokeMethod(TestInvoker.java:664) ~[testng-7.8.0.jar:7.8.0]
	at org.testng.internal.invokers.TestInvoker.invokeTestMethod(TestInvoker.java:227) ~[testng-7.8.0.jar:7.8.0]
	at org.testng.internal.invokers.MethodRunner.runInSequence(MethodRunner.java:50) ~[testng-7.8.0.jar:7.8.0]
	at org.testng.internal.invokers.TestInvoker$MethodInvocationAgent.invoke(TestInvoker.java:957) ~[testng-7.8.0.jar:7.8.0]
	at org.testng.internal.invokers.TestInvoker.invokeTestMethods(TestInvoker.java:200) ~[testng-7.8.0.jar:7.8.0]
	at org.testng.internal.invokers.TestMethodWorker.invokeTestMethods(TestMethodWorker.java:148) ~[testng-7.8.0.jar:7.8.0]
	at org.testng.internal.invokers.TestMethodWorker.run(TestMethodWorker.java:128) ~[testng-7.8.0.jar:7.8.0]
	at java.base/java.util.ArrayList.forEach(ArrayList.java:1596) ~[?:?]
	at org.testng.TestRunner.privateRun(TestRunner.java:848) ~[testng-7.8.0.jar:7.8.0]
	at org.testng.TestRunner.run(TestRunner.java:621) ~[testng-7.8.0.jar:7.8.0]
	at org.testng.SuiteRunner.runTest(SuiteRunner.java:443) ~[testng-7.8.0.jar:7.8.0]
	at org.testng.SuiteRunner$SuiteWorker.run(SuiteRunner.java:481) ~[testng-7.8.0.jar:7.8.0]
	at org.testng.internal.thread.ThreadUtil.lambda$execute$0(ThreadUtil.java:58) ~[testng-7.8.0.jar:7.8.0]
	at java.base/java.util.concurrent.FutureTask.run$$$capture(FutureTask.java:317) ~[?:?]
	at java.base/java.util.concurrent.FutureTask.run(FutureTask.java) ~[?:?]
	at java.base/java.util.concurrent.ThreadPoolExecutor.runWorker(ThreadPoolExecutor.java:1144) ~[?:?]
	at java.base/java.util.concurrent.ThreadPoolExecutor$Worker.run(ThreadPoolExecutor.java:642) ~[?:?]
	at java.base/java.lang.Thread.run(Thread.java:1583) [?:?]
=2025-04-15 21:39:30 [TestNG-tests-1] INFO  - Test Skipped: ButtonsPageTest => clickOnButtons
=2025-04-15 21:39:30 [TestNG-tests-1] INFO  - Closing the browser - Chrome
=2025-04-15 21:39:32 [TestNG-tests-1] INFO  - Opening the browser - Chrome
=2025-04-15 21:40:02 [TestNG-tests-1] INFO  - Clicked on elements.
=2025-04-15 21:40:02 [TestNG-tests-1] INFO  - Started Test: ButtonsPageTest => clickOnButtons
=2025-04-15 21:40:02 [TestNG-tests-1] INFO  - Clicked on Buttons menu.
=2025-04-15 21:40:12 [TestNG-tests-1] ERROR - Failed to click on Click Me button.
org.openqa.selenium.NoSuchElementException: no such element: Unable to locate element: {"method":"xpath","selector":"//p[@id='dynamicClickMessage']"}
  (Session info: chrome=135.0.7049.85)
For documentation on this error, please visit: https://www.selenium.dev/documentation/webdriver/troubleshooting/errors#no-such-element-exception
Build info: version: '4.28.1', revision: '73f5ad48a2'
System info: os.name: 'Windows 11', os.arch: 'amd64', os.version: '10.0', java.version: '21.0.6'
Driver info: org.openqa.selenium.chrome.ChromeDriver
Command: [f1b1fc15b20a00801faaa7a586caa5a1, findElement {using=xpath, value=//p[@id='dynamicClickMessage']}]
Capabilities {acceptInsecureCerts: false, browserName: chrome, browserVersion: 135.0.7049.85, chrome: {chromedriverVersion: 135.0.7049.84 (6c019e560019..., userDataDir: C:\Users\nurul\AppData\Loca...}, fedcm:accounts: true, goog:chromeOptions: {debuggerAddress: localhost:54075}, networkConnectionEnabled: false, pageLoadStrategy: normal, platformName: windows, proxy: Proxy(), se:cdp: ws://localhost:54075/devtoo..., se:cdpVersion: 135.0.7049.85, setWindowRect: true, strictFileInteractability: false, timeouts: {implicit: 0, pageLoad: 300000, script: 30000}, unhandledPromptBehavior: dismiss and notify, webauthn:extension:credBlob: true, webauthn:extension:largeBlob: true, webauthn:extension:minPinLength: true, webauthn:extension:prf: true, webauthn:virtualAuthenticators: true}
Session ID: f1b1fc15b20a00801faaa7a586caa5a1
	at java.base/jdk.internal.reflect.DirectConstructorHandleAccessor.newInstance(DirectConstructorHandleAccessor.java:62) ~[?:?]
	at java.base/java.lang.reflect.Constructor.newInstanceWithCaller(Constructor.java:502) ~[?:?]
	at java.base/java.lang.reflect.Constructor.newInstance(Constructor.java:486) ~[?:?]
	at org.openqa.selenium.remote.ErrorCodec.decode(ErrorCodec.java:167) ~[selenium-remote-driver-4.28.1.jar:?]
	at org.openqa.selenium.remote.codec.w3c.W3CHttpResponseCodec.decode(W3CHttpResponseCodec.java:138) ~[selenium-remote-driver-4.28.1.jar:?]
	at org.openqa.selenium.remote.codec.w3c.W3CHttpResponseCodec.decode(W3CHttpResponseCodec.java:50) ~[selenium-remote-driver-4.28.1.jar:?]
	at org.openqa.selenium.remote.HttpCommandExecutor.execute(HttpCommandExecutor.java:215) ~[selenium-remote-driver-4.28.1.jar:?]
	at org.openqa.selenium.remote.service.DriverCommandExecutor.invokeExecute(DriverCommandExecutor.java:216) ~[selenium-remote-driver-4.28.1.jar:?]
	at org.openqa.selenium.remote.service.DriverCommandExecutor.execute(DriverCommandExecutor.java:174) ~[selenium-remote-driver-4.28.1.jar:?]
	at org.openqa.selenium.remote.RemoteWebDriver.execute(RemoteWebDriver.java:545) ~[selenium-remote-driver-4.28.1.jar:?]
	at org.openqa.selenium.remote.ElementLocation$ElementFinder$2.findElement(ElementLocation.java:165) ~[selenium-remote-driver-4.28.1.jar:?]
	at org.openqa.selenium.remote.ElementLocation.findElement(ElementLocation.java:59) ~[selenium-remote-driver-4.28.1.jar:?]
	at org.openqa.selenium.remote.RemoteWebDriver.findElement(RemoteWebDriver.java:368) ~[selenium-remote-driver-4.28.1.jar:?]
	at org.openqa.selenium.remote.RemoteWebDriver.findElement(RemoteWebDriver.java:362) ~[selenium-remote-driver-4.28.1.jar:?]
	at org.openqa.selenium.support.pagefactory.DefaultElementLocator.findElement(DefaultElementLocator.java:68) ~[selenium-support-4.28.1.jar:?]
	at org.openqa.selenium.support.pagefactory.internal.LocatingElementHandler.invoke(LocatingElementHandler.java:38) ~[selenium-support-4.28.1.jar:?]
	at jdk.proxy2/jdk.proxy2.$Proxy29.click(Unknown Source) ~[?:?]
	at com.demoqa.pages.elements.ButtonsPage.clickOnClickMeButton(ButtonsPage.java:51) ~[classes/:?]
	at com.demoqa.tests.elements.ButtonsPageTest.clickOnButtons(ButtonsPageTest.java:18) ~[test-classes/:?]
	at java.base/jdk.internal.reflect.DirectMethodHandleAccessor.invoke(DirectMethodHandleAccessor.java:103) ~[?:?]
	at java.base/java.lang.reflect.Method.invoke(Method.java:580) ~[?:?]
	at org.testng.internal.invokers.MethodInvocationHelper.invokeMethod(MethodInvocationHelper.java:139) ~[testng-7.8.0.jar:7.8.0]
	at org.testng.internal.invokers.TestInvoker.invokeMethod(TestInvoker.java:664) ~[testng-7.8.0.jar:7.8.0]
	at org.testng.internal.invokers.TestInvoker.retryFailed(TestInvoker.java:248) ~[testng-7.8.0.jar:7.8.0]
	at org.testng.internal.invokers.MethodRunner.runInSequence(MethodRunner.java:62) ~[testng-7.8.0.jar:7.8.0]
	at org.testng.internal.invokers.TestInvoker$MethodInvocationAgent.invoke(TestInvoker.java:957) ~[testng-7.8.0.jar:7.8.0]
	at org.testng.internal.invokers.TestInvoker.invokeTestMethods(TestInvoker.java:200) ~[testng-7.8.0.jar:7.8.0]
	at org.testng.internal.invokers.TestMethodWorker.invokeTestMethods(TestMethodWorker.java:148) ~[testng-7.8.0.jar:7.8.0]
	at org.testng.internal.invokers.TestMethodWorker.run(TestMethodWorker.java:128) ~[testng-7.8.0.jar:7.8.0]
	at java.base/java.util.ArrayList.forEach(ArrayList.java:1596) ~[?:?]
	at org.testng.TestRunner.privateRun(TestRunner.java:848) ~[testng-7.8.0.jar:7.8.0]
	at org.testng.TestRunner.run(TestRunner.java:621) ~[testng-7.8.0.jar:7.8.0]
	at org.testng.SuiteRunner.runTest(SuiteRunner.java:443) ~[testng-7.8.0.jar:7.8.0]
	at org.testng.SuiteRunner$SuiteWorker.run(SuiteRunner.java:481) ~[testng-7.8.0.jar:7.8.0]
	at org.testng.internal.thread.ThreadUtil.lambda$execute$0(ThreadUtil.java:58) ~[testng-7.8.0.jar:7.8.0]
	at java.base/java.util.concurrent.FutureTask.run$$$capture(FutureTask.java:317) ~[?:?]
	at java.base/java.util.concurrent.FutureTask.run(FutureTask.java) ~[?:?]
	at java.base/java.util.concurrent.ThreadPoolExecutor.runWorker(ThreadPoolExecutor.java:1144) ~[?:?]
	at java.base/java.util.concurrent.ThreadPoolExecutor$Worker.run(ThreadPoolExecutor.java:642) ~[?:?]
	at java.base/java.lang.Thread.run(Thread.java:1583) [?:?]
=2025-04-15 21:40:13 [TestNG-tests-1] INFO  - Test Failed: ButtonsPageTest => clickOnButtons
=2025-04-15 21:40:14 [TestNG-tests-1] INFO  - Closing the browser - Chrome
=2025-04-15 21:41:46 [main] INFO  - Starting Execution for Test Suite => Demoqa_Sanity_Suite with Tag => sanity1
=2025-04-15 21:41:46 [TestNG-tests-1] INFO  - Starting Execution for Test=> Demoqa_ButtonsPageTest_Sanity_Test
=2025-04-15 21:41:48 [TestNG-tests-1] INFO  - Opening the browser - Chrome
=2025-04-15 21:42:11 [TestNG-tests-1] INFO  - Clicked on elements.
=2025-04-15 21:42:11 [TestNG-tests-1] INFO  - Started Test: ButtonsPageTest => clickOnButtons
=2025-04-15 21:42:11 [TestNG-tests-1] INFO  - Clicked on Buttons menu.
=2025-04-15 21:42:22 [TestNG-tests-1] INFO  - Clicked on Click Me button.
=2025-04-15 21:42:32 [TestNG-tests-1] ERROR - Failed to read the text.
org.openqa.selenium.NoSuchElementException: no such element: Unable to locate element: {"method":"xpath","selector":"//p[@id='dynamicClickMessage']"}
  (Session info: chrome=135.0.7049.85)
For documentation on this error, please visit: https://www.selenium.dev/documentation/webdriver/troubleshooting/errors#no-such-element-exception
Build info: version: '4.28.1', revision: '73f5ad48a2'
System info: os.name: 'Windows 11', os.arch: 'amd64', os.version: '10.0', java.version: '21.0.6'
Driver info: org.openqa.selenium.chrome.ChromeDriver
Command: [8daf790e03f47caedfe6bf453f4cb3f0, findElement {using=xpath, value=//p[@id='dynamicClickMessage']}]
Capabilities {acceptInsecureCerts: false, browserName: chrome, browserVersion: 135.0.7049.85, chrome: {chromedriverVersion: 135.0.7049.84 (6c019e560019..., userDataDir: C:\Users\nurul\AppData\Loca...}, fedcm:accounts: true, goog:chromeOptions: {debuggerAddress: localhost:54328}, networkConnectionEnabled: false, pageLoadStrategy: normal, platformName: windows, proxy: Proxy(), se:cdp: ws://localhost:54328/devtoo..., se:cdpVersion: 135.0.7049.85, setWindowRect: true, strictFileInteractability: false, timeouts: {implicit: 0, pageLoad: 300000, script: 30000}, unhandledPromptBehavior: dismiss and notify, webauthn:extension:credBlob: true, webauthn:extension:largeBlob: true, webauthn:extension:minPinLength: true, webauthn:extension:prf: true, webauthn:virtualAuthenticators: true}
Session ID: 8daf790e03f47caedfe6bf453f4cb3f0
	at java.base/jdk.internal.reflect.DirectConstructorHandleAccessor.newInstance(DirectConstructorHandleAccessor.java:62) ~[?:?]
	at java.base/java.lang.reflect.Constructor.newInstanceWithCaller(Constructor.java:502) ~[?:?]
	at java.base/java.lang.reflect.Constructor.newInstance(Constructor.java:486) ~[?:?]
	at org.openqa.selenium.remote.ErrorCodec.decode(ErrorCodec.java:167) ~[selenium-remote-driver-4.28.1.jar:?]
	at org.openqa.selenium.remote.codec.w3c.W3CHttpResponseCodec.decode(W3CHttpResponseCodec.java:138) ~[selenium-remote-driver-4.28.1.jar:?]
	at org.openqa.selenium.remote.codec.w3c.W3CHttpResponseCodec.decode(W3CHttpResponseCodec.java:50) ~[selenium-remote-driver-4.28.1.jar:?]
	at org.openqa.selenium.remote.HttpCommandExecutor.execute(HttpCommandExecutor.java:215) ~[selenium-remote-driver-4.28.1.jar:?]
	at org.openqa.selenium.remote.service.DriverCommandExecutor.invokeExecute(DriverCommandExecutor.java:216) ~[selenium-remote-driver-4.28.1.jar:?]
	at org.openqa.selenium.remote.service.DriverCommandExecutor.execute(DriverCommandExecutor.java:174) ~[selenium-remote-driver-4.28.1.jar:?]
	at org.openqa.selenium.remote.RemoteWebDriver.execute(RemoteWebDriver.java:545) ~[selenium-remote-driver-4.28.1.jar:?]
	at org.openqa.selenium.remote.ElementLocation$ElementFinder$2.findElement(ElementLocation.java:165) ~[selenium-remote-driver-4.28.1.jar:?]
	at org.openqa.selenium.remote.ElementLocation.findElement(ElementLocation.java:59) ~[selenium-remote-driver-4.28.1.jar:?]
	at org.openqa.selenium.remote.RemoteWebDriver.findElement(RemoteWebDriver.java:368) ~[selenium-remote-driver-4.28.1.jar:?]
	at org.openqa.selenium.remote.RemoteWebDriver.findElement(RemoteWebDriver.java:362) ~[selenium-remote-driver-4.28.1.jar:?]
	at org.openqa.selenium.support.pagefactory.DefaultElementLocator.findElement(DefaultElementLocator.java:68) ~[selenium-support-4.28.1.jar:?]
	at org.openqa.selenium.support.pagefactory.internal.LocatingElementHandler.invoke(LocatingElementHandler.java:38) ~[selenium-support-4.28.1.jar:?]
	at jdk.proxy2/jdk.proxy2.$Proxy29.getText(Unknown Source) ~[?:?]
	at com.demoqa.pages.elements.ButtonsPage.readTextClick(ButtonsPage.java:61) ~[classes/:?]
	at com.demoqa.tests.elements.ButtonsPageTest.clickOnButtons(ButtonsPageTest.java:19) ~[test-classes/:?]
	at java.base/jdk.internal.reflect.DirectMethodHandleAccessor.invoke(DirectMethodHandleAccessor.java:103) ~[?:?]
	at java.base/java.lang.reflect.Method.invoke(Method.java:580) ~[?:?]
	at org.testng.internal.invokers.MethodInvocationHelper.invokeMethod(MethodInvocationHelper.java:139) ~[testng-7.8.0.jar:7.8.0]
	at org.testng.internal.invokers.TestInvoker.invokeMethod(TestInvoker.java:664) ~[testng-7.8.0.jar:7.8.0]
	at org.testng.internal.invokers.TestInvoker.invokeTestMethod(TestInvoker.java:227) ~[testng-7.8.0.jar:7.8.0]
	at org.testng.internal.invokers.MethodRunner.runInSequence(MethodRunner.java:50) ~[testng-7.8.0.jar:7.8.0]
	at org.testng.internal.invokers.TestInvoker$MethodInvocationAgent.invoke(TestInvoker.java:957) ~[testng-7.8.0.jar:7.8.0]
	at org.testng.internal.invokers.TestInvoker.invokeTestMethods(TestInvoker.java:200) ~[testng-7.8.0.jar:7.8.0]
	at org.testng.internal.invokers.TestMethodWorker.invokeTestMethods(TestMethodWorker.java:148) ~[testng-7.8.0.jar:7.8.0]
	at org.testng.internal.invokers.TestMethodWorker.run(TestMethodWorker.java:128) ~[testng-7.8.0.jar:7.8.0]
	at java.base/java.util.ArrayList.forEach(ArrayList.java:1596) ~[?:?]
	at org.testng.TestRunner.privateRun(TestRunner.java:848) ~[testng-7.8.0.jar:7.8.0]
	at org.testng.TestRunner.run(TestRunner.java:621) ~[testng-7.8.0.jar:7.8.0]
	at org.testng.SuiteRunner.runTest(SuiteRunner.java:443) ~[testng-7.8.0.jar:7.8.0]
	at org.testng.SuiteRunner$SuiteWorker.run(SuiteRunner.java:481) ~[testng-7.8.0.jar:7.8.0]
	at org.testng.internal.thread.ThreadUtil.lambda$execute$0(ThreadUtil.java:58) ~[testng-7.8.0.jar:7.8.0]
	at java.base/java.util.concurrent.FutureTask.run$$$capture(FutureTask.java:317) ~[?:?]
	at java.base/java.util.concurrent.FutureTask.run(FutureTask.java) ~[?:?]
	at java.base/java.util.concurrent.ThreadPoolExecutor.runWorker(ThreadPoolExecutor.java:1144) ~[?:?]
	at java.base/java.util.concurrent.ThreadPoolExecutor$Worker.run(ThreadPoolExecutor.java:642) ~[?:?]
	at java.base/java.lang.Thread.run(Thread.java:1583) [?:?]
=2025-04-15 21:42:33 [TestNG-tests-1] INFO  - Test Skipped: ButtonsPageTest => clickOnButtons
=2025-04-15 21:42:36 [TestNG-tests-1] INFO  - Closing the browser - Chrome
=2025-04-15 21:42:39 [TestNG-tests-1] INFO  - Opening the browser - Chrome
=2025-04-15 21:42:45 [TestNG-tests-1] INFO  - Clicked on elements.
=2025-04-15 21:42:45 [TestNG-tests-1] INFO  - Started Test: ButtonsPageTest => clickOnButtons
=2025-04-15 21:42:46 [TestNG-tests-1] INFO  - Clicked on Buttons menu.
=2025-04-15 21:42:56 [TestNG-tests-1] INFO  - Clicked on Click Me button.
=2025-04-15 21:43:06 [TestNG-tests-1] ERROR - Failed to read the text.
org.openqa.selenium.NoSuchElementException: no such element: Unable to locate element: {"method":"xpath","selector":"//p[@id='dynamicClickMessage']"}
  (Session info: chrome=135.0.7049.85)
For documentation on this error, please visit: https://www.selenium.dev/documentation/webdriver/troubleshooting/errors#no-such-element-exception
Build info: version: '4.28.1', revision: '73f5ad48a2'
System info: os.name: 'Windows 11', os.arch: 'amd64', os.version: '10.0', java.version: '21.0.6'
Driver info: org.openqa.selenium.chrome.ChromeDriver
Command: [249ea4f98c9a9212c285f02ae43b07e8, findElement {using=xpath, value=//p[@id='dynamicClickMessage']}]
Capabilities {acceptInsecureCerts: false, browserName: chrome, browserVersion: 135.0.7049.85, chrome: {chromedriverVersion: 135.0.7049.84 (6c019e560019..., userDataDir: C:\Users\nurul\AppData\Loca...}, fedcm:accounts: true, goog:chromeOptions: {debuggerAddress: localhost:54496}, networkConnectionEnabled: false, pageLoadStrategy: normal, platformName: windows, proxy: Proxy(), se:cdp: ws://localhost:54496/devtoo..., se:cdpVersion: 135.0.7049.85, setWindowRect: true, strictFileInteractability: false, timeouts: {implicit: 0, pageLoad: 300000, script: 30000}, unhandledPromptBehavior: dismiss and notify, webauthn:extension:credBlob: true, webauthn:extension:largeBlob: true, webauthn:extension:minPinLength: true, webauthn:extension:prf: true, webauthn:virtualAuthenticators: true}
Session ID: 249ea4f98c9a9212c285f02ae43b07e8
	at java.base/jdk.internal.reflect.DirectConstructorHandleAccessor.newInstance(DirectConstructorHandleAccessor.java:62) ~[?:?]
	at java.base/java.lang.reflect.Constructor.newInstanceWithCaller(Constructor.java:502) ~[?:?]
	at java.base/java.lang.reflect.Constructor.newInstance(Constructor.java:486) ~[?:?]
	at org.openqa.selenium.remote.ErrorCodec.decode(ErrorCodec.java:167) ~[selenium-remote-driver-4.28.1.jar:?]
	at org.openqa.selenium.remote.codec.w3c.W3CHttpResponseCodec.decode(W3CHttpResponseCodec.java:138) ~[selenium-remote-driver-4.28.1.jar:?]
	at org.openqa.selenium.remote.codec.w3c.W3CHttpResponseCodec.decode(W3CHttpResponseCodec.java:50) ~[selenium-remote-driver-4.28.1.jar:?]
	at org.openqa.selenium.remote.HttpCommandExecutor.execute(HttpCommandExecutor.java:215) ~[selenium-remote-driver-4.28.1.jar:?]
	at org.openqa.selenium.remote.service.DriverCommandExecutor.invokeExecute(DriverCommandExecutor.java:216) ~[selenium-remote-driver-4.28.1.jar:?]
	at org.openqa.selenium.remote.service.DriverCommandExecutor.execute(DriverCommandExecutor.java:174) ~[selenium-remote-driver-4.28.1.jar:?]
	at org.openqa.selenium.remote.RemoteWebDriver.execute(RemoteWebDriver.java:545) ~[selenium-remote-driver-4.28.1.jar:?]
	at org.openqa.selenium.remote.ElementLocation$ElementFinder$2.findElement(ElementLocation.java:165) ~[selenium-remote-driver-4.28.1.jar:?]
	at org.openqa.selenium.remote.ElementLocation.findElement(ElementLocation.java:59) ~[selenium-remote-driver-4.28.1.jar:?]
	at org.openqa.selenium.remote.RemoteWebDriver.findElement(RemoteWebDriver.java:368) ~[selenium-remote-driver-4.28.1.jar:?]
	at org.openqa.selenium.remote.RemoteWebDriver.findElement(RemoteWebDriver.java:362) ~[selenium-remote-driver-4.28.1.jar:?]
	at org.openqa.selenium.support.pagefactory.DefaultElementLocator.findElement(DefaultElementLocator.java:68) ~[selenium-support-4.28.1.jar:?]
	at org.openqa.selenium.support.pagefactory.internal.LocatingElementHandler.invoke(LocatingElementHandler.java:38) ~[selenium-support-4.28.1.jar:?]
	at jdk.proxy2/jdk.proxy2.$Proxy29.getText(Unknown Source) ~[?:?]
	at com.demoqa.pages.elements.ButtonsPage.readTextClick(ButtonsPage.java:61) ~[classes/:?]
	at com.demoqa.tests.elements.ButtonsPageTest.clickOnButtons(ButtonsPageTest.java:19) ~[test-classes/:?]
	at java.base/jdk.internal.reflect.DirectMethodHandleAccessor.invoke(DirectMethodHandleAccessor.java:103) ~[?:?]
	at java.base/java.lang.reflect.Method.invoke(Method.java:580) ~[?:?]
	at org.testng.internal.invokers.MethodInvocationHelper.invokeMethod(MethodInvocationHelper.java:139) ~[testng-7.8.0.jar:7.8.0]
	at org.testng.internal.invokers.TestInvoker.invokeMethod(TestInvoker.java:664) ~[testng-7.8.0.jar:7.8.0]
	at org.testng.internal.invokers.TestInvoker.retryFailed(TestInvoker.java:248) ~[testng-7.8.0.jar:7.8.0]
	at org.testng.internal.invokers.MethodRunner.runInSequence(MethodRunner.java:62) ~[testng-7.8.0.jar:7.8.0]
	at org.testng.internal.invokers.TestInvoker$MethodInvocationAgent.invoke(TestInvoker.java:957) ~[testng-7.8.0.jar:7.8.0]
	at org.testng.internal.invokers.TestInvoker.invokeTestMethods(TestInvoker.java:200) ~[testng-7.8.0.jar:7.8.0]
	at org.testng.internal.invokers.TestMethodWorker.invokeTestMethods(TestMethodWorker.java:148) ~[testng-7.8.0.jar:7.8.0]
	at org.testng.internal.invokers.TestMethodWorker.run(TestMethodWorker.java:128) ~[testng-7.8.0.jar:7.8.0]
	at java.base/java.util.ArrayList.forEach(ArrayList.java:1596) ~[?:?]
	at org.testng.TestRunner.privateRun(TestRunner.java:848) ~[testng-7.8.0.jar:7.8.0]
	at org.testng.TestRunner.run(TestRunner.java:621) ~[testng-7.8.0.jar:7.8.0]
	at org.testng.SuiteRunner.runTest(SuiteRunner.java:443) ~[testng-7.8.0.jar:7.8.0]
	at org.testng.SuiteRunner$SuiteWorker.run(SuiteRunner.java:481) ~[testng-7.8.0.jar:7.8.0]
	at org.testng.internal.thread.ThreadUtil.lambda$execute$0(ThreadUtil.java:58) ~[testng-7.8.0.jar:7.8.0]
	at java.base/java.util.concurrent.FutureTask.run$$$capture(FutureTask.java:317) ~[?:?]
	at java.base/java.util.concurrent.FutureTask.run(FutureTask.java) ~[?:?]
	at java.base/java.util.concurrent.ThreadPoolExecutor.runWorker(ThreadPoolExecutor.java:1144) ~[?:?]
	at java.base/java.util.concurrent.ThreadPoolExecutor$Worker.run(ThreadPoolExecutor.java:642) ~[?:?]
	at java.base/java.lang.Thread.run(Thread.java:1583) [?:?]
=2025-04-15 21:43:06 [TestNG-tests-1] INFO  - Test Failed: ButtonsPageTest => clickOnButtons
=2025-04-15 21:43:07 [TestNG-tests-1] INFO  - Closing the browser - Chrome
=2025-04-15 21:44:13 [main] INFO  - Starting Execution for Test Suite => Demoqa_Sanity_Suite with Tag => sanity1
=2025-04-15 21:44:13 [TestNG-tests-1] INFO  - Starting Execution for Test=> Demoqa_ButtonsPageTest_Sanity_Test
=2025-04-15 21:44:15 [TestNG-tests-1] INFO  - Opening the browser - Chrome
=2025-04-15 21:44:51 [TestNG-tests-1] INFO  - Clicked on elements.
=2025-04-15 21:44:51 [TestNG-tests-1] INFO  - Started Test: ButtonsPageTest => clickOnButtons
=2025-04-15 21:44:52 [TestNG-tests-1] INFO  - Clicked on Buttons menu.
=2025-04-15 21:44:52 [TestNG-tests-1] INFO  - Clicked on Click Me button.
=2025-04-15 21:44:52 [TestNG-tests-1] INFO  - Test Skipped: ButtonsPageTest => clickOnButtons
=2025-04-15 21:44:52 [TestNG-tests-1] INFO  - Closing the browser - Chrome
=2025-04-15 21:44:54 [TestNG-tests-1] INFO  - Opening the browser - Chrome
=2025-04-15 21:45:01 [TestNG-tests-1] INFO  - Clicked on elements.
=2025-04-15 21:45:01 [TestNG-tests-1] INFO  - Started Test: ButtonsPageTest => clickOnButtons
=2025-04-15 21:45:01 [TestNG-tests-1] INFO  - Clicked on Buttons menu.
=2025-04-15 21:45:01 [TestNG-tests-1] INFO  - Clicked on Click Me button.
=2025-04-15 21:45:01 [TestNG-tests-1] INFO  - Test Failed: ButtonsPageTest => clickOnButtons
=2025-04-15 21:45:02 [TestNG-tests-1] INFO  - Closing the browser - Chrome
=2025-04-15 21:49:20 [main] INFO  - Starting Execution for Test Suite => Demoqa_Sanity_Suite with Tag => sanity1
=2025-04-15 21:49:21 [TestNG-tests-1] INFO  - Starting Execution for Test=> Demoqa_ButtonsPageTest_Sanity_Test
=2025-04-15 21:49:23 [TestNG-tests-1] INFO  - Opening the browser - Chrome
=2025-04-15 21:49:29 [TestNG-tests-1] INFO  - Clicked on elements.
=2025-04-15 21:49:29 [TestNG-tests-1] INFO  - Started Test: ButtonsPageTest => clickOnButtons
=2025-04-15 21:49:29 [TestNG-tests-1] INFO  - Clicked on Buttons menu.
=2025-04-15 21:49:30 [TestNG-tests-1] INFO  - Clicked on Click Me button.
=2025-04-15 21:49:30 [TestNG-tests-1] INFO  - Test Successful: ButtonsPageTest => clickOnButtons
=2025-04-15 21:49:30 [TestNG-tests-1] INFO  - Closing the browser - Chrome
=2025-04-15 22:41:21 [main] INFO  - Starting Execution for Test Suite => Demoqa_Sanity_Suite with Tag => sanity1
=2025-04-15 22:41:21 [TestNG-tests-1] INFO  - Starting Execution for Test=> Demoqa_ButtonsPageTest_Sanity_Test
=2025-04-15 22:41:26 [TestNG-tests-1] INFO  - Opening the browser - Chrome
=2025-04-15 22:41:32 [TestNG-tests-1] INFO  - Clicked on elements.
=2025-04-15 22:41:32 [TestNG-tests-1] INFO  - Started Test: ButtonsPageTest => clickOnButtons
=2025-04-15 22:41:32 [TestNG-tests-1] INFO  - Clicked on Buttons menu.
=2025-04-15 22:41:32 [TestNG-tests-1] INFO  - Clicked on Click Me button.
=2025-04-15 22:41:33 [TestNG-tests-1] INFO  - Test Successful: ButtonsPageTest => clickOnButtons
=2025-04-15 22:41:33 [TestNG-tests-1] INFO  - Closing the browser - Chrome
=2025-04-17 15:38:26 [main] INFO  - Starting Execution for Test Suite => Demoqa_Sanity_Suite with Tag => sanity1
=2025-04-17 15:38:27 [TestNG-tests-1] INFO  - Starting Execution for Test=> Demoqa_ButtonsPageTest_Sanity_Test
=2025-04-17 15:38:33 [TestNG-tests-1] INFO  - Opening the browser - Chrome
=2025-04-17 15:38:40 [TestNG-tests-1] INFO  - Clicked on elements.
=2025-04-17 15:38:40 [TestNG-tests-1] INFO  - Started Test: ButtonsPageTest => clickOnButtons
=2025-04-17 15:38:40 [TestNG-tests-1] INFO  - Clicked on Buttons menu.
=2025-04-17 15:38:40 [TestNG-tests-1] INFO  - Clicked on Click Me button.
=2025-04-17 15:38:40 [TestNG-tests-1] INFO  - Test Successful: ButtonsPageTest => clickOnButtons
=2025-04-17 15:38:41 [TestNG-tests-1] INFO  - Closing the browser - Chrome
=2025-04-17 16:33:02 [main] INFO  - Starting Execution for Test Suite => Demoqa_Sanity_Suite with Tag => sanity1
=2025-04-17 16:33:02 [TestNG-tests-1] INFO  - Starting Execution for Test=> Demoqa_LinksPageTest_Sanity_Test
=2025-04-17 16:33:05 [TestNG-tests-1] INFO  - Opening the browser - Chrome
=2025-04-17 16:33:09 [TestNG-tests-1] INFO  - Clicked on elements.
=2025-04-17 16:33:09 [TestNG-tests-1] INFO  - Started Test: LinksPageTest => tetsLinks
=2025-04-17 16:33:10 [TestNG-tests-1] INFO  - Clicked on Menu Links.
=2025-04-17 16:33:11 [TestNG-tests-1] INFO  - Clicked on Home
=2025-04-17 16:33:11 [TestNG-tests-1] INFO  - Test Successful: LinksPageTest => tetsLinks
=2025-04-17 16:33:12 [TestNG-tests-1] INFO  - Closing the browser - Chrome
=2025-04-17 16:33:42 [main] INFO  - Starting Execution for Test Suite => Demoqa_Sanity_Suite with Tag => sanity1
=2025-04-17 16:33:42 [TestNG-tests-1] INFO  - Starting Execution for Test=> Demoqa_LinksPageTest_Sanity_Test
=2025-04-17 16:33:45 [TestNG-tests-1] INFO  - Opening the browser - Chrome
=2025-04-17 16:33:49 [TestNG-tests-1] INFO  - Clicked on elements.
=2025-04-17 16:33:49 [TestNG-tests-1] INFO  - Started Test: LinksPageTest => tetsLinks
=2025-04-17 16:33:49 [TestNG-tests-1] INFO  - Clicked on Menu Links.
=2025-04-17 16:33:49 [TestNG-tests-1] INFO  - Clicked on Home Links.
=2025-04-17 16:33:49 [TestNG-tests-1] INFO  - Test Successful: LinksPageTest => tetsLinks
=2025-04-17 16:33:50 [TestNG-tests-1] INFO  - Closing the browser - Chrome
=2025-04-18 12:27:40 [main] INFO  - Starting Execution for Test Suite => Demoqa_Sanity_Suite with Tag => sanity1
=2025-04-18 12:27:41 [TestNG-tests-1] INFO  - Starting Execution for Test=> Demoqa_LinksPageTest_Sanity_Test
=2025-04-18 12:27:44 [TestNG-tests-1] INFO  - Opening the browser - Chrome
=2025-04-18 12:28:09 [TestNG-tests-1] INFO  - Clicked on elements.
=2025-04-18 12:28:09 [TestNG-tests-1] INFO  - Started Test: LinksPageTest => tetsLinks
=2025-04-18 12:28:10 [TestNG-tests-1] INFO  - Clicked on Menu Links.
=2025-04-18 12:28:12 [TestNG-tests-1] INFO  - Clicked on Home Links.
=2025-04-18 12:28:12 [TestNG-tests-1] INFO  - Test Successful: LinksPageTest => tetsLinks
=2025-04-18 12:28:12 [TestNG-tests-1] INFO  - Closing the browser - Chrome
=2025-04-18 12:44:24 [main] INFO  - Starting Execution for Test Suite => Demoqa_Sanity_Suite with Tag => sanity1
=2025-04-18 12:44:24 [TestNG-tests-1] INFO  - Starting Execution for Test=> Demoqa_BrokenLinksImages_Sanity_Test
=2025-04-18 12:44:27 [TestNG-tests-1] INFO  - Opening the browser - Chrome
=2025-04-18 12:44:39 [TestNG-tests-1] INFO  - Clicked on elements.
=2025-04-18 12:44:39 [TestNG-tests-1] INFO  - Started Test: BrokenLinksImagesTest => testValidLink
=2025-04-18 12:44:40 [TestNG-tests-1] INFO  - Clicked on the menu.
=2025-04-18 12:44:41 [TestNG-tests-1] ERROR - Failed to click on the valid Link.
=2025-04-18 12:44:41 [TestNG-tests-1] INFO  - Test Skipped: BrokenLinksImagesTest => testValidLink
=2025-04-18 12:44:42 [TestNG-tests-1] INFO  - Closing the browser - Chrome
=2025-04-18 12:44:43 [TestNG-tests-1] INFO  - Opening the browser - Chrome
=2025-04-18 12:44:54 [TestNG-tests-1] INFO  - Clicked on elements.
=2025-04-18 12:44:54 [TestNG-tests-1] INFO  - Started Test: BrokenLinksImagesTest => testValidLink
=2025-04-18 12:44:54 [TestNG-tests-1] INFO  - Clicked on the menu.
=2025-04-18 12:44:56 [TestNG-tests-1] ERROR - Failed to click on the valid Link.
=2025-04-18 12:44:56 [TestNG-tests-1] INFO  - Test Failed: BrokenLinksImagesTest => testValidLink
=2025-04-18 12:44:57 [TestNG-tests-1] INFO  - Closing the browser - Chrome
=2025-04-18 12:46:17 [main] INFO  - Starting Execution for Test Suite => Demoqa_Sanity_Suite with Tag => sanity1
=2025-04-18 12:46:18 [TestNG-tests-1] INFO  - Starting Execution for Test=> Demoqa_BrokenLinksImages_Sanity_Test
=2025-04-18 12:46:20 [TestNG-tests-1] INFO  - Opening the browser - Chrome
=2025-04-18 12:46:32 [TestNG-tests-1] INFO  - Clicked on elements.
=2025-04-18 12:46:32 [TestNG-tests-1] INFO  - Started Test: BrokenLinksImagesTest => testValidLink
=2025-04-18 12:46:33 [TestNG-tests-1] INFO  - Clicked on the menu.
=2025-04-18 12:46:34 [TestNG-tests-1] INFO  - Clicked on the Valid Link.
=2025-04-18 12:46:34 [TestNG-tests-1] INFO  - Test Successful: BrokenLinksImagesTest => testValidLink
=2025-04-18 12:46:34 [TestNG-tests-1] INFO  - Closing the browser - Chrome
=2025-04-18 12:46:52 [main] INFO  - Starting Execution for Test Suite => Demoqa_Sanity_Suite with Tag => sanity1
=2025-04-18 12:46:52 [TestNG-tests-1] INFO  - Starting Execution for Test=> Demoqa_BrokenLinksImages_Sanity_Test
=2025-04-18 12:46:54 [TestNG-tests-1] INFO  - Opening the browser - Chrome
=2025-04-18 12:47:09 [TestNG-tests-1] INFO  - Clicked on elements.
=2025-04-18 12:47:09 [TestNG-tests-1] INFO  - Started Test: BrokenLinksImagesTest => testValidLink
=2025-04-18 12:47:09 [TestNG-tests-1] INFO  - Clicked on the menu.
=2025-04-18 12:47:10 [TestNG-tests-1] INFO  - Clicked on the Valid Link.
=2025-04-18 12:47:10 [TestNG-tests-1] INFO  - Test Skipped: BrokenLinksImagesTest => testValidLink
=2025-04-18 12:47:11 [TestNG-tests-1] INFO  - Closing the browser - Chrome
=2025-04-18 12:47:13 [TestNG-tests-1] INFO  - Opening the browser - Chrome
=2025-04-18 12:47:23 [TestNG-tests-1] INFO  - Clicked on elements.
=2025-04-18 12:47:23 [TestNG-tests-1] INFO  - Started Test: BrokenLinksImagesTest => testValidLink
=2025-04-18 12:47:24 [TestNG-tests-1] INFO  - Clicked on the menu.
=2025-04-18 12:47:25 [TestNG-tests-1] INFO  - Clicked on the Valid Link.
=2025-04-18 12:47:25 [TestNG-tests-1] INFO  - Test Failed: BrokenLinksImagesTest => testValidLink
=2025-04-18 12:47:25 [TestNG-tests-1] INFO  - Closing the browser - Chrome
=2025-04-18 12:48:12 [main] INFO  - Starting Execution for Test Suite => Default Suite with Tag => 
=2025-04-18 12:48:13 [main] INFO  - Starting Execution for Test=> demoqa-automation
=2025-04-18 12:48:15 [main] INFO  - Opening the browser - Chrome
=2025-04-18 12:48:28 [main] INFO  - Clicked on elements.
=2025-04-18 12:48:28 [main] INFO  - Clicked on the menu.
=2025-04-18 12:48:29 [main] INFO  - Clicked on the Valid Link.
=2025-04-18 12:53:26 [main] INFO  - Starting Execution for Test Suite => Demoqa_Sanity_Suite with Tag => sanity1
=2025-04-18 12:53:27 [TestNG-tests-1] INFO  - Starting Execution for Test=> Demoqa_BrokenLinksImages_Sanity_Test
=2025-04-18 12:53:29 [TestNG-tests-1] INFO  - Opening the browser - Chrome
=2025-04-18 12:53:37 [TestNG-tests-1] INFO  - Clicked on elements.
=2025-04-18 12:53:37 [TestNG-tests-1] INFO  - Started Test: BrokenLinksImagesTest => testValidLink
=2025-04-18 12:53:37 [TestNG-tests-1] INFO  - Clicked on the menu.
=2025-04-18 12:53:38 [TestNG-tests-1] INFO  - Clicked on the Valid Link.
=2025-04-18 12:53:38 [TestNG-tests-1] INFO  - Test Successful: BrokenLinksImagesTest => testValidLink
=2025-04-18 12:53:39 [TestNG-tests-1] INFO  - Closing the browser - Chrome
=2025-04-20 23:48:01 [main] INFO  - Starting Execution for Test Suite => Demoqa_Sanity_Suite with Tag => sanity1
=2025-04-20 23:48:02 [TestNG-tests-1] INFO  - Starting Execution for Test=> Demoqa_BrokenLinksImages_Sanity_Test
=2025-04-20 23:51:33 [main] INFO  - Starting Execution for Test Suite => Demoqa_Sanity_Suite with Tag => sanity1
=2025-04-20 23:51:34 [TestNG-tests-1] INFO  - Starting Execution for Test=> Demoqa_BrokenLinksImages_Sanity_Test
=2025-04-21 20:12:52 [main] INFO  - Starting Execution for Test Suite => Demoqa_Sanity_Suite with Tag => sanity1
=2025-04-21 20:12:52 [TestNG-tests-1] INFO  - Starting Execution for Test=> Demoqa_BrokenLinksImages_Sanity_Test
=2025-04-21 20:12:59 [TestNG-tests-1] INFO  - Opening the browser - Chrome
=2025-04-21 20:13:06 [TestNG-tests-1] INFO  - Clicked on elements.
=2025-04-21 20:13:06 [TestNG-tests-1] INFO  - Started Test: BrokenLinksImagesTest => testValidLink
=2025-04-21 20:13:06 [TestNG-tests-1] INFO  - Clicked on the menu.
=2025-04-21 20:13:15 [TestNG-tests-1] INFO  - Clicked on the Valid Link.
=2025-04-21 20:13:15 [TestNG-tests-1] INFO  - Test Successful: BrokenLinksImagesTest => testValidLink
=2025-04-21 20:13:17 [TestNG-tests-1] INFO  - Closing the browser - Chrome
=2025-04-21 20:41:47 [main] INFO  - Starting Execution for Test Suite => Demoqa_Sanity_Suite with Tag => sanity1
=2025-04-21 20:41:47 [TestNG-tests-1] INFO  - Starting Execution for Test=> Demoqa_DownloadPageTest_Sanity_Test
=2025-04-21 20:41:50 [TestNG-tests-1] INFO  - Opening the browser - Chrome
=2025-04-21 20:41:55 [TestNG-tests-1] INFO  - Clicked on elements.
=2025-04-21 20:41:55 [TestNG-tests-1] INFO  - Started Test: DownloadPageTest => testDownloadButton
=2025-04-21 20:41:56 [TestNG-tests-1] INFO  - Clicked on Upload And Download menu.
=2025-04-21 20:41:56 [TestNG-tests-1] INFO  - Clicked on Download Button.
=2025-04-21 20:41:56 [TestNG-tests-1] INFO  - Test Successful: DownloadPageTest => testDownloadButton
=2025-04-21 20:41:56 [TestNG-tests-1] INFO  - Closing the browser - Chrome
=2025-04-21 20:42:13 [main] INFO  - Starting Execution for Test Suite => Demoqa_Sanity_Suite with Tag => sanity1
=2025-04-21 20:42:13 [TestNG-tests-1] INFO  - Starting Execution for Test=> Demoqa_DownloadPageTest_Sanity_Test
=2025-04-21 20:42:17 [TestNG-tests-1] INFO  - Opening the browser - Chrome
=2025-04-21 20:42:22 [TestNG-tests-1] INFO  - Clicked on elements.
=2025-04-21 20:42:22 [TestNG-tests-1] INFO  - Started Test: DownloadPageTest => testDownloadButton
=2025-04-21 20:42:22 [TestNG-tests-1] INFO  - Clicked on Upload And Download menu.
=2025-04-21 20:42:22 [TestNG-tests-1] INFO  - Clicked on Download Button.
=2025-04-21 20:42:22 [TestNG-tests-1] INFO  - Test Successful: DownloadPageTest => testDownloadButton
=2025-04-21 20:42:23 [TestNG-tests-1] INFO  - Closing the browser - Chrome
=2025-04-24 23:31:52 [main] INFO  - Starting Execution for Test Suite => Demoqa_Sanity_Suite with Tag => sanity1
=2025-04-24 23:31:52 [TestNG-tests-1] INFO  - Starting Execution for Test=> Demoqa_PracticeFormPageTest_Sanity_Test
=2025-04-24 23:32:38 [main] INFO  - Starting Execution for Test Suite => Demoqa_Sanity_Suite with Tag => sanity1
=2025-04-24 23:32:38 [TestNG-tests-1] INFO  - Starting Execution for Test=> Demoqa_PracticeFormPageTest_Sanity_Test
=2025-04-24 23:32:47 [TestNG-tests-1] INFO  - Opening the browser - Chrome
=2025-04-24 23:32:54 [TestNG-tests-1] INFO  - Clicked on widgets.
=2025-04-24 23:32:54 [TestNG-tests-1] INFO  - Started Test: PracticeFormTest => testPracticeForm
=2025-04-24 23:33:04 [TestNG-tests-1] ERROR - Failed to click on menu.
org.openqa.selenium.ElementNotInteractableException: element not interactable
  (Session info: chrome=135.0.7049.114)
Build info: version: '4.28.1', revision: '73f5ad48a2'
System info: os.name: 'Windows 11', os.arch: 'amd64', os.version: '10.0', java.version: '21.0.6'
Driver info: org.openqa.selenium.chrome.ChromeDriver
Command: [9a5e1fefce2b2c4ce5738bf134b4c880, clickElement {id=f.E7D2E5CDC78FDB180DE486A128671D8B.d.BC42B08BD539164964133A5896BC3D14.e.25}]
Capabilities {acceptInsecureCerts: false, browserName: chrome, browserVersion: 135.0.7049.114, chrome: {chromedriverVersion: 135.0.7049.114 (63fd8a7d9d0..., userDataDir: C:\Users\nurul\AppData\Loca...}, fedcm:accounts: true, goog:chromeOptions: {debuggerAddress: localhost:54220}, networkConnectionEnabled: false, pageLoadStrategy: normal, platformName: windows, proxy: Proxy(), se:cdp: ws://localhost:54220/devtoo..., se:cdpVersion: 135.0.7049.114, setWindowRect: true, strictFileInteractability: false, timeouts: {implicit: 0, pageLoad: 300000, script: 30000}, unhandledPromptBehavior: dismiss and notify, webauthn:extension:credBlob: true, webauthn:extension:largeBlob: true, webauthn:extension:minPinLength: true, webauthn:extension:prf: true, webauthn:virtualAuthenticators: true}
Element: [[ChromeDriver: chrome on windows (9a5e1fefce2b2c4ce5738bf134b4c880)] -> xpath: //li[@id='item-0']//span[text()='Practice Form']]
Session ID: 9a5e1fefce2b2c4ce5738bf134b4c880
	at java.base/jdk.internal.reflect.DirectConstructorHandleAccessor.newInstance(DirectConstructorHandleAccessor.java:62) ~[?:?]
	at java.base/java.lang.reflect.Constructor.newInstanceWithCaller(Constructor.java:502) ~[?:?]
	at java.base/java.lang.reflect.Constructor.newInstance(Constructor.java:486) ~[?:?]
	at org.openqa.selenium.remote.ErrorCodec.decode(ErrorCodec.java:167) ~[selenium-remote-driver-4.28.1.jar:?]
	at org.openqa.selenium.remote.codec.w3c.W3CHttpResponseCodec.decode(W3CHttpResponseCodec.java:138) ~[selenium-remote-driver-4.28.1.jar:?]
	at org.openqa.selenium.remote.codec.w3c.W3CHttpResponseCodec.decode(W3CHttpResponseCodec.java:50) ~[selenium-remote-driver-4.28.1.jar:?]
	at org.openqa.selenium.remote.HttpCommandExecutor.execute(HttpCommandExecutor.java:215) ~[selenium-remote-driver-4.28.1.jar:?]
	at org.openqa.selenium.remote.service.DriverCommandExecutor.invokeExecute(DriverCommandExecutor.java:216) ~[selenium-remote-driver-4.28.1.jar:?]
	at org.openqa.selenium.remote.service.DriverCommandExecutor.execute(DriverCommandExecutor.java:174) ~[selenium-remote-driver-4.28.1.jar:?]
	at org.openqa.selenium.remote.RemoteWebDriver.execute(RemoteWebDriver.java:545) ~[selenium-remote-driver-4.28.1.jar:?]
	at org.openqa.selenium.remote.RemoteWebElement.execute(RemoteWebElement.java:223) ~[selenium-remote-driver-4.28.1.jar:?]
	at org.openqa.selenium.remote.RemoteWebElement.click(RemoteWebElement.java:76) ~[selenium-remote-driver-4.28.1.jar:?]
	at java.base/jdk.internal.reflect.DirectMethodHandleAccessor.invoke(DirectMethodHandleAccessor.java:103) ~[?:?]
	at java.base/java.lang.reflect.Method.invoke(Method.java:580) ~[?:?]
	at org.openqa.selenium.support.pagefactory.internal.LocatingElementHandler.invoke(LocatingElementHandler.java:51) ~[selenium-support-4.28.1.jar:?]
	at jdk.proxy2/jdk.proxy2.$Proxy29.click(Unknown Source) ~[?:?]
	at com.demoqa.pages.forms.PracticeForm.clickOnPracticeFormMenu(PracticeForm.java:35) ~[classes/:?]
	at com.demoqa.tests.forms.PracticeFormTest.testPracticeForm(PracticeFormTest.java:16) ~[test-classes/:?]
	at java.base/jdk.internal.reflect.DirectMethodHandleAccessor.invoke(DirectMethodHandleAccessor.java:103) ~[?:?]
	at java.base/java.lang.reflect.Method.invoke(Method.java:580) ~[?:?]
	at org.testng.internal.invokers.MethodInvocationHelper.invokeMethod(MethodInvocationHelper.java:139) ~[testng-7.8.0.jar:7.8.0]
	at org.testng.internal.invokers.TestInvoker.invokeMethod(TestInvoker.java:664) ~[testng-7.8.0.jar:7.8.0]
	at org.testng.internal.invokers.TestInvoker.invokeTestMethod(TestInvoker.java:227) ~[testng-7.8.0.jar:7.8.0]
	at org.testng.internal.invokers.MethodRunner.runInSequence(MethodRunner.java:50) ~[testng-7.8.0.jar:7.8.0]
	at org.testng.internal.invokers.TestInvoker$MethodInvocationAgent.invoke(TestInvoker.java:957) ~[testng-7.8.0.jar:7.8.0]
	at org.testng.internal.invokers.TestInvoker.invokeTestMethods(TestInvoker.java:200) ~[testng-7.8.0.jar:7.8.0]
	at org.testng.internal.invokers.TestMethodWorker.invokeTestMethods(TestMethodWorker.java:148) ~[testng-7.8.0.jar:7.8.0]
	at org.testng.internal.invokers.TestMethodWorker.run(TestMethodWorker.java:128) ~[testng-7.8.0.jar:7.8.0]
	at java.base/java.util.ArrayList.forEach(ArrayList.java:1596) ~[?:?]
	at org.testng.TestRunner.privateRun(TestRunner.java:848) ~[testng-7.8.0.jar:7.8.0]
	at org.testng.TestRunner.run(TestRunner.java:621) ~[testng-7.8.0.jar:7.8.0]
	at org.testng.SuiteRunner.runTest(SuiteRunner.java:443) ~[testng-7.8.0.jar:7.8.0]
	at org.testng.SuiteRunner$SuiteWorker.run(SuiteRunner.java:481) ~[testng-7.8.0.jar:7.8.0]
	at org.testng.internal.thread.ThreadUtil.lambda$execute$0(ThreadUtil.java:58) ~[testng-7.8.0.jar:7.8.0]
	at java.base/java.util.concurrent.FutureTask.run$$$capture(FutureTask.java:317) ~[?:?]
	at java.base/java.util.concurrent.FutureTask.run(FutureTask.java) ~[?:?]
	at java.base/java.util.concurrent.ThreadPoolExecutor.runWorker(ThreadPoolExecutor.java:1144) ~[?:?]
	at java.base/java.util.concurrent.ThreadPoolExecutor$Worker.run(ThreadPoolExecutor.java:642) ~[?:?]
	at java.base/java.lang.Thread.run(Thread.java:1583) [?:?]
=2025-04-24 23:33:04 [TestNG-tests-1] INFO  - Test Skipped: PracticeFormTest => testPracticeForm
=2025-04-24 23:33:05 [TestNG-tests-1] INFO  - Closing the browser - Chrome
=2025-04-24 23:33:07 [TestNG-tests-1] INFO  - Opening the browser - Chrome
=2025-04-24 23:33:19 [TestNG-tests-1] ERROR - Failed to click on widgets.
org.openqa.selenium.NoSuchWindowException: no such window: target window already closed
from unknown error: web view not found
  (Session info: chrome=135.0.7049.114)
Build info: version: '4.28.1', revision: '73f5ad48a2'
System info: os.name: 'Windows 11', os.arch: 'amd64', os.version: '10.0', java.version: '21.0.6'
Driver info: org.openqa.selenium.chrome.ChromeDriver
Command: [81e1f2eaf9cea6d6157dff816ff22eb9, findElement {using=xpath, value=//div[@class='card-body']//h5[text()='Widgets']}]
Capabilities {acceptInsecureCerts: false, browserName: chrome, browserVersion: 135.0.7049.114, chrome: {chromedriverVersion: 135.0.7049.114 (63fd8a7d9d0..., userDataDir: C:\Users\nurul\AppData\Loca...}, fedcm:accounts: true, goog:chromeOptions: {debuggerAddress: localhost:54367}, networkConnectionEnabled: false, pageLoadStrategy: normal, platformName: windows, proxy: Proxy(), se:cdp: ws://localhost:54367/devtoo..., se:cdpVersion: 135.0.7049.114, setWindowRect: true, strictFileInteractability: false, timeouts: {implicit: 0, pageLoad: 300000, script: 30000}, unhandledPromptBehavior: dismiss and notify, webauthn:extension:credBlob: true, webauthn:extension:largeBlob: true, webauthn:extension:minPinLength: true, webauthn:extension:prf: true, webauthn:virtualAuthenticators: true}
Session ID: 81e1f2eaf9cea6d6157dff816ff22eb9
	at java.base/jdk.internal.reflect.DirectConstructorHandleAccessor.newInstance(DirectConstructorHandleAccessor.java:62) ~[?:?]
	at java.base/java.lang.reflect.Constructor.newInstanceWithCaller(Constructor.java:502) ~[?:?]
	at java.base/java.lang.reflect.Constructor.newInstance(Constructor.java:486) ~[?:?]
	at org.openqa.selenium.remote.ErrorCodec.decode(ErrorCodec.java:167) ~[selenium-remote-driver-4.28.1.jar:?]
	at org.openqa.selenium.remote.codec.w3c.W3CHttpResponseCodec.decode(W3CHttpResponseCodec.java:138) ~[selenium-remote-driver-4.28.1.jar:?]
	at org.openqa.selenium.remote.codec.w3c.W3CHttpResponseCodec.decode(W3CHttpResponseCodec.java:50) ~[selenium-remote-driver-4.28.1.jar:?]
	at org.openqa.selenium.remote.HttpCommandExecutor.execute(HttpCommandExecutor.java:215) ~[selenium-remote-driver-4.28.1.jar:?]
	at org.openqa.selenium.remote.service.DriverCommandExecutor.invokeExecute(DriverCommandExecutor.java:216) ~[selenium-remote-driver-4.28.1.jar:?]
	at org.openqa.selenium.remote.service.DriverCommandExecutor.execute(DriverCommandExecutor.java:174) ~[selenium-remote-driver-4.28.1.jar:?]
	at org.openqa.selenium.remote.RemoteWebDriver.execute(RemoteWebDriver.java:545) ~[selenium-remote-driver-4.28.1.jar:?]
	at org.openqa.selenium.remote.ElementLocation$ElementFinder$2.findElement(ElementLocation.java:165) ~[selenium-remote-driver-4.28.1.jar:?]
	at org.openqa.selenium.remote.ElementLocation.findElement(ElementLocation.java:59) ~[selenium-remote-driver-4.28.1.jar:?]
	at org.openqa.selenium.remote.RemoteWebDriver.findElement(RemoteWebDriver.java:368) ~[selenium-remote-driver-4.28.1.jar:?]
	at org.openqa.selenium.remote.RemoteWebDriver.findElement(RemoteWebDriver.java:362) ~[selenium-remote-driver-4.28.1.jar:?]
	at org.openqa.selenium.support.pagefactory.DefaultElementLocator.findElement(DefaultElementLocator.java:68) ~[selenium-support-4.28.1.jar:?]
	at org.openqa.selenium.support.pagefactory.internal.LocatingElementHandler.invoke(LocatingElementHandler.java:38) ~[selenium-support-4.28.1.jar:?]
	at jdk.proxy2/jdk.proxy2.$Proxy29.toString(Unknown Source) ~[?:?]
	at java.base/java.lang.String.valueOf(String.java:4465) ~[?:?]
	at org.openqa.selenium.support.ui.ExpectedConditions$23.toString(ExpectedConditions.java:669) ~[selenium-support-4.28.1.jar:?]
	at java.base/java.lang.String.valueOf(String.java:4465) ~[?:?]
	at org.openqa.selenium.support.ui.FluentWait.until(FluentWait.java:225) ~[selenium-support-4.28.1.jar:?]
	at com.demoqa.utils.CustomWait.waitForElementToBeClickable(CustomWait.java:33) ~[classes/:?]
	at com.demoqa.pages.HomePage.getWidgets(HomePage.java:59) ~[classes/:?]
	at com.demoqa.pages.HomePage.clickOnWidgets(HomePage.java:101) ~[classes/:?]
	at com.demoqa.tests.forms.PracticeFormTest.setUpPage(PracticeFormTest.java:11) ~[test-classes/:?]
	at java.base/jdk.internal.reflect.DirectMethodHandleAccessor.invoke(DirectMethodHandleAccessor.java:103) ~[?:?]
	at java.base/java.lang.reflect.Method.invoke(Method.java:580) ~[?:?]
	at org.testng.internal.invokers.MethodInvocationHelper.invokeMethod(MethodInvocationHelper.java:139) ~[testng-7.8.0.jar:7.8.0]
	at org.testng.internal.invokers.MethodInvocationHelper.invokeMethodConsideringTimeout(MethodInvocationHelper.java:69) ~[testng-7.8.0.jar:7.8.0]
	at org.testng.internal.invokers.ConfigInvoker.invokeConfigurationMethod(ConfigInvoker.java:390) ~[testng-7.8.0.jar:7.8.0]
	at org.testng.internal.invokers.ConfigInvoker.invokeConfigurations(ConfigInvoker.java:325) ~[testng-7.8.0.jar:7.8.0]
	at org.testng.internal.invokers.TestInvoker.runConfigMethods(TestInvoker.java:810) ~[testng-7.8.0.jar:7.8.0]
	at org.testng.internal.invokers.TestInvoker.invokeMethod(TestInvoker.java:577) ~[testng-7.8.0.jar:7.8.0]
	at org.testng.internal.invokers.TestInvoker.retryFailed(TestInvoker.java:248) ~[testng-7.8.0.jar:7.8.0]
	at org.testng.internal.invokers.MethodRunner.runInSequence(MethodRunner.java:62) ~[testng-7.8.0.jar:7.8.0]
	at org.testng.internal.invokers.TestInvoker$MethodInvocationAgent.invoke(TestInvoker.java:957) ~[testng-7.8.0.jar:7.8.0]
	at org.testng.internal.invokers.TestInvoker.invokeTestMethods(TestInvoker.java:200) ~[testng-7.8.0.jar:7.8.0]
	at org.testng.internal.invokers.TestMethodWorker.invokeTestMethods(TestMethodWorker.java:148) ~[testng-7.8.0.jar:7.8.0]
	at org.testng.internal.invokers.TestMethodWorker.run(TestMethodWorker.java:128) ~[testng-7.8.0.jar:7.8.0]
	at java.base/java.util.ArrayList.forEach(ArrayList.java:1596) ~[?:?]
	at org.testng.TestRunner.privateRun(TestRunner.java:848) ~[testng-7.8.0.jar:7.8.0]
	at org.testng.TestRunner.run(TestRunner.java:621) ~[testng-7.8.0.jar:7.8.0]
	at org.testng.SuiteRunner.runTest(SuiteRunner.java:443) ~[testng-7.8.0.jar:7.8.0]
	at org.testng.SuiteRunner$SuiteWorker.run(SuiteRunner.java:481) ~[testng-7.8.0.jar:7.8.0]
	at org.testng.internal.thread.ThreadUtil.lambda$execute$0(ThreadUtil.java:58) ~[testng-7.8.0.jar:7.8.0]
	at java.base/java.util.concurrent.FutureTask.run$$$capture(FutureTask.java:317) ~[?:?]
	at java.base/java.util.concurrent.FutureTask.run(FutureTask.java) ~[?:?]
	at java.base/java.util.concurrent.ThreadPoolExecutor.runWorker(ThreadPoolExecutor.java:1144) ~[?:?]
	at java.base/java.util.concurrent.ThreadPoolExecutor$Worker.run(ThreadPoolExecutor.java:642) ~[?:?]
	at java.base/java.lang.Thread.run(Thread.java:1583) [?:?]
=2025-04-24 23:33:19 [TestNG-tests-1] INFO  - Started Test: PracticeFormTest => testPracticeForm
=2025-04-24 23:33:29 [TestNG-tests-1] ERROR - Failed to click on menu.
org.openqa.selenium.NoSuchWindowException: no such window: target window already closed
from unknown error: web view not found
  (Session info: chrome=135.0.7049.114)
Build info: version: '4.28.1', revision: '73f5ad48a2'
System info: os.name: 'Windows 11', os.arch: 'amd64', os.version: '10.0', java.version: '21.0.6'
Driver info: org.openqa.selenium.chrome.ChromeDriver
Command: [81e1f2eaf9cea6d6157dff816ff22eb9, findElement {using=xpath, value=//li[@id='item-0']//span[text()='Practice Form']}]
Capabilities {acceptInsecureCerts: false, browserName: chrome, browserVersion: 135.0.7049.114, chrome: {chromedriverVersion: 135.0.7049.114 (63fd8a7d9d0..., userDataDir: C:\Users\nurul\AppData\Loca...}, fedcm:accounts: true, goog:chromeOptions: {debuggerAddress: localhost:54367}, networkConnectionEnabled: false, pageLoadStrategy: normal, platformName: windows, proxy: Proxy(), se:cdp: ws://localhost:54367/devtoo..., se:cdpVersion: 135.0.7049.114, setWindowRect: true, strictFileInteractability: false, timeouts: {implicit: 0, pageLoad: 300000, script: 30000}, unhandledPromptBehavior: dismiss and notify, webauthn:extension:credBlob: true, webauthn:extension:largeBlob: true, webauthn:extension:minPinLength: true, webauthn:extension:prf: true, webauthn:virtualAuthenticators: true}
Session ID: 81e1f2eaf9cea6d6157dff816ff22eb9
	at java.base/jdk.internal.reflect.DirectConstructorHandleAccessor.newInstance(DirectConstructorHandleAccessor.java:62) ~[?:?]
	at java.base/java.lang.reflect.Constructor.newInstanceWithCaller(Constructor.java:502) ~[?:?]
	at java.base/java.lang.reflect.Constructor.newInstance(Constructor.java:486) ~[?:?]
	at org.openqa.selenium.remote.ErrorCodec.decode(ErrorCodec.java:167) ~[selenium-remote-driver-4.28.1.jar:?]
	at org.openqa.selenium.remote.codec.w3c.W3CHttpResponseCodec.decode(W3CHttpResponseCodec.java:138) ~[selenium-remote-driver-4.28.1.jar:?]
	at org.openqa.selenium.remote.codec.w3c.W3CHttpResponseCodec.decode(W3CHttpResponseCodec.java:50) ~[selenium-remote-driver-4.28.1.jar:?]
	at org.openqa.selenium.remote.HttpCommandExecutor.execute(HttpCommandExecutor.java:215) ~[selenium-remote-driver-4.28.1.jar:?]
	at org.openqa.selenium.remote.service.DriverCommandExecutor.invokeExecute(DriverCommandExecutor.java:216) ~[selenium-remote-driver-4.28.1.jar:?]
	at org.openqa.selenium.remote.service.DriverCommandExecutor.execute(DriverCommandExecutor.java:174) ~[selenium-remote-driver-4.28.1.jar:?]
	at org.openqa.selenium.remote.RemoteWebDriver.execute(RemoteWebDriver.java:545) ~[selenium-remote-driver-4.28.1.jar:?]
	at org.openqa.selenium.remote.ElementLocation$ElementFinder$2.findElement(ElementLocation.java:165) ~[selenium-remote-driver-4.28.1.jar:?]
	at org.openqa.selenium.remote.ElementLocation.findElement(ElementLocation.java:59) ~[selenium-remote-driver-4.28.1.jar:?]
	at org.openqa.selenium.remote.RemoteWebDriver.findElement(RemoteWebDriver.java:368) ~[selenium-remote-driver-4.28.1.jar:?]
	at org.openqa.selenium.remote.RemoteWebDriver.findElement(RemoteWebDriver.java:362) ~[selenium-remote-driver-4.28.1.jar:?]
	at org.openqa.selenium.support.pagefactory.DefaultElementLocator.findElement(DefaultElementLocator.java:68) ~[selenium-support-4.28.1.jar:?]
	at org.openqa.selenium.support.pagefactory.internal.LocatingElementHandler.invoke(LocatingElementHandler.java:38) ~[selenium-support-4.28.1.jar:?]
	at jdk.proxy2/jdk.proxy2.$Proxy29.toString(Unknown Source) ~[?:?]
	at java.base/java.lang.String.valueOf(String.java:4465) ~[?:?]
	at org.openqa.selenium.support.ui.ExpectedConditions$10.toString(ExpectedConditions.java:295) ~[selenium-support-4.28.1.jar:?]
	at java.base/java.lang.String.valueOf(String.java:4465) ~[?:?]
	at org.openqa.selenium.support.ui.FluentWait.until(FluentWait.java:225) ~[selenium-support-4.28.1.jar:?]
	at com.demoqa.utils.CustomWait.waitForVisibilityOfElement(CustomWait.java:24) ~[classes/:?]
	at com.demoqa.pages.forms.PracticeForm.getPracticeForm(PracticeForm.java:28) ~[classes/:?]
	at com.demoqa.pages.forms.PracticeForm.clickOnPracticeFormMenu(PracticeForm.java:35) ~[classes/:?]
	at com.demoqa.tests.forms.PracticeFormTest.testPracticeForm(PracticeFormTest.java:16) ~[test-classes/:?]
	at java.base/jdk.internal.reflect.DirectMethodHandleAccessor.invoke(DirectMethodHandleAccessor.java:103) ~[?:?]
	at java.base/java.lang.reflect.Method.invoke(Method.java:580) ~[?:?]
	at org.testng.internal.invokers.MethodInvocationHelper.invokeMethod(MethodInvocationHelper.java:139) ~[testng-7.8.0.jar:7.8.0]
	at org.testng.internal.invokers.TestInvoker.invokeMethod(TestInvoker.java:664) ~[testng-7.8.0.jar:7.8.0]
	at org.testng.internal.invokers.TestInvoker.retryFailed(TestInvoker.java:248) ~[testng-7.8.0.jar:7.8.0]
	at org.testng.internal.invokers.MethodRunner.runInSequence(MethodRunner.java:62) ~[testng-7.8.0.jar:7.8.0]
	at org.testng.internal.invokers.TestInvoker$MethodInvocationAgent.invoke(TestInvoker.java:957) ~[testng-7.8.0.jar:7.8.0]
	at org.testng.internal.invokers.TestInvoker.invokeTestMethods(TestInvoker.java:200) ~[testng-7.8.0.jar:7.8.0]
	at org.testng.internal.invokers.TestMethodWorker.invokeTestMethods(TestMethodWorker.java:148) ~[testng-7.8.0.jar:7.8.0]
	at org.testng.internal.invokers.TestMethodWorker.run(TestMethodWorker.java:128) ~[testng-7.8.0.jar:7.8.0]
	at java.base/java.util.ArrayList.forEach(ArrayList.java:1596) ~[?:?]
	at org.testng.TestRunner.privateRun(TestRunner.java:848) ~[testng-7.8.0.jar:7.8.0]
	at org.testng.TestRunner.run(TestRunner.java:621) ~[testng-7.8.0.jar:7.8.0]
	at org.testng.SuiteRunner.runTest(SuiteRunner.java:443) ~[testng-7.8.0.jar:7.8.0]
	at org.testng.SuiteRunner$SuiteWorker.run(SuiteRunner.java:481) ~[testng-7.8.0.jar:7.8.0]
	at org.testng.internal.thread.ThreadUtil.lambda$execute$0(ThreadUtil.java:58) ~[testng-7.8.0.jar:7.8.0]
	at java.base/java.util.concurrent.FutureTask.run$$$capture(FutureTask.java:317) ~[?:?]
	at java.base/java.util.concurrent.FutureTask.run(FutureTask.java) ~[?:?]
	at java.base/java.util.concurrent.ThreadPoolExecutor.runWorker(ThreadPoolExecutor.java:1144) ~[?:?]
	at java.base/java.util.concurrent.ThreadPoolExecutor$Worker.run(ThreadPoolExecutor.java:642) ~[?:?]
	at java.base/java.lang.Thread.run(Thread.java:1583) [?:?]
=2025-04-24 23:33:29 [TestNG-tests-1] INFO  - Test Failed: PracticeFormTest => testPracticeForm
=2025-04-24 23:33:29 [TestNG-tests-1] INFO  - Test Failed: PracticeFormTest => testPracticeForm
=2025-04-24 23:34:35 [main] INFO  - Starting Execution for Test Suite => Demoqa_Sanity_Suite with Tag => sanity1
=2025-04-24 23:34:35 [TestNG-tests-1] INFO  - Starting Execution for Test=> Demoqa_PracticeFormPageTest_Sanity_Test
=2025-04-24 23:34:38 [TestNG-tests-1] INFO  - Opening the browser - Chrome
=2025-04-24 23:34:45 [TestNG-tests-1] INFO  - Clicked on forms.
=2025-04-24 23:34:45 [TestNG-tests-1] INFO  - Started Test: PracticeFormTest => testPracticeForm
=2025-04-24 23:34:45 [TestNG-tests-1] INFO  - Clicked on menu.
=2025-04-24 23:34:45 [TestNG-tests-1] INFO  - Test Successful: PracticeFormTest => testPracticeForm
=2025-04-24 23:34:46 [TestNG-tests-1] INFO  - Closing the browser - Chrome
=2025-04-24 23:54:01 [main] INFO  - Starting Execution for Test Suite => Demoqa_Sanity_Suite with Tag => sanity1
=2025-04-24 23:54:01 [TestNG-tests-1] INFO  - Starting Execution for Test=> Demoqa_PracticeFormPageTest_Sanity_Test
=2025-04-24 23:54:04 [TestNG-tests-1] INFO  - Opening the browser - Chrome
=2025-04-24 23:54:10 [TestNG-tests-1] INFO  - Clicked on forms.
=2025-04-24 23:54:10 [TestNG-tests-1] INFO  - Started Test: PracticeFormTest => testPracticeForm
=2025-04-24 23:54:10 [TestNG-tests-1] INFO  - Clicked on menu.
=2025-04-24 23:54:13 [TestNG-tests-1] INFO  - Input first name: Nurul
=2025-04-24 23:54:13 [TestNG-tests-1] INFO  - Input last name: Arifin
=2025-04-24 23:54:13 [TestNG-tests-1] INFO  - Input user email: nurularifin837@gmail.com
=2025-04-24 23:54:13 [TestNG-tests-1] INFO  - Input user number: 9286751167488
=2025-04-24 23:54:13 [TestNG-tests-1] INFO  - Test Successful: PracticeFormTest => testPracticeForm
=2025-04-24 23:54:14 [TestNG-tests-1] INFO  - Closing the browser - Chrome
=2025-04-25 08:42:15 [main] INFO  - Starting Execution for Test Suite => Demoqa_Sanity_Suite with Tag => sanity1
=2025-04-25 08:42:16 [TestNG-tests-1] INFO  - Starting Execution for Test=> Demoqa_PracticeFormPageTest_Sanity_Test
=2025-04-25 08:42:21 [TestNG-tests-1] INFO  - Opening the browser - Chrome
=2025-04-25 08:42:37 [TestNG-tests-1] INFO  - Clicked on forms.
=2025-04-25 08:42:37 [TestNG-tests-1] INFO  - Started Test: PracticeFormTest => testPracticeForm
=2025-04-25 08:42:37 [TestNG-tests-1] INFO  - Clicked on menu.
=2025-04-25 08:42:38 [TestNG-tests-1] INFO  - Input first name: Nurul
=2025-04-25 08:42:40 [TestNG-tests-1] INFO  - Input last name: Arifin
=2025-04-25 08:42:40 [TestNG-tests-1] INFO  - Input user email: nurularifin837@gmail.com
=2025-04-25 08:42:40 [TestNG-tests-1] INFO  - Input user number: 9286751167488
=2025-04-25 08:42:40 [TestNG-tests-1] INFO  - Test Successful: PracticeFormTest => testPracticeForm
=2025-04-25 08:42:42 [TestNG-tests-1] INFO  - Closing the browser - Chrome
=2025-04-25 10:56:00 [main] INFO  - Starting Execution for Test Suite => Demoqa_Sanity_Suite with Tag => sanity1
=2025-04-25 10:56:01 [TestNG-tests-1] INFO  - Starting Execution for Test=> Demoqa_PracticeFormPageTest_Sanity_Test
=2025-04-25 10:56:05 [TestNG-tests-1] INFO  - Opening the browser - Chrome
=2025-04-25 10:56:13 [TestNG-tests-1] INFO  - Clicked on forms.
=2025-04-25 10:56:13 [TestNG-tests-1] INFO  - Started Test: PracticeFormTest => testPracticeForm
=2025-04-25 10:56:13 [TestNG-tests-1] INFO  - Clicked on menu.
=2025-04-25 10:56:13 [TestNG-tests-1] INFO  - Input first name: Nurul
=2025-04-25 10:56:13 [TestNG-tests-1] INFO  - Input last name: Arifin
=2025-04-25 10:56:14 [TestNG-tests-1] INFO  - Input user email: nurularifin837@gmail.com
=2025-04-25 10:56:14 [TestNG-tests-1] INFO  - Clicked on gender.
=2025-04-25 10:56:14 [TestNG-tests-1] INFO  - Input user number: 9286751167488
=2025-04-25 10:56:15 [TestNG-tests-1] INFO  - Clicked on date of birth input.
=2025-04-25 10:56:15 [TestNG-tests-1] INFO  - Clicked on date.
=2025-04-25 10:56:15 [TestNG-tests-1] INFO  - Test Successful: PracticeFormTest => testPracticeForm
=2025-04-25 10:56:15 [TestNG-tests-1] INFO  - Closing the browser - Chrome
=2025-04-25 10:56:28 [main] INFO  - Starting Execution for Test Suite => Demoqa_Sanity_Suite with Tag => sanity1
=2025-04-25 10:56:28 [TestNG-tests-1] INFO  - Starting Execution for Test=> Demoqa_PracticeFormPageTest_Sanity_Test
=2025-04-25 10:56:30 [TestNG-tests-1] INFO  - Opening the browser - Chrome
=2025-04-25 10:56:35 [TestNG-tests-1] INFO  - Clicked on forms.
=2025-04-25 10:56:35 [TestNG-tests-1] INFO  - Started Test: PracticeFormTest => testPracticeForm
=2025-04-25 10:56:35 [TestNG-tests-1] INFO  - Clicked on menu.
=2025-04-25 10:56:36 [TestNG-tests-1] INFO  - Input first name: Nurul
=2025-04-25 10:56:36 [TestNG-tests-1] INFO  - Input last name: Arifin
=2025-04-25 10:56:36 [TestNG-tests-1] INFO  - Input user email: nurularifin837@gmail.com
=2025-04-25 10:56:36 [TestNG-tests-1] INFO  - Clicked on gender.
=2025-04-25 10:56:37 [TestNG-tests-1] INFO  - Input user number: 9286751167488
=2025-04-25 10:56:37 [TestNG-tests-1] INFO  - Clicked on date of birth input.
=2025-04-25 10:56:37 [TestNG-tests-1] INFO  - Clicked on date.
=2025-04-25 10:56:37 [TestNG-tests-1] INFO  - Test Successful: PracticeFormTest => testPracticeForm
=2025-04-25 10:56:37 [TestNG-tests-1] INFO  - Closing the browser - Chrome
=2025-04-25 11:22:42 [main] INFO  - Starting Execution for Test Suite => Demoqa_Sanity_Suite with Tag => sanity1
=2025-04-25 11:22:42 [TestNG-tests-1] INFO  - Starting Execution for Test=> Demoqa_PracticeFormPageTest_Sanity_Test
=2025-04-25 11:22:45 [TestNG-tests-1] INFO  - Opening the browser - Chrome
=2025-04-25 11:22:50 [TestNG-tests-1] INFO  - Clicked on forms.
=2025-04-25 11:22:50 [TestNG-tests-1] INFO  - Started Test: PracticeFormTest => testPracticeForm
=2025-04-25 11:22:50 [TestNG-tests-1] INFO  - Clicked on menu.
=2025-04-25 11:22:50 [TestNG-tests-1] INFO  - Input first name: Nurul
=2025-04-25 11:22:51 [TestNG-tests-1] INFO  - Input last name: Arifin
=2025-04-25 11:22:52 [TestNG-tests-1] INFO  - Input user email: nurularifin837@gmail.com
=2025-04-25 11:22:52 [TestNG-tests-1] INFO  - Clicked on gender.
=2025-04-25 11:22:52 [TestNG-tests-1] INFO  - Input user number: 92908789090
=2025-04-25 11:22:52 [TestNG-tests-1] INFO  - Clicked on date of birth input.
=2025-04-25 11:22:53 [TestNG-tests-1] INFO  - Clicked on date.
=2025-04-25 11:22:53 [TestNG-tests-1] INFO  - Input the subject: dkjashds ahdjash djksahkj dhsadsa
=2025-04-25 11:22:53 [TestNG-tests-1] INFO  - Clicked on hobbies
=2025-04-25 11:22:53 [TestNG-tests-1] INFO  - Input the currecnt address: Jl. Persada I No. 27
=2025-04-25 11:22:53 [TestNG-tests-1] INFO  - Clicked the submit button
=2025-04-25 11:22:53 [TestNG-tests-1] INFO  - Test Successful: PracticeFormTest => testPracticeForm
=2025-04-25 11:22:54 [TestNG-tests-1] INFO  - Closing the browser - Chrome
=2025-04-25 11:24:04 [main] INFO  - Starting Execution for Test Suite => Demoqa_Sanity_Suite with Tag => sanity1
=2025-04-25 11:24:05 [TestNG-tests-1] INFO  - Starting Execution for Test=> Demoqa_PracticeFormPageTest_Sanity_Test
=2025-04-25 11:24:07 [TestNG-tests-1] INFO  - Opening the browser - Chrome
=2025-04-25 11:24:33 [TestNG-tests-1] INFO  - Clicked on forms.
=2025-04-25 11:24:33 [TestNG-tests-1] INFO  - Started Test: PracticeFormTest => testPracticeForm
=2025-04-25 11:24:34 [TestNG-tests-1] INFO  - Clicked on menu.
=2025-04-25 11:24:35 [TestNG-tests-1] INFO  - Input first name: Nurul
=2025-04-25 11:24:36 [TestNG-tests-1] INFO  - Input last name: Arifin
=2025-04-25 11:24:36 [TestNG-tests-1] INFO  - Input user email: nurularifin837@gmail.com
=2025-04-25 11:24:36 [TestNG-tests-1] INFO  - Clicked on gender.
=2025-04-25 11:24:36 [TestNG-tests-1] INFO  - Input user number: 92908789090
=2025-04-25 11:24:37 [TestNG-tests-1] INFO  - Clicked on date of birth input.
=2025-04-25 11:24:37 [TestNG-tests-1] INFO  - Clicked on date.
=2025-04-25 11:24:37 [TestNG-tests-1] INFO  - Input the subject: dkjashds ahdjash djksahkj dhsadsa
=2025-04-25 11:24:37 [TestNG-tests-1] INFO  - Clicked on hobbies
=2025-04-25 11:24:38 [TestNG-tests-1] INFO  - Input the currecnt address: Jl. Persada I No. 27
=2025-04-25 11:24:38 [TestNG-tests-1] INFO  - Clicked the submit button
=2025-04-25 11:24:38 [TestNG-tests-1] INFO  - Test Successful: PracticeFormTest => testPracticeForm
=2025-04-25 11:24:38 [TestNG-tests-1] INFO  - Closing the browser - Chrome
=2025-04-27 08:57:07 [main] INFO  - Starting Execution for Test Suite => Demoqa_Sanity_Suite with Tag => sanity1
=2025-04-27 08:57:08 [TestNG-tests-1] INFO  - Starting Execution for Test=> Demoqa_AlertsFrameWindowsPageTest_Sanity_Test
=2025-04-27 08:57:13 [TestNG-tests-1] INFO  - Opening the browser - Chrome
=2025-04-27 08:57:19 [main] INFO  - Starting Execution for Test Suite => Demoqa_Sanity_Suite with Tag => sanity1
=2025-04-27 08:57:20 [TestNG-tests-1] INFO  - Clicked on alerts frame and windows.
=2025-04-27 08:57:20 [TestNG-tests-1] INFO  - Starting Execution for Test=> Demoqa_AlertsFrameWindowsPageTest_Sanity_Test
=2025-04-27 08:57:20 [TestNG-tests-1] INFO  - Started Test: AlertsFrameWindowsPageTest => testNewTabButton
=2025-04-27 08:57:26 [TestNG-tests-1] INFO  - Clicked on Browser Windows Menu.
=2025-04-27 08:57:26 [TestNG-tests-1] INFO  - Opening the browser - Chrome
=2025-04-27 08:57:27 [TestNG-tests-1] INFO  - Clicked on New Tab Button.
=2025-04-27 08:57:33 [TestNG-tests-1] INFO  - Clicked on alerts frame and windows.
=2025-04-27 08:57:33 [TestNG-tests-1] INFO  - Started Test: AlertsFrameWindowsPageTest => testNewTabButton
=2025-04-27 08:57:33 [TestNG-tests-1] INFO  - Clicked on Browser Windows Menu.
=2025-04-27 08:57:37 [TestNG-tests-1] ERROR - Failed to read heading text.
org.openqa.selenium.NoSuchElementException: no such element: Unable to locate element: {"method":"xpath","selector":"//h1[@id='sampleHeading']"}
  (Session info: chrome=135.0.7049.115)
For documentation on this error, please visit: https://www.selenium.dev/documentation/webdriver/troubleshooting/errors#no-such-element-exception
Build info: version: '4.28.1', revision: '73f5ad48a2'
System info: os.name: 'Windows 11', os.arch: 'amd64', os.version: '10.0', java.version: '21.0.6'
Driver info: org.openqa.selenium.chrome.ChromeDriver
Command: [d5d95810bba1e454035dfaec9e43c74a, findElement {using=xpath, value=//h1[@id='sampleHeading']}]
Capabilities {acceptInsecureCerts: false, browserName: chrome, browserVersion: 135.0.7049.115, chrome: {chromedriverVersion: 135.0.7049.114 (63fd8a7d9d0..., userDataDir: C:\Users\nurul\AppData\Loca...}, fedcm:accounts: true, goog:chromeOptions: {debuggerAddress: localhost:52597}, networkConnectionEnabled: false, pageLoadStrategy: normal, platformName: windows, proxy: Proxy(), se:cdp: ws://localhost:52597/devtoo..., se:cdpVersion: 135.0.7049.115, setWindowRect: true, strictFileInteractability: false, timeouts: {implicit: 0, pageLoad: 300000, script: 30000}, unhandledPromptBehavior: dismiss and notify, webauthn:extension:credBlob: true, webauthn:extension:largeBlob: true, webauthn:extension:minPinLength: true, webauthn:extension:prf: true, webauthn:virtualAuthenticators: true}
Session ID: d5d95810bba1e454035dfaec9e43c74a
	at java.base/jdk.internal.reflect.DirectConstructorHandleAccessor.newInstance(DirectConstructorHandleAccessor.java:62) ~[?:?]
	at java.base/java.lang.reflect.Constructor.newInstanceWithCaller(Constructor.java:502) ~[?:?]
	at java.base/java.lang.reflect.Constructor.newInstance(Constructor.java:486) ~[?:?]
	at org.openqa.selenium.remote.ErrorCodec.decode(ErrorCodec.java:167) ~[selenium-remote-driver-4.28.1.jar:?]
	at org.openqa.selenium.remote.codec.w3c.W3CHttpResponseCodec.decode(W3CHttpResponseCodec.java:138) ~[selenium-remote-driver-4.28.1.jar:?]
	at org.openqa.selenium.remote.codec.w3c.W3CHttpResponseCodec.decode(W3CHttpResponseCodec.java:50) ~[selenium-remote-driver-4.28.1.jar:?]
	at org.openqa.selenium.remote.HttpCommandExecutor.execute(HttpCommandExecutor.java:215) ~[selenium-remote-driver-4.28.1.jar:?]
	at org.openqa.selenium.remote.service.DriverCommandExecutor.invokeExecute(DriverCommandExecutor.java:216) ~[selenium-remote-driver-4.28.1.jar:?]
	at org.openqa.selenium.remote.service.DriverCommandExecutor.execute(DriverCommandExecutor.java:174) ~[selenium-remote-driver-4.28.1.jar:?]
	at org.openqa.selenium.remote.RemoteWebDriver.execute(RemoteWebDriver.java:545) ~[selenium-remote-driver-4.28.1.jar:?]
	at org.openqa.selenium.remote.ElementLocation$ElementFinder$2.findElement(ElementLocation.java:165) ~[selenium-remote-driver-4.28.1.jar:?]
	at org.openqa.selenium.remote.ElementLocation.findElement(ElementLocation.java:59) ~[selenium-remote-driver-4.28.1.jar:?]
	at org.openqa.selenium.remote.RemoteWebDriver.findElement(RemoteWebDriver.java:368) ~[selenium-remote-driver-4.28.1.jar:?]
	at org.openqa.selenium.remote.RemoteWebDriver.findElement(RemoteWebDriver.java:362) ~[selenium-remote-driver-4.28.1.jar:?]
	at org.openqa.selenium.support.pagefactory.DefaultElementLocator.findElement(DefaultElementLocator.java:68) ~[selenium-support-4.28.1.jar:?]
	at org.openqa.selenium.support.pagefactory.internal.LocatingElementHandler.invoke(LocatingElementHandler.java:38) ~[selenium-support-4.28.1.jar:?]
	at jdk.proxy2/jdk.proxy2.$Proxy29.getText(Unknown Source) ~[?:?]
	at com.demoqa.pages.alerts_frame_windows.BrowserWindowsPage.readSampleHeading(AlertsFrameWindowsPage.java:51) ~[classes/:?]
	at com.demoqa.tests.alerts_frame_windows.AlertsFrameWindowsPageTest.testNewTabButton(AlertsFrameWindowsPageTest.java:19) ~[test-classes/:?]
	at java.base/jdk.internal.reflect.DirectMethodHandleAccessor.invoke(DirectMethodHandleAccessor.java:103) ~[?:?]
	at java.base/java.lang.reflect.Method.invoke(Method.java:580) ~[?:?]
	at org.testng.internal.invokers.MethodInvocationHelper.invokeMethod(MethodInvocationHelper.java:139) ~[testng-7.8.0.jar:7.8.0]
	at org.testng.internal.invokers.TestInvoker.invokeMethod(TestInvoker.java:664) ~[testng-7.8.0.jar:7.8.0]
	at org.testng.internal.invokers.TestInvoker.invokeTestMethod(TestInvoker.java:227) ~[testng-7.8.0.jar:7.8.0]
	at org.testng.internal.invokers.MethodRunner.runInSequence(MethodRunner.java:50) ~[testng-7.8.0.jar:7.8.0]
	at org.testng.internal.invokers.TestInvoker$MethodInvocationAgent.invoke(TestInvoker.java:957) ~[testng-7.8.0.jar:7.8.0]
	at org.testng.internal.invokers.TestInvoker.invokeTestMethods(TestInvoker.java:200) ~[testng-7.8.0.jar:7.8.0]
	at org.testng.internal.invokers.TestMethodWorker.invokeTestMethods(TestMethodWorker.java:148) ~[testng-7.8.0.jar:7.8.0]
	at org.testng.internal.invokers.TestMethodWorker.run(TestMethodWorker.java:128) ~[testng-7.8.0.jar:7.8.0]
	at java.base/java.util.ArrayList.forEach(ArrayList.java:1596) ~[?:?]
	at org.testng.TestRunner.privateRun(TestRunner.java:848) ~[testng-7.8.0.jar:7.8.0]
	at org.testng.TestRunner.run(TestRunner.java:621) ~[testng-7.8.0.jar:7.8.0]
	at org.testng.SuiteRunner.runTest(SuiteRunner.java:443) ~[testng-7.8.0.jar:7.8.0]
	at org.testng.SuiteRunner$SuiteWorker.run(SuiteRunner.java:481) ~[testng-7.8.0.jar:7.8.0]
	at org.testng.internal.thread.ThreadUtil.lambda$execute$0(ThreadUtil.java:58) ~[testng-7.8.0.jar:7.8.0]
	at java.base/java.util.concurrent.FutureTask.run$$$capture(FutureTask.java:317) ~[?:?]
	at java.base/java.util.concurrent.FutureTask.run(FutureTask.java) ~[?:?]
	at java.base/java.util.concurrent.ThreadPoolExecutor.runWorker(ThreadPoolExecutor.java:1144) ~[?:?]
	at java.base/java.util.concurrent.ThreadPoolExecutor$Worker.run(ThreadPoolExecutor.java:642) ~[?:?]
	at java.base/java.lang.Thread.run(Thread.java:1583) [?:?]
=2025-04-27 08:57:37 [TestNG-tests-1] INFO  - Test Skipped: AlertsFrameWindowsPageTest => testNewTabButton
=2025-04-27 08:57:38 [TestNG-tests-1] INFO  - Clicked on New Tab Button.
=2025-04-27 08:57:39 [TestNG-tests-1] INFO  - Closing the browser - Chrome
=2025-04-27 08:57:41 [TestNG-tests-1] INFO  - Opening the browser - Chrome
=2025-04-27 08:57:48 [TestNG-tests-1] INFO  - Clicked on alerts frame and windows.
=2025-04-27 08:57:48 [TestNG-tests-1] INFO  - Started Test: AlertsFrameWindowsPageTest => testNewTabButton
=2025-04-27 08:57:48 [TestNG-tests-1] INFO  - Clicked on Browser Windows Menu.
=2025-04-27 08:57:49 [TestNG-tests-1] ERROR - Failed to read heading text.
org.openqa.selenium.NoSuchElementException: no such element: Unable to locate element: {"method":"xpath","selector":"//h1[@id='sampleHeading']"}
  (Session info: chrome=135.0.7049.115)
For documentation on this error, please visit: https://www.selenium.dev/documentation/webdriver/troubleshooting/errors#no-such-element-exception
Build info: version: '4.28.1', revision: '73f5ad48a2'
System info: os.name: 'Windows 11', os.arch: 'amd64', os.version: '10.0', java.version: '21.0.6'
Driver info: org.openqa.selenium.chrome.ChromeDriver
Command: [d80ef72e970ce57f01fea14631c2b348, findElement {value=//h1[@id='sampleHeading'], using=xpath}]
Capabilities {acceptInsecureCerts: false, browserName: chrome, browserVersion: 135.0.7049.115, chrome: {chromedriverVersion: 135.0.7049.114 (63fd8a7d9d0..., userDataDir: C:\Users\nurul\AppData\Loca...}, fedcm:accounts: true, goog:chromeOptions: {debuggerAddress: localhost:52821}, networkConnectionEnabled: false, pageLoadStrategy: normal, platformName: windows, proxy: Proxy(), se:cdp: ws://localhost:52821/devtoo..., se:cdpVersion: 135.0.7049.115, setWindowRect: true, strictFileInteractability: false, timeouts: {implicit: 0, pageLoad: 300000, script: 30000}, unhandledPromptBehavior: dismiss and notify, webauthn:extension:credBlob: true, webauthn:extension:largeBlob: true, webauthn:extension:minPinLength: true, webauthn:extension:prf: true, webauthn:virtualAuthenticators: true}
Session ID: d80ef72e970ce57f01fea14631c2b348
	at java.base/jdk.internal.reflect.DirectConstructorHandleAccessor.newInstance(DirectConstructorHandleAccessor.java:62) ~[?:?]
	at java.base/java.lang.reflect.Constructor.newInstanceWithCaller(Constructor.java:502) ~[?:?]
	at java.base/java.lang.reflect.Constructor.newInstance(Constructor.java:486) ~[?:?]
	at org.openqa.selenium.remote.ErrorCodec.decode(ErrorCodec.java:167) ~[selenium-remote-driver-4.28.1.jar:?]
	at org.openqa.selenium.remote.codec.w3c.W3CHttpResponseCodec.decode(W3CHttpResponseCodec.java:138) ~[selenium-remote-driver-4.28.1.jar:?]
	at org.openqa.selenium.remote.codec.w3c.W3CHttpResponseCodec.decode(W3CHttpResponseCodec.java:50) ~[selenium-remote-driver-4.28.1.jar:?]
	at org.openqa.selenium.remote.HttpCommandExecutor.execute(HttpCommandExecutor.java:215) ~[selenium-remote-driver-4.28.1.jar:?]
	at org.openqa.selenium.remote.service.DriverCommandExecutor.invokeExecute(DriverCommandExecutor.java:216) ~[selenium-remote-driver-4.28.1.jar:?]
	at org.openqa.selenium.remote.service.DriverCommandExecutor.execute(DriverCommandExecutor.java:174) ~[selenium-remote-driver-4.28.1.jar:?]
	at org.openqa.selenium.remote.RemoteWebDriver.execute(RemoteWebDriver.java:545) ~[selenium-remote-driver-4.28.1.jar:?]
	at org.openqa.selenium.remote.ElementLocation$ElementFinder$2.findElement(ElementLocation.java:165) ~[selenium-remote-driver-4.28.1.jar:?]
	at org.openqa.selenium.remote.ElementLocation.findElement(ElementLocation.java:59) ~[selenium-remote-driver-4.28.1.jar:?]
	at org.openqa.selenium.remote.RemoteWebDriver.findElement(RemoteWebDriver.java:368) ~[selenium-remote-driver-4.28.1.jar:?]
	at org.openqa.selenium.remote.RemoteWebDriver.findElement(RemoteWebDriver.java:362) ~[selenium-remote-driver-4.28.1.jar:?]
	at org.openqa.selenium.support.pagefactory.DefaultElementLocator.findElement(DefaultElementLocator.java:68) ~[selenium-support-4.28.1.jar:?]
	at org.openqa.selenium.support.pagefactory.internal.LocatingElementHandler.invoke(LocatingElementHandler.java:38) ~[selenium-support-4.28.1.jar:?]
	at jdk.proxy2/jdk.proxy2.$Proxy29.getText(Unknown Source) ~[?:?]
	at com.demoqa.pages.alerts_frame_windows.BrowserWindowsPage.readSampleHeading(AlertsFrameWindowsPage.java:51) ~[classes/:?]
	at com.demoqa.tests.alerts_frame_windows.AlertsFrameWindowsPageTest.testNewTabButton(AlertsFrameWindowsPageTest.java:19) ~[test-classes/:?]
	at java.base/jdk.internal.reflect.DirectMethodHandleAccessor.invoke(DirectMethodHandleAccessor.java:103) ~[?:?]
	at java.base/java.lang.reflect.Method.invoke(Method.java:580) ~[?:?]
	at org.testng.internal.invokers.MethodInvocationHelper.invokeMethod(MethodInvocationHelper.java:139) ~[testng-7.8.0.jar:7.8.0]
	at org.testng.internal.invokers.TestInvoker.invokeMethod(TestInvoker.java:664) ~[testng-7.8.0.jar:7.8.0]
	at org.testng.internal.invokers.TestInvoker.invokeTestMethod(TestInvoker.java:227) ~[testng-7.8.0.jar:7.8.0]
	at org.testng.internal.invokers.MethodRunner.runInSequence(MethodRunner.java:50) ~[testng-7.8.0.jar:7.8.0]
	at org.testng.internal.invokers.TestInvoker$MethodInvocationAgent.invoke(TestInvoker.java:957) ~[testng-7.8.0.jar:7.8.0]
	at org.testng.internal.invokers.TestInvoker.invokeTestMethods(TestInvoker.java:200) ~[testng-7.8.0.jar:7.8.0]
	at org.testng.internal.invokers.TestMethodWorker.invokeTestMethods(TestMethodWorker.java:148) ~[testng-7.8.0.jar:7.8.0]
	at org.testng.internal.invokers.TestMethodWorker.run(TestMethodWorker.java:128) ~[testng-7.8.0.jar:7.8.0]
	at java.base/java.util.ArrayList.forEach(ArrayList.java:1596) ~[?:?]
	at org.testng.TestRunner.privateRun(TestRunner.java:848) ~[testng-7.8.0.jar:7.8.0]
	at org.testng.TestRunner.run(TestRunner.java:621) ~[testng-7.8.0.jar:7.8.0]
	at org.testng.SuiteRunner.runTest(SuiteRunner.java:443) ~[testng-7.8.0.jar:7.8.0]
	at org.testng.SuiteRunner$SuiteWorker.run(SuiteRunner.java:481) ~[testng-7.8.0.jar:7.8.0]
	at org.testng.internal.thread.ThreadUtil.lambda$execute$0(ThreadUtil.java:58) ~[testng-7.8.0.jar:7.8.0]
	at java.base/java.util.concurrent.FutureTask.run$$$capture(FutureTask.java:317) ~[?:?]
	at java.base/java.util.concurrent.FutureTask.run(FutureTask.java) ~[?:?]
	at java.base/java.util.concurrent.ThreadPoolExecutor.runWorker(ThreadPoolExecutor.java:1144) ~[?:?]
	at java.base/java.util.concurrent.ThreadPoolExecutor$Worker.run(ThreadPoolExecutor.java:642) ~[?:?]
	at java.base/java.lang.Thread.run(Thread.java:1583) [?:?]
=2025-04-27 08:57:50 [TestNG-tests-1] INFO  - Test Skipped: AlertsFrameWindowsPageTest => testNewTabButton
=2025-04-27 08:57:53 [TestNG-tests-1] INFO  - Clicked on New Tab Button.
=2025-04-27 08:57:54 [TestNG-tests-1] INFO  - Closing the browser - Chrome
=2025-04-27 08:57:56 [TestNG-tests-1] INFO  - Opening the browser - Chrome
=2025-04-27 08:58:03 [TestNG-tests-1] INFO  - Clicked on alerts frame and windows.
=2025-04-27 08:58:03 [TestNG-tests-1] INFO  - Started Test: AlertsFrameWindowsPageTest => testNewTabButton
=2025-04-27 08:58:03 [TestNG-tests-1] INFO  - Clicked on Browser Windows Menu.
=2025-04-27 08:58:03 [TestNG-tests-1] ERROR - Failed to read heading text.
org.openqa.selenium.NoSuchElementException: no such element: Unable to locate element: {"method":"xpath","selector":"//h1[@id='sampleHeading']"}
  (Session info: chrome=135.0.7049.115)
For documentation on this error, please visit: https://www.selenium.dev/documentation/webdriver/troubleshooting/errors#no-such-element-exception
Build info: version: '4.28.1', revision: '73f5ad48a2'
System info: os.name: 'Windows 11', os.arch: 'amd64', os.version: '10.0', java.version: '21.0.6'
Driver info: org.openqa.selenium.chrome.ChromeDriver
Command: [10745d44d6707c80c9335acf582bac84, findElement {using=xpath, value=//h1[@id='sampleHeading']}]
Capabilities {acceptInsecureCerts: false, browserName: chrome, browserVersion: 135.0.7049.115, chrome: {chromedriverVersion: 135.0.7049.114 (63fd8a7d9d0..., userDataDir: C:\Users\nurul\AppData\Loca...}, fedcm:accounts: true, goog:chromeOptions: {debuggerAddress: localhost:53069}, networkConnectionEnabled: false, pageLoadStrategy: normal, platformName: windows, proxy: Proxy(), se:cdp: ws://localhost:53069/devtoo..., se:cdpVersion: 135.0.7049.115, setWindowRect: true, strictFileInteractability: false, timeouts: {implicit: 0, pageLoad: 300000, script: 30000}, unhandledPromptBehavior: dismiss and notify, webauthn:extension:credBlob: true, webauthn:extension:largeBlob: true, webauthn:extension:minPinLength: true, webauthn:extension:prf: true, webauthn:virtualAuthenticators: true}
Session ID: 10745d44d6707c80c9335acf582bac84
	at java.base/jdk.internal.reflect.DirectConstructorHandleAccessor.newInstance(DirectConstructorHandleAccessor.java:62) ~[?:?]
	at java.base/java.lang.reflect.Constructor.newInstanceWithCaller(Constructor.java:502) ~[?:?]
	at java.base/java.lang.reflect.Constructor.newInstance(Constructor.java:486) ~[?:?]
	at org.openqa.selenium.remote.ErrorCodec.decode(ErrorCodec.java:167) ~[selenium-remote-driver-4.28.1.jar:?]
	at org.openqa.selenium.remote.codec.w3c.W3CHttpResponseCodec.decode(W3CHttpResponseCodec.java:138) ~[selenium-remote-driver-4.28.1.jar:?]
	at org.openqa.selenium.remote.codec.w3c.W3CHttpResponseCodec.decode(W3CHttpResponseCodec.java:50) ~[selenium-remote-driver-4.28.1.jar:?]
	at org.openqa.selenium.remote.HttpCommandExecutor.execute(HttpCommandExecutor.java:215) ~[selenium-remote-driver-4.28.1.jar:?]
	at org.openqa.selenium.remote.service.DriverCommandExecutor.invokeExecute(DriverCommandExecutor.java:216) ~[selenium-remote-driver-4.28.1.jar:?]
	at org.openqa.selenium.remote.service.DriverCommandExecutor.execute(DriverCommandExecutor.java:174) ~[selenium-remote-driver-4.28.1.jar:?]
	at org.openqa.selenium.remote.RemoteWebDriver.execute(RemoteWebDriver.java:545) ~[selenium-remote-driver-4.28.1.jar:?]
	at org.openqa.selenium.remote.ElementLocation$ElementFinder$2.findElement(ElementLocation.java:165) ~[selenium-remote-driver-4.28.1.jar:?]
	at org.openqa.selenium.remote.ElementLocation.findElement(ElementLocation.java:59) ~[selenium-remote-driver-4.28.1.jar:?]
	at org.openqa.selenium.remote.RemoteWebDriver.findElement(RemoteWebDriver.java:368) ~[selenium-remote-driver-4.28.1.jar:?]
	at org.openqa.selenium.remote.RemoteWebDriver.findElement(RemoteWebDriver.java:362) ~[selenium-remote-driver-4.28.1.jar:?]
	at org.openqa.selenium.support.pagefactory.DefaultElementLocator.findElement(DefaultElementLocator.java:68) ~[selenium-support-4.28.1.jar:?]
	at org.openqa.selenium.support.pagefactory.internal.LocatingElementHandler.invoke(LocatingElementHandler.java:38) ~[selenium-support-4.28.1.jar:?]
	at jdk.proxy2/jdk.proxy2.$Proxy29.getText(Unknown Source) ~[?:?]
	at com.demoqa.pages.alerts_frame_windows.BrowserWindowsPage.readSampleHeading(AlertsFrameWindowsPage.java:51) ~[classes/:?]
	at com.demoqa.tests.alerts_frame_windows.AlertsFrameWindowsPageTest.testNewTabButton(AlertsFrameWindowsPageTest.java:19) ~[test-classes/:?]
	at java.base/jdk.internal.reflect.DirectMethodHandleAccessor.invoke(DirectMethodHandleAccessor.java:103) ~[?:?]
	at java.base/java.lang.reflect.Method.invoke(Method.java:580) ~[?:?]
	at org.testng.internal.invokers.MethodInvocationHelper.invokeMethod(MethodInvocationHelper.java:139) ~[testng-7.8.0.jar:7.8.0]
	at org.testng.internal.invokers.TestInvoker.invokeMethod(TestInvoker.java:664) ~[testng-7.8.0.jar:7.8.0]
	at org.testng.internal.invokers.TestInvoker.retryFailed(TestInvoker.java:248) ~[testng-7.8.0.jar:7.8.0]
	at org.testng.internal.invokers.MethodRunner.runInSequence(MethodRunner.java:62) ~[testng-7.8.0.jar:7.8.0]
	at org.testng.internal.invokers.TestInvoker$MethodInvocationAgent.invoke(TestInvoker.java:957) ~[testng-7.8.0.jar:7.8.0]
	at org.testng.internal.invokers.TestInvoker.invokeTestMethods(TestInvoker.java:200) ~[testng-7.8.0.jar:7.8.0]
	at org.testng.internal.invokers.TestMethodWorker.invokeTestMethods(TestMethodWorker.java:148) ~[testng-7.8.0.jar:7.8.0]
	at org.testng.internal.invokers.TestMethodWorker.run(TestMethodWorker.java:128) ~[testng-7.8.0.jar:7.8.0]
	at java.base/java.util.ArrayList.forEach(ArrayList.java:1596) ~[?:?]
	at org.testng.TestRunner.privateRun(TestRunner.java:848) ~[testng-7.8.0.jar:7.8.0]
	at org.testng.TestRunner.run(TestRunner.java:621) ~[testng-7.8.0.jar:7.8.0]
	at org.testng.SuiteRunner.runTest(SuiteRunner.java:443) ~[testng-7.8.0.jar:7.8.0]
	at org.testng.SuiteRunner$SuiteWorker.run(SuiteRunner.java:481) ~[testng-7.8.0.jar:7.8.0]
	at org.testng.internal.thread.ThreadUtil.lambda$execute$0(ThreadUtil.java:58) ~[testng-7.8.0.jar:7.8.0]
	at java.base/java.util.concurrent.FutureTask.run$$$capture(FutureTask.java:317) ~[?:?]
	at java.base/java.util.concurrent.FutureTask.run(FutureTask.java) ~[?:?]
	at java.base/java.util.concurrent.ThreadPoolExecutor.runWorker(ThreadPoolExecutor.java:1144) ~[?:?]
	at java.base/java.util.concurrent.ThreadPoolExecutor$Worker.run(ThreadPoolExecutor.java:642) ~[?:?]
	at java.base/java.lang.Thread.run(Thread.java:1583) [?:?]
=2025-04-27 08:58:04 [TestNG-tests-1] INFO  - Test Failed: AlertsFrameWindowsPageTest => testNewTabButton
=2025-04-27 08:58:08 [TestNG-tests-1] INFO  - Clicked on New Tab Button.
=2025-04-27 08:58:10 [TestNG-tests-1] INFO  - Closing the browser - Chrome
=2025-04-27 08:58:19 [TestNG-tests-1] ERROR - Failed to read heading text.
org.openqa.selenium.NoSuchElementException: no such element: Unable to locate element: {"method":"xpath","selector":"//h1[@id='sampleHeading']"}
  (Session info: chrome=135.0.7049.115)
For documentation on this error, please visit: https://www.selenium.dev/documentation/webdriver/troubleshooting/errors#no-such-element-exception
Build info: version: '4.28.1', revision: '73f5ad48a2'
System info: os.name: 'Windows 11', os.arch: 'amd64', os.version: '10.0', java.version: '21.0.6'
Driver info: org.openqa.selenium.chrome.ChromeDriver
Command: [b9cd5bc9abbd5bcd3b252a864120dd76, findElement {value=//h1[@id='sampleHeading'], using=xpath}]
Capabilities {acceptInsecureCerts: false, browserName: chrome, browserVersion: 135.0.7049.115, chrome: {chromedriverVersion: 135.0.7049.114 (63fd8a7d9d0..., userDataDir: C:\Users\nurul\AppData\Loca...}, fedcm:accounts: true, goog:chromeOptions: {debuggerAddress: localhost:53220}, networkConnectionEnabled: false, pageLoadStrategy: normal, platformName: windows, proxy: Proxy(), se:cdp: ws://localhost:53220/devtoo..., se:cdpVersion: 135.0.7049.115, setWindowRect: true, strictFileInteractability: false, timeouts: {implicit: 0, pageLoad: 300000, script: 30000}, unhandledPromptBehavior: dismiss and notify, webauthn:extension:credBlob: true, webauthn:extension:largeBlob: true, webauthn:extension:minPinLength: true, webauthn:extension:prf: true, webauthn:virtualAuthenticators: true}
Session ID: b9cd5bc9abbd5bcd3b252a864120dd76
	at java.base/jdk.internal.reflect.DirectConstructorHandleAccessor.newInstance(DirectConstructorHandleAccessor.java:62) ~[?:?]
	at java.base/java.lang.reflect.Constructor.newInstanceWithCaller(Constructor.java:502) ~[?:?]
	at java.base/java.lang.reflect.Constructor.newInstance(Constructor.java:486) ~[?:?]
	at org.openqa.selenium.remote.ErrorCodec.decode(ErrorCodec.java:167) ~[selenium-remote-driver-4.28.1.jar:?]
	at org.openqa.selenium.remote.codec.w3c.W3CHttpResponseCodec.decode(W3CHttpResponseCodec.java:138) ~[selenium-remote-driver-4.28.1.jar:?]
	at org.openqa.selenium.remote.codec.w3c.W3CHttpResponseCodec.decode(W3CHttpResponseCodec.java:50) ~[selenium-remote-driver-4.28.1.jar:?]
	at org.openqa.selenium.remote.HttpCommandExecutor.execute(HttpCommandExecutor.java:215) ~[selenium-remote-driver-4.28.1.jar:?]
	at org.openqa.selenium.remote.service.DriverCommandExecutor.invokeExecute(DriverCommandExecutor.java:216) ~[selenium-remote-driver-4.28.1.jar:?]
	at org.openqa.selenium.remote.service.DriverCommandExecutor.execute(DriverCommandExecutor.java:174) ~[selenium-remote-driver-4.28.1.jar:?]
	at org.openqa.selenium.remote.RemoteWebDriver.execute(RemoteWebDriver.java:545) ~[selenium-remote-driver-4.28.1.jar:?]
	at org.openqa.selenium.remote.ElementLocation$ElementFinder$2.findElement(ElementLocation.java:165) ~[selenium-remote-driver-4.28.1.jar:?]
	at org.openqa.selenium.remote.ElementLocation.findElement(ElementLocation.java:59) ~[selenium-remote-driver-4.28.1.jar:?]
	at org.openqa.selenium.remote.RemoteWebDriver.findElement(RemoteWebDriver.java:368) ~[selenium-remote-driver-4.28.1.jar:?]
	at org.openqa.selenium.remote.RemoteWebDriver.findElement(RemoteWebDriver.java:362) ~[selenium-remote-driver-4.28.1.jar:?]
	at org.openqa.selenium.support.pagefactory.DefaultElementLocator.findElement(DefaultElementLocator.java:68) ~[selenium-support-4.28.1.jar:?]
	at org.openqa.selenium.support.pagefactory.internal.LocatingElementHandler.invoke(LocatingElementHandler.java:38) ~[selenium-support-4.28.1.jar:?]
	at jdk.proxy2/jdk.proxy2.$Proxy29.getText(Unknown Source) ~[?:?]
	at com.demoqa.pages.alerts_frame_windows.BrowserWindowsPage.readSampleHeading(AlertsFrameWindowsPage.java:51) ~[classes/:?]
	at com.demoqa.tests.alerts_frame_windows.AlertsFrameWindowsPageTest.testNewTabButton(AlertsFrameWindowsPageTest.java:19) ~[test-classes/:?]
	at java.base/jdk.internal.reflect.DirectMethodHandleAccessor.invoke(DirectMethodHandleAccessor.java:103) ~[?:?]
	at java.base/java.lang.reflect.Method.invoke(Method.java:580) ~[?:?]
	at org.testng.internal.invokers.MethodInvocationHelper.invokeMethod(MethodInvocationHelper.java:139) ~[testng-7.8.0.jar:7.8.0]
	at org.testng.internal.invokers.TestInvoker.invokeMethod(TestInvoker.java:664) ~[testng-7.8.0.jar:7.8.0]
	at org.testng.internal.invokers.TestInvoker.retryFailed(TestInvoker.java:248) ~[testng-7.8.0.jar:7.8.0]
	at org.testng.internal.invokers.MethodRunner.runInSequence(MethodRunner.java:62) ~[testng-7.8.0.jar:7.8.0]
	at org.testng.internal.invokers.TestInvoker$MethodInvocationAgent.invoke(TestInvoker.java:957) ~[testng-7.8.0.jar:7.8.0]
	at org.testng.internal.invokers.TestInvoker.invokeTestMethods(TestInvoker.java:200) ~[testng-7.8.0.jar:7.8.0]
	at org.testng.internal.invokers.TestMethodWorker.invokeTestMethods(TestMethodWorker.java:148) ~[testng-7.8.0.jar:7.8.0]
	at org.testng.internal.invokers.TestMethodWorker.run(TestMethodWorker.java:128) ~[testng-7.8.0.jar:7.8.0]
	at java.base/java.util.ArrayList.forEach(ArrayList.java:1596) ~[?:?]
	at org.testng.TestRunner.privateRun(TestRunner.java:848) ~[testng-7.8.0.jar:7.8.0]
	at org.testng.TestRunner.run(TestRunner.java:621) ~[testng-7.8.0.jar:7.8.0]
	at org.testng.SuiteRunner.runTest(SuiteRunner.java:443) ~[testng-7.8.0.jar:7.8.0]
	at org.testng.SuiteRunner$SuiteWorker.run(SuiteRunner.java:481) ~[testng-7.8.0.jar:7.8.0]
	at org.testng.internal.thread.ThreadUtil.lambda$execute$0(ThreadUtil.java:58) ~[testng-7.8.0.jar:7.8.0]
	at java.base/java.util.concurrent.FutureTask.run$$$capture(FutureTask.java:317) ~[?:?]
	at java.base/java.util.concurrent.FutureTask.run(FutureTask.java) ~[?:?]
	at java.base/java.util.concurrent.ThreadPoolExecutor.runWorker(ThreadPoolExecutor.java:1144) ~[?:?]
	at java.base/java.util.concurrent.ThreadPoolExecutor$Worker.run(ThreadPoolExecutor.java:642) ~[?:?]
	at java.base/java.lang.Thread.run(Thread.java:1583) [?:?]
=2025-04-27 08:58:19 [TestNG-tests-1] INFO  - Test Failed: AlertsFrameWindowsPageTest => testNewTabButton
=2025-04-27 08:58:20 [TestNG-tests-1] INFO  - Closing the browser - Chrome
=2025-04-27 09:11:09 [main] INFO  - Starting Execution for Test Suite => Default Suite with Tag => 
=2025-04-27 09:11:10 [main] INFO  - Starting Execution for Test=> demoqa-automation
=2025-04-27 09:11:12 [main] INFO  - Opening the browser - Chrome
=2025-04-27 09:11:19 [main] INFO  - Clicked on alerts frame and windows.
=2025-04-27 09:11:19 [main] INFO  - Clicked on Browser Windows Menu.
=2025-04-27 09:11:19 [main] INFO  - Clicked on New Tab Button.
=2025-04-27 09:14:07 [main] INFO  - Starting Execution for Test Suite => Default Suite with Tag => 
=2025-04-27 09:14:08 [main] INFO  - Starting Execution for Test=> demoqa-automation
=2025-04-27 09:14:10 [main] INFO  - Opening the browser - Chrome
=2025-04-27 09:14:16 [main] INFO  - Clicked on alerts frame and windows.
=2025-04-27 09:14:18 [main] INFO  - Clicked on Browser Windows Menu.
=2025-04-27 09:14:19 [main] INFO  - Clicked on New Tab Button.
=2025-04-27 09:28:03 [main] INFO  - Starting Execution for Test Suite => Demoqa_Sanity_Suite with Tag => sanity1
=2025-04-27 09:28:03 [TestNG-tests-1] INFO  - Starting Execution for Test=> Demoqa_PracticeFormPageTest_Sanity_Test
=2025-04-27 09:28:07 [TestNG-tests-1] INFO  - Opening the browser - Chrome
=2025-04-27 09:28:14 [TestNG-tests-1] INFO  - Clicked on forms.
=2025-04-27 09:28:14 [TestNG-tests-1] INFO  - Started Test: PracticeFormTest => testPracticeForm
=2025-04-27 09:28:18 [TestNG-tests-1] INFO  - Clicked on menu.
=2025-04-27 09:28:18 [TestNG-tests-1] INFO  - Input first name: Nurul
=2025-04-27 09:28:18 [TestNG-tests-1] INFO  - Input last name: Arifin
=2025-04-27 09:28:19 [TestNG-tests-1] INFO  - Input user email: nurularifin837@gmail.com
=2025-04-27 09:28:19 [TestNG-tests-1] INFO  - Clicked on gender.
=2025-04-27 09:28:19 [TestNG-tests-1] INFO  - Input user number: 92908789090
=2025-04-27 09:28:19 [TestNG-tests-1] INFO  - Clicked on date of birth input.
=2025-04-27 09:28:20 [TestNG-tests-1] INFO  - Clicked on date.
=2025-04-27 09:28:20 [TestNG-tests-1] INFO  - Input the subject: dkjashds ahdjash djksahkj dhsadsa
=2025-04-27 09:28:20 [TestNG-tests-1] INFO  - Clicked on hobbies
=2025-04-27 09:28:21 [TestNG-tests-1] INFO  - Input the currecnt address: Jl. Persada I No. 27
=2025-04-27 09:28:21 [TestNG-tests-1] INFO  - Clicked the submit button
=2025-04-27 09:28:21 [TestNG-tests-1] INFO  - Test Successful: PracticeFormTest => testPracticeForm
=2025-04-27 09:28:23 [TestNG-tests-1] INFO  - Closing the browser - Chrome
=2025-04-27 09:30:24 [main] INFO  - Starting Execution for Test Suite => Demoqa_Sanity_Suite with Tag => sanity1
=2025-04-27 09:30:25 [TestNG-tests-1] INFO  - Starting Execution for Test=> Demoqa_AlertsFrameWindowsPageTest_Sanity_Test
=2025-04-27 09:30:28 [TestNG-tests-1] INFO  - Opening the browser - Chrome
=2025-04-27 09:30:35 [TestNG-tests-1] INFO  - Clicked on alerts frame and windows.
=2025-04-27 09:30:35 [TestNG-tests-1] INFO  - Started Test: AlertsFrameWindowsPageTest => testNewTabButton
=2025-04-27 09:30:40 [TestNG-tests-1] INFO  - Clicked on Browser Windows Menu.
=2025-04-27 09:30:40 [TestNG-tests-1] INFO  - Clicked on New Tab Button.
=2025-04-27 09:30:40 [TestNG-tests-1] INFO  - Test Successful: AlertsFrameWindowsPageTest => testNewTabButton
=2025-04-27 09:30:41 [TestNG-tests-1] INFO  - Closing the browser - Chrome
=2025-04-28 23:09:07 [main] INFO  - Starting Execution for Test Suite => Demoqa_Sanity_Suite with Tag => sanity1
=2025-04-28 23:09:08 [TestNG-tests-1] INFO  - Starting Execution for Test=> Demoqa_AlertsFrameWindowsPageTest_Sanity_Test
=2025-04-28 23:09:13 [TestNG-tests-1] INFO  - Opening the browser - Chrome
=2025-04-28 23:09:19 [TestNG-tests-1] INFO  - Clicked on alerts frame and windows.
=2025-04-28 23:09:19 [TestNG-tests-1] INFO  - Started Test: AlertsFrameWindowsPageTest => testNewTabButton
=2025-04-28 23:09:19 [TestNG-tests-1] INFO  - Clicked on Browser Windows Menu.
=2025-04-28 23:09:21 [TestNG-tests-1] INFO  - Clicked on New Tab Button.
=2025-04-28 23:09:21 [TestNG-tests-1] INFO  - Test Successful: AlertsFrameWindowsPageTest => testNewTabButton
=2025-04-28 23:09:22 [TestNG-tests-1] INFO  - Closing the browser - Chrome
=2025-04-28 23:11:40 [main] INFO  - Starting Execution for Test Suite => Demoqa_Sanity_Suite with Tag => sanity1
=2025-04-28 23:11:41 [TestNG-tests-1] INFO  - Starting Execution for Test=> Demoqa_AlertsFrameWindowsPageTest_Sanity_Test
=2025-04-28 23:11:43 [TestNG-tests-1] INFO  - Opening the browser - Chrome
=2025-04-28 23:11:48 [TestNG-tests-1] INFO  - Clicked on alerts frame and windows.
=2025-04-28 23:11:48 [TestNG-tests-1] INFO  - Started Test: BrowserWindowsPageTest => testNewTabButton
=2025-04-28 23:11:48 [TestNG-tests-1] INFO  - Clicked on Browser Windows Menu.
=2025-04-28 23:11:49 [TestNG-tests-1] INFO  - Clicked on New Tab Button.
=2025-04-28 23:11:49 [TestNG-tests-1] INFO  - Test Successful: BrowserWindowsPageTest => testNewTabButton
=2025-04-28 23:11:50 [TestNG-tests-1] INFO  - Closing the browser - Chrome
=2025-04-28 23:25:04 [main] INFO  - Starting Execution for Test Suite => Demoqa_Sanity_Suite with Tag => sanity1
=2025-04-28 23:25:05 [TestNG-tests-1] INFO  - Starting Execution for Test=> Demoqa_AlertsPageTest_Sanity_Test
=2025-04-28 23:25:08 [TestNG-tests-1] INFO  - Opening the browser - Chrome
=2025-04-28 23:25:12 [TestNG-tests-1] INFO  - Clicked on alerts frame and windows.
=2025-04-28 23:25:12 [TestNG-tests-1] INFO  - Started Test: AlertsPageTest => testAlertsPage
=2025-04-28 23:25:13 [TestNG-tests-1] INFO  - Clicked on alerts menu.
=2025-04-28 23:25:13 [TestNG-tests-1] INFO  - Clicked on alerts button.
=2025-04-28 23:25:13 [TestNG-tests-1] ERROR - Failed to retrieve the page title.
org.openqa.selenium.UnhandledAlertException: unexpected alert open: {Alert text : You clicked a button}
  (Session info: chrome=135.0.7049.115): You clicked a button
Build info: version: '4.28.1', revision: '73f5ad48a2'
System info: os.name: 'Windows 11', os.arch: 'amd64', os.version: '10.0', java.version: '21.0.6'
Driver info: org.openqa.selenium.chrome.ChromeDriver
Command: [3757cb04a3d88b0b88d8e75d3bd0b319, getTitle {}]
Capabilities {acceptInsecureCerts: false, browserName: chrome, browserVersion: 135.0.7049.115, chrome: {chromedriverVersion: 135.0.7049.114 (63fd8a7d9d0..., userDataDir: C:\Users\nurul\AppData\Loca...}, fedcm:accounts: true, goog:chromeOptions: {debuggerAddress: localhost:53336}, networkConnectionEnabled: false, pageLoadStrategy: normal, platformName: windows, proxy: Proxy(), se:cdp: ws://localhost:53336/devtoo..., se:cdpVersion: 135.0.7049.115, setWindowRect: true, strictFileInteractability: false, timeouts: {implicit: 0, pageLoad: 300000, script: 30000}, unhandledPromptBehavior: dismiss and notify, webauthn:extension:credBlob: true, webauthn:extension:largeBlob: true, webauthn:extension:minPinLength: true, webauthn:extension:prf: true, webauthn:virtualAuthenticators: true}
Session ID: 3757cb04a3d88b0b88d8e75d3bd0b319
	at org.openqa.selenium.remote.codec.w3c.W3CHttpResponseCodec.decode(W3CHttpResponseCodec.java:136) ~[selenium-remote-driver-4.28.1.jar:?]
	at org.openqa.selenium.remote.codec.w3c.W3CHttpResponseCodec.decode(W3CHttpResponseCodec.java:50) ~[selenium-remote-driver-4.28.1.jar:?]
	at org.openqa.selenium.remote.HttpCommandExecutor.execute(HttpCommandExecutor.java:215) ~[selenium-remote-driver-4.28.1.jar:?]
	at org.openqa.selenium.remote.service.DriverCommandExecutor.invokeExecute(DriverCommandExecutor.java:216) ~[selenium-remote-driver-4.28.1.jar:?]
	at org.openqa.selenium.remote.service.DriverCommandExecutor.execute(DriverCommandExecutor.java:174) ~[selenium-remote-driver-4.28.1.jar:?]
	at org.openqa.selenium.remote.RemoteWebDriver.execute(RemoteWebDriver.java:545) ~[selenium-remote-driver-4.28.1.jar:?]
	at org.openqa.selenium.remote.RemoteWebDriver.execute(RemoteWebDriver.java:618) ~[selenium-remote-driver-4.28.1.jar:?]
	at org.openqa.selenium.remote.RemoteWebDriver.execute(RemoteWebDriver.java:622) ~[selenium-remote-driver-4.28.1.jar:?]
	at org.openqa.selenium.remote.RemoteWebDriver.getTitle(RemoteWebDriver.java:318) ~[selenium-remote-driver-4.28.1.jar:?]
	at com.demoqa.base.BasePage.getPageTitle(BasePage.java:79) ~[classes/:?]
	at com.demoqa.tests.alerts_frame_windows.AlertsPageTest.testAlertsPage(AlertsPageTest.java:19) ~[test-classes/:?]
	at java.base/jdk.internal.reflect.DirectMethodHandleAccessor.invoke(DirectMethodHandleAccessor.java:103) ~[?:?]
	at java.base/java.lang.reflect.Method.invoke(Method.java:580) ~[?:?]
	at org.testng.internal.invokers.MethodInvocationHelper.invokeMethod(MethodInvocationHelper.java:139) ~[testng-7.8.0.jar:7.8.0]
	at org.testng.internal.invokers.TestInvoker.invokeMethod(TestInvoker.java:664) ~[testng-7.8.0.jar:7.8.0]
	at org.testng.internal.invokers.TestInvoker.invokeTestMethod(TestInvoker.java:227) ~[testng-7.8.0.jar:7.8.0]
	at org.testng.internal.invokers.MethodRunner.runInSequence(MethodRunner.java:50) ~[testng-7.8.0.jar:7.8.0]
	at org.testng.internal.invokers.TestInvoker$MethodInvocationAgent.invoke(TestInvoker.java:957) ~[testng-7.8.0.jar:7.8.0]
	at org.testng.internal.invokers.TestInvoker.invokeTestMethods(TestInvoker.java:200) ~[testng-7.8.0.jar:7.8.0]
	at org.testng.internal.invokers.TestMethodWorker.invokeTestMethods(TestMethodWorker.java:148) ~[testng-7.8.0.jar:7.8.0]
	at org.testng.internal.invokers.TestMethodWorker.run(TestMethodWorker.java:128) ~[testng-7.8.0.jar:7.8.0]
	at java.base/java.util.ArrayList.forEach(ArrayList.java:1596) ~[?:?]
	at org.testng.TestRunner.privateRun(TestRunner.java:848) ~[testng-7.8.0.jar:7.8.0]
	at org.testng.TestRunner.run(TestRunner.java:621) ~[testng-7.8.0.jar:7.8.0]
	at org.testng.SuiteRunner.runTest(SuiteRunner.java:443) ~[testng-7.8.0.jar:7.8.0]
	at org.testng.SuiteRunner$SuiteWorker.run(SuiteRunner.java:481) ~[testng-7.8.0.jar:7.8.0]
	at org.testng.internal.thread.ThreadUtil.lambda$execute$0(ThreadUtil.java:58) ~[testng-7.8.0.jar:7.8.0]
	at java.base/java.util.concurrent.FutureTask.run$$$capture(FutureTask.java:317) ~[?:?]
	at java.base/java.util.concurrent.FutureTask.run(FutureTask.java) ~[?:?]
	at java.base/java.util.concurrent.ThreadPoolExecutor.runWorker(ThreadPoolExecutor.java:1144) ~[?:?]
	at java.base/java.util.concurrent.ThreadPoolExecutor$Worker.run(ThreadPoolExecutor.java:642) ~[?:?]
	at java.base/java.lang.Thread.run(Thread.java:1583) [?:?]
=2025-04-28 23:25:13 [TestNG-tests-1] INFO  - Test Skipped: AlertsPageTest => testAlertsPage
=2025-04-28 23:25:13 [TestNG-tests-1] INFO  - Closing the browser - Chrome
=2025-04-28 23:25:15 [TestNG-tests-1] INFO  - Opening the browser - Chrome
=2025-04-28 23:25:20 [TestNG-tests-1] INFO  - Clicked on alerts frame and windows.
=2025-04-28 23:25:20 [TestNG-tests-1] INFO  - Started Test: AlertsPageTest => testAlertsPage
=2025-04-28 23:25:20 [TestNG-tests-1] INFO  - Clicked on alerts menu.
=2025-04-28 23:25:21 [TestNG-tests-1] INFO  - Clicked on alerts button.
=2025-04-28 23:25:21 [TestNG-tests-1] ERROR - Failed to retrieve the page title.
org.openqa.selenium.UnhandledAlertException: unexpected alert open: {Alert text : You clicked a button}
  (Session info: chrome=135.0.7049.115): You clicked a button
Build info: version: '4.28.1', revision: '73f5ad48a2'
System info: os.name: 'Windows 11', os.arch: 'amd64', os.version: '10.0', java.version: '21.0.6'
Driver info: org.openqa.selenium.chrome.ChromeDriver
Command: [9f3b5328e89d801cf17ae9a28f72fd00, getTitle {}]
Capabilities {acceptInsecureCerts: false, browserName: chrome, browserVersion: 135.0.7049.115, chrome: {chromedriverVersion: 135.0.7049.114 (63fd8a7d9d0..., userDataDir: C:\Users\nurul\AppData\Loca...}, fedcm:accounts: true, goog:chromeOptions: {debuggerAddress: localhost:53407}, networkConnectionEnabled: false, pageLoadStrategy: normal, platformName: windows, proxy: Proxy(), se:cdp: ws://localhost:53407/devtoo..., se:cdpVersion: 135.0.7049.115, setWindowRect: true, strictFileInteractability: false, timeouts: {implicit: 0, pageLoad: 300000, script: 30000}, unhandledPromptBehavior: dismiss and notify, webauthn:extension:credBlob: true, webauthn:extension:largeBlob: true, webauthn:extension:minPinLength: true, webauthn:extension:prf: true, webauthn:virtualAuthenticators: true}
Session ID: 9f3b5328e89d801cf17ae9a28f72fd00
	at org.openqa.selenium.remote.codec.w3c.W3CHttpResponseCodec.decode(W3CHttpResponseCodec.java:136) ~[selenium-remote-driver-4.28.1.jar:?]
	at org.openqa.selenium.remote.codec.w3c.W3CHttpResponseCodec.decode(W3CHttpResponseCodec.java:50) ~[selenium-remote-driver-4.28.1.jar:?]
	at org.openqa.selenium.remote.HttpCommandExecutor.execute(HttpCommandExecutor.java:215) ~[selenium-remote-driver-4.28.1.jar:?]
	at org.openqa.selenium.remote.service.DriverCommandExecutor.invokeExecute(DriverCommandExecutor.java:216) ~[selenium-remote-driver-4.28.1.jar:?]
	at org.openqa.selenium.remote.service.DriverCommandExecutor.execute(DriverCommandExecutor.java:174) ~[selenium-remote-driver-4.28.1.jar:?]
	at org.openqa.selenium.remote.RemoteWebDriver.execute(RemoteWebDriver.java:545) ~[selenium-remote-driver-4.28.1.jar:?]
	at org.openqa.selenium.remote.RemoteWebDriver.execute(RemoteWebDriver.java:618) ~[selenium-remote-driver-4.28.1.jar:?]
	at org.openqa.selenium.remote.RemoteWebDriver.execute(RemoteWebDriver.java:622) ~[selenium-remote-driver-4.28.1.jar:?]
	at org.openqa.selenium.remote.RemoteWebDriver.getTitle(RemoteWebDriver.java:318) ~[selenium-remote-driver-4.28.1.jar:?]
	at com.demoqa.base.BasePage.getPageTitle(BasePage.java:79) ~[classes/:?]
	at com.demoqa.tests.alerts_frame_windows.AlertsPageTest.testAlertsPage(AlertsPageTest.java:19) ~[test-classes/:?]
	at java.base/jdk.internal.reflect.DirectMethodHandleAccessor.invoke(DirectMethodHandleAccessor.java:103) ~[?:?]
	at java.base/java.lang.reflect.Method.invoke(Method.java:580) ~[?:?]
	at org.testng.internal.invokers.MethodInvocationHelper.invokeMethod(MethodInvocationHelper.java:139) ~[testng-7.8.0.jar:7.8.0]
	at org.testng.internal.invokers.TestInvoker.invokeMethod(TestInvoker.java:664) ~[testng-7.8.0.jar:7.8.0]
	at org.testng.internal.invokers.TestInvoker.retryFailed(TestInvoker.java:248) ~[testng-7.8.0.jar:7.8.0]
	at org.testng.internal.invokers.MethodRunner.runInSequence(MethodRunner.java:62) ~[testng-7.8.0.jar:7.8.0]
	at org.testng.internal.invokers.TestInvoker$MethodInvocationAgent.invoke(TestInvoker.java:957) ~[testng-7.8.0.jar:7.8.0]
	at org.testng.internal.invokers.TestInvoker.invokeTestMethods(TestInvoker.java:200) ~[testng-7.8.0.jar:7.8.0]
	at org.testng.internal.invokers.TestMethodWorker.invokeTestMethods(TestMethodWorker.java:148) ~[testng-7.8.0.jar:7.8.0]
	at org.testng.internal.invokers.TestMethodWorker.run(TestMethodWorker.java:128) ~[testng-7.8.0.jar:7.8.0]
	at java.base/java.util.ArrayList.forEach(ArrayList.java:1596) ~[?:?]
	at org.testng.TestRunner.privateRun(TestRunner.java:848) ~[testng-7.8.0.jar:7.8.0]
	at org.testng.TestRunner.run(TestRunner.java:621) ~[testng-7.8.0.jar:7.8.0]
	at org.testng.SuiteRunner.runTest(SuiteRunner.java:443) ~[testng-7.8.0.jar:7.8.0]
	at org.testng.SuiteRunner$SuiteWorker.run(SuiteRunner.java:481) ~[testng-7.8.0.jar:7.8.0]
	at org.testng.internal.thread.ThreadUtil.lambda$execute$0(ThreadUtil.java:58) ~[testng-7.8.0.jar:7.8.0]
	at java.base/java.util.concurrent.FutureTask.run$$$capture(FutureTask.java:317) ~[?:?]
	at java.base/java.util.concurrent.FutureTask.run(FutureTask.java) ~[?:?]
	at java.base/java.util.concurrent.ThreadPoolExecutor.runWorker(ThreadPoolExecutor.java:1144) ~[?:?]
	at java.base/java.util.concurrent.ThreadPoolExecutor$Worker.run(ThreadPoolExecutor.java:642) ~[?:?]
	at java.base/java.lang.Thread.run(Thread.java:1583) [?:?]
=2025-04-28 23:25:21 [TestNG-tests-1] INFO  - Test Failed: AlertsPageTest => testAlertsPage
=2025-04-28 23:25:22 [TestNG-tests-1] INFO  - Closing the browser - Chrome
=2025-04-28 23:26:01 [main] INFO  - Starting Execution for Test Suite => Demoqa_Sanity_Suite with Tag => sanity1
=2025-04-28 23:26:01 [TestNG-tests-1] INFO  - Starting Execution for Test=> Demoqa_AlertsPageTest_Sanity_Test
=2025-04-28 23:26:04 [TestNG-tests-1] INFO  - Opening the browser - Chrome
=2025-04-28 23:26:09 [TestNG-tests-1] INFO  - Clicked on alerts frame and windows.
=2025-04-28 23:26:09 [TestNG-tests-1] INFO  - Started Test: AlertsPageTest => testAlertsPage
=2025-04-28 23:26:10 [TestNG-tests-1] INFO  - Clicked on alerts menu.
=2025-04-28 23:26:10 [TestNG-tests-1] INFO  - Clicked on alerts button.
=2025-04-28 23:26:10 [TestNG-tests-1] ERROR - Failed to retrieve the page title.
org.openqa.selenium.UnhandledAlertException: unexpected alert open: {Alert text : You clicked a button}
  (Session info: chrome=135.0.7049.115): You clicked a button
Build info: version: '4.28.1', revision: '73f5ad48a2'
System info: os.name: 'Windows 11', os.arch: 'amd64', os.version: '10.0', java.version: '21.0.6'
Driver info: org.openqa.selenium.chrome.ChromeDriver
Command: [655c37eee661bcdb1d69b9a9bc5f5340, getTitle {}]
Capabilities {acceptInsecureCerts: false, browserName: chrome, browserVersion: 135.0.7049.115, chrome: {chromedriverVersion: 135.0.7049.114 (63fd8a7d9d0..., userDataDir: C:\Users\nurul\AppData\Loca...}, fedcm:accounts: true, goog:chromeOptions: {debuggerAddress: localhost:53507}, networkConnectionEnabled: false, pageLoadStrategy: normal, platformName: windows, proxy: Proxy(), se:cdp: ws://localhost:53507/devtoo..., se:cdpVersion: 135.0.7049.115, setWindowRect: true, strictFileInteractability: false, timeouts: {implicit: 0, pageLoad: 300000, script: 30000}, unhandledPromptBehavior: dismiss and notify, webauthn:extension:credBlob: true, webauthn:extension:largeBlob: true, webauthn:extension:minPinLength: true, webauthn:extension:prf: true, webauthn:virtualAuthenticators: true}
Session ID: 655c37eee661bcdb1d69b9a9bc5f5340
	at org.openqa.selenium.remote.codec.w3c.W3CHttpResponseCodec.decode(W3CHttpResponseCodec.java:136) ~[selenium-remote-driver-4.28.1.jar:?]
	at org.openqa.selenium.remote.codec.w3c.W3CHttpResponseCodec.decode(W3CHttpResponseCodec.java:50) ~[selenium-remote-driver-4.28.1.jar:?]
	at org.openqa.selenium.remote.HttpCommandExecutor.execute(HttpCommandExecutor.java:215) ~[selenium-remote-driver-4.28.1.jar:?]
	at org.openqa.selenium.remote.service.DriverCommandExecutor.invokeExecute(DriverCommandExecutor.java:216) ~[selenium-remote-driver-4.28.1.jar:?]
	at org.openqa.selenium.remote.service.DriverCommandExecutor.execute(DriverCommandExecutor.java:174) ~[selenium-remote-driver-4.28.1.jar:?]
	at org.openqa.selenium.remote.RemoteWebDriver.execute(RemoteWebDriver.java:545) ~[selenium-remote-driver-4.28.1.jar:?]
	at org.openqa.selenium.remote.RemoteWebDriver.execute(RemoteWebDriver.java:618) ~[selenium-remote-driver-4.28.1.jar:?]
	at org.openqa.selenium.remote.RemoteWebDriver.execute(RemoteWebDriver.java:622) ~[selenium-remote-driver-4.28.1.jar:?]
	at org.openqa.selenium.remote.RemoteWebDriver.getTitle(RemoteWebDriver.java:318) ~[selenium-remote-driver-4.28.1.jar:?]
	at com.demoqa.base.BasePage.getPageTitle(BasePage.java:79) ~[classes/:?]
	at com.demoqa.tests.alerts_frame_windows.AlertsPageTest.testAlertsPage(AlertsPageTest.java:19) ~[test-classes/:?]
	at java.base/jdk.internal.reflect.DirectMethodHandleAccessor.invoke(DirectMethodHandleAccessor.java:103) ~[?:?]
	at java.base/java.lang.reflect.Method.invoke(Method.java:580) ~[?:?]
	at org.testng.internal.invokers.MethodInvocationHelper.invokeMethod(MethodInvocationHelper.java:139) ~[testng-7.8.0.jar:7.8.0]
	at org.testng.internal.invokers.TestInvoker.invokeMethod(TestInvoker.java:664) ~[testng-7.8.0.jar:7.8.0]
	at org.testng.internal.invokers.TestInvoker.invokeTestMethod(TestInvoker.java:227) ~[testng-7.8.0.jar:7.8.0]
	at org.testng.internal.invokers.MethodRunner.runInSequence(MethodRunner.java:50) ~[testng-7.8.0.jar:7.8.0]
	at org.testng.internal.invokers.TestInvoker$MethodInvocationAgent.invoke(TestInvoker.java:957) ~[testng-7.8.0.jar:7.8.0]
	at org.testng.internal.invokers.TestInvoker.invokeTestMethods(TestInvoker.java:200) ~[testng-7.8.0.jar:7.8.0]
	at org.testng.internal.invokers.TestMethodWorker.invokeTestMethods(TestMethodWorker.java:148) ~[testng-7.8.0.jar:7.8.0]
	at org.testng.internal.invokers.TestMethodWorker.run(TestMethodWorker.java:128) ~[testng-7.8.0.jar:7.8.0]
	at java.base/java.util.ArrayList.forEach(ArrayList.java:1596) ~[?:?]
	at org.testng.TestRunner.privateRun(TestRunner.java:848) ~[testng-7.8.0.jar:7.8.0]
	at org.testng.TestRunner.run(TestRunner.java:621) ~[testng-7.8.0.jar:7.8.0]
	at org.testng.SuiteRunner.runTest(SuiteRunner.java:443) ~[testng-7.8.0.jar:7.8.0]
	at org.testng.SuiteRunner$SuiteWorker.run(SuiteRunner.java:481) ~[testng-7.8.0.jar:7.8.0]
	at org.testng.internal.thread.ThreadUtil.lambda$execute$0(ThreadUtil.java:58) ~[testng-7.8.0.jar:7.8.0]
	at java.base/java.util.concurrent.FutureTask.run$$$capture(FutureTask.java:317) ~[?:?]
	at java.base/java.util.concurrent.FutureTask.run(FutureTask.java) ~[?:?]
	at java.base/java.util.concurrent.ThreadPoolExecutor.runWorker(ThreadPoolExecutor.java:1144) ~[?:?]
	at java.base/java.util.concurrent.ThreadPoolExecutor$Worker.run(ThreadPoolExecutor.java:642) ~[?:?]
	at java.base/java.lang.Thread.run(Thread.java:1583) [?:?]
=2025-04-28 23:26:10 [TestNG-tests-1] INFO  - Test Successful: AlertsPageTest => testAlertsPage
=2025-04-28 23:26:11 [TestNG-tests-1] INFO  - Closing the browser - Chrome
=2025-04-30 22:07:08 [main] INFO  - Starting Execution for Test Suite => Demoqa_Sanity_Suite with Tag => sanity1
=2025-04-30 22:07:08 [TestNG-tests-1] INFO  - Starting Execution for Test=> Demoqa_ModalDialogsPageTest_Sanity_Test
=2025-04-30 22:07:13 [TestNG-tests-1] INFO  - Opening the browser - Chrome
=2025-04-30 22:07:20 [TestNG-tests-1] INFO  - Clicked on alerts frame and windows.
=2025-04-30 22:07:20 [TestNG-tests-1] INFO  - Started Test: ModalDialogsPageTest => testModalDialogs
=2025-04-30 22:07:20 [TestNG-tests-1] INFO  - Clicked on modal dialogs.
=2025-04-30 22:07:21 [TestNG-tests-1] INFO  - Clicked on show large modal.
=2025-04-30 22:07:22 [TestNG-tests-1] INFO  - Clicked on close button.
=2025-04-30 22:07:22 [TestNG-tests-1] INFO  - Test Successful: ModalDialogsPageTest => testModalDialogs
=2025-04-30 22:07:23 [TestNG-tests-1] INFO  - Closing the browser - Chrome
=2025-05-02 09:44:08 [main] INFO  - Starting Execution for Test Suite => Demoqa_Sanity_Suite with Tag => sanity1
=2025-05-02 09:44:08 [TestNG-tests-1] INFO  - Starting Execution for Test=> Demoqa_AccordionPageTest_Sanity_Test
=2025-05-02 09:44:13 [TestNG-tests-1] INFO  - Opening the browser - Chrome
=2025-05-02 09:45:02 [TestNG-tests-1] INFO  - Clicked on widgets.
=2025-05-02 09:45:02 [TestNG-tests-1] INFO  - Started Test: AccordionPageTest => testAccordian
=2025-05-02 09:45:02 [TestNG-tests-1] INFO  - Test Skipped: AccordionPageTest => testAccordian
=2025-05-02 09:45:02 [TestNG-tests-1] INFO  - Closing the browser - Chrome
=2025-05-02 09:45:04 [TestNG-tests-1] INFO  - Opening the browser - Chrome
=2025-05-02 09:46:44 [TestNG-tests-1] INFO  - Clicked on widgets.
=2025-05-02 09:46:44 [TestNG-tests-1] INFO  - Started Test: AccordionPageTest => testAccordian
=2025-05-02 09:46:44 [TestNG-tests-1] INFO  - Test Failed: AccordionPageTest => testAccordian
=2025-05-02 09:46:45 [TestNG-tests-1] INFO  - Closing the browser - Chrome
=2025-05-02 09:48:32 [main] INFO  - Starting Execution for Test Suite => Demoqa_Sanity_Suite with Tag => sanity1
=2025-05-02 09:48:32 [TestNG-tests-1] INFO  - Starting Execution for Test=> Demoqa_AccordionPageTest_Sanity_Test
=2025-05-02 09:48:36 [TestNG-tests-1] INFO  - Opening the browser - Chrome
=2025-05-02 09:49:44 [TestNG-tests-1] INFO  - Clicked on widgets.
=2025-05-02 09:49:44 [TestNG-tests-1] INFO  - Started Test: AccordionPageTest => testAccordian
=2025-05-02 09:49:44 [TestNG-tests-1] INFO  - Test Skipped: AccordionPageTest => testAccordian
=2025-05-02 09:49:44 [TestNG-tests-1] INFO  - Closing the browser - Chrome
=2025-05-02 09:49:47 [TestNG-tests-1] INFO  - Opening the browser - Chrome
=2025-05-02 09:51:11 [TestNG-tests-1] INFO  - Clicked on widgets.
=2025-05-02 09:51:11 [TestNG-tests-1] INFO  - Started Test: AccordionPageTest => testAccordian
=2025-05-02 09:51:11 [TestNG-tests-1] INFO  - Test Failed: AccordionPageTest => testAccordian
=2025-05-02 09:51:12 [TestNG-tests-1] INFO  - Closing the browser - Chrome
=2025-05-02 09:52:06 [main] INFO  - Starting Execution for Test Suite => Demoqa_Sanity_Suite with Tag => sanity1
=2025-05-02 09:52:07 [TestNG-tests-1] INFO  - Starting Execution for Test=> Demoqa_AccordionPageTest_Sanity_Test
=2025-05-02 09:52:10 [TestNG-tests-1] INFO  - Opening the browser - Chrome
=2025-05-02 09:52:53 [TestNG-tests-1] INFO  - Clicked on widgets.
=2025-05-02 09:52:53 [TestNG-tests-1] INFO  - Started Test: AccordionPageTest => testAccordian
=2025-05-02 09:52:53 [TestNG-tests-1] INFO  - Test Skipped: AccordionPageTest => testAccordian
=2025-05-02 09:52:53 [TestNG-tests-1] INFO  - Closing the browser - Chrome
=2025-05-02 09:52:55 [TestNG-tests-1] INFO  - Opening the browser - Chrome
=2025-05-02 09:53:38 [TestNG-tests-1] INFO  - Clicked on widgets.
=2025-05-02 09:53:38 [TestNG-tests-1] INFO  - Started Test: AccordionPageTest => testAccordian
=2025-05-02 09:53:38 [TestNG-tests-1] INFO  - Test Failed: AccordionPageTest => testAccordian
=2025-05-02 09:53:39 [TestNG-tests-1] INFO  - Closing the browser - Chrome
=2025-05-02 09:57:40 [main] INFO  - Starting Execution for Test Suite => Demoqa_Sanity_Suite with Tag => sanity1
=2025-05-02 09:57:40 [TestNG-tests-1] INFO  - Starting Execution for Test=> Demoqa_AccordionPageTest_Sanity_Test
=2025-05-02 09:57:43 [TestNG-tests-1] INFO  - Opening the browser - Chrome
=2025-05-02 09:58:53 [TestNG-tests-1] INFO  - Clicked on widgets.
=2025-05-02 09:58:53 [TestNG-tests-1] INFO  - Started Test: AccordionPageTest => testAccordian
=2025-05-02 09:58:53 [TestNG-tests-1] INFO  - Test Skipped: AccordionPageTest => testAccordian
=2025-05-02 09:58:53 [TestNG-tests-1] INFO  - Closing the browser - Chrome
=2025-05-02 09:58:55 [TestNG-tests-1] INFO  - Opening the browser - Chrome
=2025-05-02 09:59:34 [TestNG-tests-1] INFO  - Clicked on widgets.
=2025-05-02 09:59:34 [TestNG-tests-1] INFO  - Started Test: AccordionPageTest => testAccordian
=2025-05-02 09:59:34 [TestNG-tests-1] INFO  - Test Failed: AccordionPageTest => testAccordian
=2025-05-02 09:59:35 [TestNG-tests-1] INFO  - Closing the browser - Chrome
=2025-05-02 10:00:15 [main] INFO  - Starting Execution for Test Suite => Demoqa_Sanity_Suite with Tag => sanity1
=2025-05-02 10:00:15 [TestNG-tests-1] INFO  - Starting Execution for Test=> Demoqa_AccordionPageTest_Sanity_Test
=2025-05-02 10:00:18 [TestNG-tests-1] INFO  - Opening the browser - Chrome
=2025-05-02 10:01:20 [TestNG-tests-1] INFO  - Clicked on widgets.
=2025-05-02 10:01:20 [TestNG-tests-1] INFO  - Started Test: AccordionPageTest => testAccordian
=2025-05-02 10:01:20 [TestNG-tests-1] INFO  - Clicked on accordion menu.
=2025-05-02 10:01:22 [TestNG-tests-1] INFO  - Clicked on section2Heading.
=2025-05-02 10:01:22 [TestNG-tests-1] INFO  - Test Successful: AccordionPageTest => testAccordian
=2025-05-02 10:01:24 [TestNG-tests-1] INFO  - Closing the browser - Chrome
=2025-05-03 09:49:30 [main] INFO  - Starting Execution for Test Suite => Demoqa_Sanity_Suite with Tag => sanity1
=2025-05-03 09:49:31 [TestNG-tests-1] INFO  - Starting Execution for Test=> Demoqa_AutoCompletePageTest_Sanity_Test
=2025-05-03 09:49:36 [TestNG-tests-1] INFO  - Opening the browser - Chrome
=2025-05-03 09:49:44 [TestNG-tests-1] INFO  - Clicked on widgets.
=2025-05-03 09:49:44 [TestNG-tests-1] INFO  - Started Test: AutoCompletePageTest => testAutoComplete
=2025-05-03 09:49:44 [TestNG-tests-1] INFO  - Clicked on Auto Complete menu.
=2025-05-03 09:49:50 [TestNG-tests-1] INFO  - Enter colors: Red
=2025-05-03 09:49:50 [TestNG-tests-1] INFO  - Test Successful: AutoCompletePageTest => testAutoComplete
=2025-05-03 09:49:51 [TestNG-tests-1] INFO  - Closing the browser - Chrome
=2025-05-03 23:03:11 [main] INFO  - Starting Execution for Test Suite => Demoqa_Sanity_Suite with Tag => sanity1
=2025-05-03 23:03:12 [TestNG-tests-1] INFO  - Starting Execution for Test=> Demoqa_AutoCompletePageTest_Sanity_Test
=2025-05-03 23:03:22 [TestNG-tests-1] INFO  - Opening the browser - Firefox
=2025-05-03 23:03:28 [TestNG-tests-1] ERROR - Failed to click on widgets.
org.openqa.selenium.ElementClickInterceptedException: element click intercepted: Element <h5>...</h5> is not clickable at point (703, 617). Other element would receive the click: <iframe frameborder="0" src="https://cf123f32141633f621bb5f09c1d8058d.safeframe.googlesyndication.com/safeframe/1-0-43/html/container.html" id="google_ads_iframe_/21849154601,22343295815/Ad.Plus-Anchor_0" title="3rd party ad content" name="" scrolling="no" marginwidth="0" marginheight="0" width="728" height="90" data-is-safeframe="true" sandbox="allow-forms allow-popups allow-popups-to-escape-sandbox allow-same-origin allow-scripts allow-top-navigation-by-user-activation" allow="private-state-token-redemption;attribution-reporting" aria-label="Advertisement" tabindex="0" data-google-container-id="1" style="border: 0px; vertical-align: bottom;" data-load-complete="true"></iframe>
  (Session info: chrome=135.0.7049.116)
Build info: version: '4.28.1', revision: '73f5ad48a2'
System info: os.name: 'Windows 11', os.arch: 'amd64', os.version: '10.0', java.version: '21.0.6'
Driver info: org.openqa.selenium.chrome.ChromeDriver
Command: [df18c9ecbded2b9ccb2f708e7f384135, clickElement {id=f.0A62D8E5434E125C30C6D8056186967C.d.DAC457E003572B431A4EE87B45A69EE7.e.19}]
Capabilities {acceptInsecureCerts: false, browserName: chrome, browserVersion: 135.0.7049.116, chrome: {chromedriverVersion: 135.0.7049.114 (63fd8a7d9d0..., userDataDir: C:\WINDOWS\SystemTemp\scope...}, fedcm:accounts: true, goog:chromeOptions: {debuggerAddress: localhost:51429}, networkConnectionEnabled: false, pageLoadStrategy: normal, platformName: windows, proxy: Proxy(), se:cdp: ws://localhost:51429/devtoo..., se:cdpVersion: 135.0.7049.116, setWindowRect: true, strictFileInteractability: false, timeouts: {implicit: 0, pageLoad: 300000, script: 30000}, unhandledPromptBehavior: dismiss and notify, webauthn:extension:credBlob: true, webauthn:extension:largeBlob: true, webauthn:extension:minPinLength: true, webauthn:extension:prf: true, webauthn:virtualAuthenticators: true}
Element: [[ChromeDriver: chrome on windows (df18c9ecbded2b9ccb2f708e7f384135)] -> xpath: //div[@class='card-body']//h5[text()='Widgets']]
Session ID: df18c9ecbded2b9ccb2f708e7f384135
	at java.base/jdk.internal.reflect.DirectConstructorHandleAccessor.newInstance(DirectConstructorHandleAccessor.java:62) ~[?:?]
	at java.base/java.lang.reflect.Constructor.newInstanceWithCaller(Constructor.java:502) ~[?:?]
	at java.base/java.lang.reflect.Constructor.newInstance(Constructor.java:486) ~[?:?]
	at org.openqa.selenium.remote.ErrorCodec.decode(ErrorCodec.java:167) ~[selenium-remote-driver-4.28.1.jar:?]
	at org.openqa.selenium.remote.codec.w3c.W3CHttpResponseCodec.decode(W3CHttpResponseCodec.java:138) ~[selenium-remote-driver-4.28.1.jar:?]
	at org.openqa.selenium.remote.codec.w3c.W3CHttpResponseCodec.decode(W3CHttpResponseCodec.java:50) ~[selenium-remote-driver-4.28.1.jar:?]
	at org.openqa.selenium.remote.HttpCommandExecutor.execute(HttpCommandExecutor.java:215) ~[selenium-remote-driver-4.28.1.jar:?]
	at org.openqa.selenium.remote.service.DriverCommandExecutor.invokeExecute(DriverCommandExecutor.java:216) ~[selenium-remote-driver-4.28.1.jar:?]
	at org.openqa.selenium.remote.service.DriverCommandExecutor.execute(DriverCommandExecutor.java:174) ~[selenium-remote-driver-4.28.1.jar:?]
	at org.openqa.selenium.remote.RemoteWebDriver.execute(RemoteWebDriver.java:545) ~[selenium-remote-driver-4.28.1.jar:?]
	at org.openqa.selenium.remote.RemoteWebElement.execute(RemoteWebElement.java:223) ~[selenium-remote-driver-4.28.1.jar:?]
	at org.openqa.selenium.remote.RemoteWebElement.click(RemoteWebElement.java:76) ~[selenium-remote-driver-4.28.1.jar:?]
	at java.base/jdk.internal.reflect.DirectMethodHandleAccessor.invoke(DirectMethodHandleAccessor.java:103) ~[?:?]
	at java.base/java.lang.reflect.Method.invoke(Method.java:580) ~[?:?]
	at org.openqa.selenium.support.pagefactory.internal.LocatingElementHandler.invoke(LocatingElementHandler.java:51) ~[selenium-support-4.28.1.jar:?]
	at jdk.proxy2/jdk.proxy2.$Proxy27.click(Unknown Source) ~[?:?]
	at com.demoqa.pages.HomePage.clickOnWidgets(HomePage.java:100) ~[classes/:?]
	at com.demoqa.tests.widgets.AutoCompletePageTest.setUpPage(AutoCompletePageTest.java:12) ~[test-classes/:?]
	at java.base/jdk.internal.reflect.DirectMethodHandleAccessor.invoke(DirectMethodHandleAccessor.java:103) ~[?:?]
	at java.base/java.lang.reflect.Method.invoke(Method.java:580) ~[?:?]
	at org.testng.internal.invokers.MethodInvocationHelper.invokeMethod(MethodInvocationHelper.java:139) ~[testng-7.8.0.jar:7.8.0]
	at org.testng.internal.invokers.MethodInvocationHelper.invokeMethodConsideringTimeout(MethodInvocationHelper.java:69) ~[testng-7.8.0.jar:7.8.0]
	at org.testng.internal.invokers.ConfigInvoker.invokeConfigurationMethod(ConfigInvoker.java:390) ~[testng-7.8.0.jar:7.8.0]
	at org.testng.internal.invokers.ConfigInvoker.invokeConfigurations(ConfigInvoker.java:325) ~[testng-7.8.0.jar:7.8.0]
	at org.testng.internal.invokers.TestInvoker.runConfigMethods(TestInvoker.java:810) ~[testng-7.8.0.jar:7.8.0]
	at org.testng.internal.invokers.TestInvoker.invokeMethod(TestInvoker.java:577) ~[testng-7.8.0.jar:7.8.0]
	at org.testng.internal.invokers.TestInvoker.invokeTestMethod(TestInvoker.java:227) ~[testng-7.8.0.jar:7.8.0]
	at org.testng.internal.invokers.MethodRunner.runInSequence(MethodRunner.java:50) ~[testng-7.8.0.jar:7.8.0]
	at org.testng.internal.invokers.TestInvoker$MethodInvocationAgent.invoke(TestInvoker.java:957) ~[testng-7.8.0.jar:7.8.0]
	at org.testng.internal.invokers.TestInvoker.invokeTestMethods(TestInvoker.java:200) ~[testng-7.8.0.jar:7.8.0]
	at org.testng.internal.invokers.TestMethodWorker.invokeTestMethods(TestMethodWorker.java:148) ~[testng-7.8.0.jar:7.8.0]
	at org.testng.internal.invokers.TestMethodWorker.run(TestMethodWorker.java:128) ~[testng-7.8.0.jar:7.8.0]
	at java.base/java.util.ArrayList.forEach(ArrayList.java:1596) ~[?:?]
	at org.testng.TestRunner.privateRun(TestRunner.java:848) ~[testng-7.8.0.jar:7.8.0]
	at org.testng.TestRunner.run(TestRunner.java:621) ~[testng-7.8.0.jar:7.8.0]
	at org.testng.SuiteRunner.runTest(SuiteRunner.java:443) ~[testng-7.8.0.jar:7.8.0]
	at org.testng.SuiteRunner$SuiteWorker.run(SuiteRunner.java:481) ~[testng-7.8.0.jar:7.8.0]
	at org.testng.internal.thread.ThreadUtil.lambda$execute$0(ThreadUtil.java:58) ~[testng-7.8.0.jar:7.8.0]
	at java.base/java.util.concurrent.FutureTask.run(FutureTask.java:317) ~[?:?]
	at java.base/java.util.concurrent.ThreadPoolExecutor.runWorker(ThreadPoolExecutor.java:1144) ~[?:?]
	at java.base/java.util.concurrent.ThreadPoolExecutor$Worker.run(ThreadPoolExecutor.java:642) ~[?:?]
	at java.base/java.lang.Thread.run(Thread.java:1583) [?:?]
=2025-05-03 23:03:28 [TestNG-tests-1] INFO  - Started Test: AutoCompletePageTest => testAutoComplete
=2025-05-03 23:03:28 [TestNG-tests-1] INFO  - Test Skipped: AutoCompletePageTest => testAutoComplete
=2025-05-03 23:03:29 [TestNG-tests-1] INFO  - Closing the browser - Firefox
=2025-05-03 23:05:31 [main] INFO  - Starting Execution for Test Suite => Demoqa_Sanity_Suite with Tag => sanity1
=2025-05-03 23:05:31 [TestNG-tests-1] INFO  - Starting Execution for Test=> Demoqa_AutoCompletePageTest_Sanity_Test
=2025-05-03 23:05:37 [TestNG-tests-1] INFO  - Opening the browser - Firefox
=2025-05-03 23:05:44 [TestNG-tests-1] INFO  - Clicked on widgets.
=2025-05-03 23:05:44 [TestNG-tests-1] INFO  - Started Test: AutoCompletePageTest => testAutoComplete
=2025-05-03 23:05:47 [TestNG-tests-1] INFO  - Clicked on Auto Complete menu.
=2025-05-03 23:05:48 [TestNG-tests-1] INFO  - Enter colors: Red
=2025-05-03 23:05:48 [TestNG-tests-1] INFO  - Test Successful: AutoCompletePageTest => testAutoComplete
=2025-05-03 23:05:49 [TestNG-tests-1] INFO  - Closing the browser - Firefox
=2025-05-03 23:10:28 [main] INFO  - Starting Execution for Test Suite => Demoqa_Sanity_Suite with Tag => sanity1
=2025-05-03 23:10:28 [TestNG-tests-1] INFO  - Starting Execution for Test=> Demoqa_AutoCompletePageTest_Sanity_Test
=2025-05-03 23:10:31 [TestNG-tests-1] INFO  - Opening the browser - Chrome
=2025-05-03 23:10:39 [TestNG-tests-1] ERROR - Failed to click on widgets.
org.openqa.selenium.ElementClickInterceptedException: element click intercepted: Element <h5>...</h5> is not clickable at point (703, 617). Other element would receive the click: <iframe frameborder="0" src="https://831ff55281e7c7d44f866abad57c1fb8.safeframe.googlesyndication.com/safeframe/1-0-43/html/container.html" id="google_ads_iframe_/21849154601,22343295815/Ad.Plus-Anchor_0" title="3rd party ad content" name="" scrolling="no" marginwidth="0" marginheight="0" width="728" height="90" data-is-safeframe="true" sandbox="allow-forms allow-popups allow-popups-to-escape-sandbox allow-same-origin allow-scripts allow-top-navigation-by-user-activation" allow="private-state-token-redemption;attribution-reporting" aria-label="Advertisement" tabindex="0" data-google-container-id="1" style="border: 0px; vertical-align: bottom;" data-load-complete="true"></iframe>
  (Session info: chrome=135.0.7049.116)
Build info: version: '4.28.1', revision: '73f5ad48a2'
System info: os.name: 'Windows 11', os.arch: 'amd64', os.version: '10.0', java.version: '21.0.6'
Driver info: org.openqa.selenium.chrome.ChromeDriver
Command: [14f276aafcf759db740ec452b9232f5d, clickElement {id=f.B4B4A72807A2E27B69A8F6F5FD17527D.d.C3ABBFEB55498B531A008F1C158D8846.e.20}]
Capabilities {acceptInsecureCerts: false, browserName: chrome, browserVersion: 135.0.7049.116, chrome: {chromedriverVersion: 135.0.7049.114 (63fd8a7d9d0..., userDataDir: C:\WINDOWS\SystemTemp\scope...}, fedcm:accounts: true, goog:chromeOptions: {debuggerAddress: localhost:51718}, networkConnectionEnabled: false, pageLoadStrategy: normal, platformName: windows, proxy: Proxy(), se:cdp: ws://localhost:51718/devtoo..., se:cdpVersion: 135.0.7049.116, setWindowRect: true, strictFileInteractability: false, timeouts: {implicit: 0, pageLoad: 300000, script: 30000}, unhandledPromptBehavior: dismiss and notify, webauthn:extension:credBlob: true, webauthn:extension:largeBlob: true, webauthn:extension:minPinLength: true, webauthn:extension:prf: true, webauthn:virtualAuthenticators: true}
Element: [[ChromeDriver: chrome on windows (14f276aafcf759db740ec452b9232f5d)] -> xpath: //div[@class='card-body']//h5[text()='Widgets']]
Session ID: 14f276aafcf759db740ec452b9232f5d
	at java.base/jdk.internal.reflect.DirectConstructorHandleAccessor.newInstance(DirectConstructorHandleAccessor.java:62) ~[?:?]
	at java.base/java.lang.reflect.Constructor.newInstanceWithCaller(Constructor.java:502) ~[?:?]
	at java.base/java.lang.reflect.Constructor.newInstance(Constructor.java:486) ~[?:?]
	at org.openqa.selenium.remote.ErrorCodec.decode(ErrorCodec.java:167) ~[selenium-remote-driver-4.28.1.jar:?]
	at org.openqa.selenium.remote.codec.w3c.W3CHttpResponseCodec.decode(W3CHttpResponseCodec.java:138) ~[selenium-remote-driver-4.28.1.jar:?]
	at org.openqa.selenium.remote.codec.w3c.W3CHttpResponseCodec.decode(W3CHttpResponseCodec.java:50) ~[selenium-remote-driver-4.28.1.jar:?]
	at org.openqa.selenium.remote.HttpCommandExecutor.execute(HttpCommandExecutor.java:215) ~[selenium-remote-driver-4.28.1.jar:?]
	at org.openqa.selenium.remote.service.DriverCommandExecutor.invokeExecute(DriverCommandExecutor.java:216) ~[selenium-remote-driver-4.28.1.jar:?]
	at org.openqa.selenium.remote.service.DriverCommandExecutor.execute(DriverCommandExecutor.java:174) ~[selenium-remote-driver-4.28.1.jar:?]
	at org.openqa.selenium.remote.RemoteWebDriver.execute(RemoteWebDriver.java:545) ~[selenium-remote-driver-4.28.1.jar:?]
	at org.openqa.selenium.remote.RemoteWebElement.execute(RemoteWebElement.java:223) ~[selenium-remote-driver-4.28.1.jar:?]
	at org.openqa.selenium.remote.RemoteWebElement.click(RemoteWebElement.java:76) ~[selenium-remote-driver-4.28.1.jar:?]
	at java.base/jdk.internal.reflect.DirectMethodHandleAccessor.invoke(DirectMethodHandleAccessor.java:103) ~[?:?]
	at java.base/java.lang.reflect.Method.invoke(Method.java:580) ~[?:?]
	at org.openqa.selenium.support.pagefactory.internal.LocatingElementHandler.invoke(LocatingElementHandler.java:51) ~[selenium-support-4.28.1.jar:?]
	at jdk.proxy2/jdk.proxy2.$Proxy27.click(Unknown Source) ~[?:?]
	at com.demoqa.pages.HomePage.clickOnWidgets(HomePage.java:100) ~[classes/:?]
	at com.demoqa.tests.widgets.AutoCompletePageTest.setUpPage(AutoCompletePageTest.java:12) ~[test-classes/:?]
	at java.base/jdk.internal.reflect.DirectMethodHandleAccessor.invoke(DirectMethodHandleAccessor.java:103) ~[?:?]
	at java.base/java.lang.reflect.Method.invoke(Method.java:580) ~[?:?]
	at org.testng.internal.invokers.MethodInvocationHelper.invokeMethod(MethodInvocationHelper.java:139) ~[testng-7.8.0.jar:7.8.0]
	at org.testng.internal.invokers.MethodInvocationHelper.invokeMethodConsideringTimeout(MethodInvocationHelper.java:69) ~[testng-7.8.0.jar:7.8.0]
	at org.testng.internal.invokers.ConfigInvoker.invokeConfigurationMethod(ConfigInvoker.java:390) ~[testng-7.8.0.jar:7.8.0]
	at org.testng.internal.invokers.ConfigInvoker.invokeConfigurations(ConfigInvoker.java:325) ~[testng-7.8.0.jar:7.8.0]
	at org.testng.internal.invokers.TestInvoker.runConfigMethods(TestInvoker.java:810) ~[testng-7.8.0.jar:7.8.0]
	at org.testng.internal.invokers.TestInvoker.invokeMethod(TestInvoker.java:577) ~[testng-7.8.0.jar:7.8.0]
	at org.testng.internal.invokers.TestInvoker.invokeTestMethod(TestInvoker.java:227) ~[testng-7.8.0.jar:7.8.0]
	at org.testng.internal.invokers.MethodRunner.runInSequence(MethodRunner.java:50) ~[testng-7.8.0.jar:7.8.0]
	at org.testng.internal.invokers.TestInvoker$MethodInvocationAgent.invoke(TestInvoker.java:957) ~[testng-7.8.0.jar:7.8.0]
	at org.testng.internal.invokers.TestInvoker.invokeTestMethods(TestInvoker.java:200) ~[testng-7.8.0.jar:7.8.0]
	at org.testng.internal.invokers.TestMethodWorker.invokeTestMethods(TestMethodWorker.java:148) ~[testng-7.8.0.jar:7.8.0]
	at org.testng.internal.invokers.TestMethodWorker.run(TestMethodWorker.java:128) ~[testng-7.8.0.jar:7.8.0]
	at java.base/java.util.ArrayList.forEach(ArrayList.java:1596) ~[?:?]
	at org.testng.TestRunner.privateRun(TestRunner.java:848) ~[testng-7.8.0.jar:7.8.0]
	at org.testng.TestRunner.run(TestRunner.java:621) ~[testng-7.8.0.jar:7.8.0]
	at org.testng.SuiteRunner.runTest(SuiteRunner.java:443) ~[testng-7.8.0.jar:7.8.0]
	at org.testng.SuiteRunner$SuiteWorker.run(SuiteRunner.java:481) ~[testng-7.8.0.jar:7.8.0]
	at org.testng.internal.thread.ThreadUtil.lambda$execute$0(ThreadUtil.java:58) ~[testng-7.8.0.jar:7.8.0]
	at java.base/java.util.concurrent.FutureTask.run(FutureTask.java:317) ~[?:?]
	at java.base/java.util.concurrent.ThreadPoolExecutor.runWorker(ThreadPoolExecutor.java:1144) ~[?:?]
	at java.base/java.util.concurrent.ThreadPoolExecutor$Worker.run(ThreadPoolExecutor.java:642) ~[?:?]
	at java.base/java.lang.Thread.run(Thread.java:1583) [?:?]
=2025-05-03 23:10:39 [TestNG-tests-1] INFO  - Started Test: AutoCompletePageTest => testAutoComplete
=2025-05-03 23:10:39 [TestNG-tests-1] INFO  - Test Skipped: AutoCompletePageTest => testAutoComplete
=2025-05-03 23:10:39 [TestNG-tests-1] INFO  - Closing the browser - Chrome
=2025-05-03 23:23:49 [main] INFO  - Starting Execution for Test Suite => Demoqa_Sanity_Suite with Tag => sanity1
=2025-05-03 23:23:49 [TestNG-tests-1] INFO  - Starting Execution for Test=> Demoqa_AutoCompletePageTest_Sanity_Test
=2025-05-03 23:23:52 [TestNG-tests-1] INFO  - Opening the browser - Chrome
=2025-05-03 23:24:01 [TestNG-tests-1] INFO  - Clicked on widgets.
=2025-05-03 23:24:01 [TestNG-tests-1] INFO  - Started Test: AutoCompletePageTest => testAutoComplete
=2025-05-03 23:24:03 [TestNG-tests-1] INFO  - Clicked on Auto Complete menu.
=2025-05-03 23:24:03 [TestNG-tests-1] INFO  - Enter colors: Red
=2025-05-03 23:24:03 [TestNG-tests-1] INFO  - Test Successful: AutoCompletePageTest => testAutoComplete
=2025-05-03 23:24:04 [TestNG-tests-1] INFO  - Closing the browser - Chrome
=2025-05-03 23:25:57 [main] INFO  - Starting Execution for Test Suite => Demoqa_Sanity_Suite with Tag => sanity1
=2025-05-03 23:25:57 [TestNG-tests-1] INFO  - Starting Execution for Test=> Demoqa_AutoCompletePageTest_Sanity_Test
=2025-05-03 23:26:00 [TestNG-tests-1] INFO  - Opening the browser - Firefox
=2025-05-03 23:26:37 [TestNG-tests-1] ERROR - Failed to click on widgets.
org.openqa.selenium.ElementClickInterceptedException: element click intercepted: Element <h5>...</h5> is not clickable at point (703, 617). Other element would receive the click: <iframe frameborder="0" src="https://fe4e4b1b3b3a7212dfc282382d612e18.safeframe.googlesyndication.com/safeframe/1-0-43/html/container.html" id="google_ads_iframe_/21849154601,22343295815/Ad.Plus-Anchor_0" title="3rd party ad content" name="" scrolling="no" marginwidth="0" marginheight="0" width="728" height="90" data-is-safeframe="true" sandbox="allow-forms allow-popups allow-popups-to-escape-sandbox allow-same-origin allow-scripts allow-top-navigation-by-user-activation" allow="private-state-token-redemption;attribution-reporting" aria-label="Advertisement" tabindex="0" data-google-container-id="1" style="border: 0px; vertical-align: bottom;" data-load-complete="true"></iframe>
  (Session info: chrome=135.0.7049.116)
Build info: version: '4.28.1', revision: '73f5ad48a2'
System info: os.name: 'Windows 11', os.arch: 'amd64', os.version: '10.0', java.version: '21.0.6'
Driver info: org.openqa.selenium.chrome.ChromeDriver
Command: [bf14191ebd7e2351203311e102272efe, clickElement {id=f.8D60EAF99A5E7864D470A87F16317027.d.CBB3BB2CFD6A6B3E8EB865ED1B97E30E.e.19}]
Capabilities {acceptInsecureCerts: false, browserName: chrome, browserVersion: 135.0.7049.116, chrome: {chromedriverVersion: 135.0.7049.114 (63fd8a7d9d0..., userDataDir: C:\WINDOWS\SystemTemp\scope...}, fedcm:accounts: true, goog:chromeOptions: {debuggerAddress: localhost:52119}, networkConnectionEnabled: false, pageLoadStrategy: normal, platformName: windows, proxy: Proxy(), se:cdp: ws://localhost:52119/devtoo..., se:cdpVersion: 135.0.7049.116, setWindowRect: true, strictFileInteractability: false, timeouts: {implicit: 0, pageLoad: 300000, script: 30000}, unhandledPromptBehavior: dismiss and notify, webauthn:extension:credBlob: true, webauthn:extension:largeBlob: true, webauthn:extension:minPinLength: true, webauthn:extension:prf: true, webauthn:virtualAuthenticators: true}
Element: [[ChromeDriver: chrome on windows (bf14191ebd7e2351203311e102272efe)] -> xpath: //div[@class='card-body']//h5[text()='Widgets']]
Session ID: bf14191ebd7e2351203311e102272efe
	at java.base/jdk.internal.reflect.DirectConstructorHandleAccessor.newInstance(DirectConstructorHandleAccessor.java:62) ~[?:?]
	at java.base/java.lang.reflect.Constructor.newInstanceWithCaller(Constructor.java:502) ~[?:?]
	at java.base/java.lang.reflect.Constructor.newInstance(Constructor.java:486) ~[?:?]
	at org.openqa.selenium.remote.ErrorCodec.decode(ErrorCodec.java:167) ~[selenium-remote-driver-4.28.1.jar:?]
	at org.openqa.selenium.remote.codec.w3c.W3CHttpResponseCodec.decode(W3CHttpResponseCodec.java:138) ~[selenium-remote-driver-4.28.1.jar:?]
	at org.openqa.selenium.remote.codec.w3c.W3CHttpResponseCodec.decode(W3CHttpResponseCodec.java:50) ~[selenium-remote-driver-4.28.1.jar:?]
	at org.openqa.selenium.remote.HttpCommandExecutor.execute(HttpCommandExecutor.java:215) ~[selenium-remote-driver-4.28.1.jar:?]
	at org.openqa.selenium.remote.service.DriverCommandExecutor.invokeExecute(DriverCommandExecutor.java:216) ~[selenium-remote-driver-4.28.1.jar:?]
	at org.openqa.selenium.remote.service.DriverCommandExecutor.execute(DriverCommandExecutor.java:174) ~[selenium-remote-driver-4.28.1.jar:?]
	at org.openqa.selenium.remote.RemoteWebDriver.execute(RemoteWebDriver.java:545) ~[selenium-remote-driver-4.28.1.jar:?]
	at org.openqa.selenium.remote.RemoteWebElement.execute(RemoteWebElement.java:223) ~[selenium-remote-driver-4.28.1.jar:?]
	at org.openqa.selenium.remote.RemoteWebElement.click(RemoteWebElement.java:76) ~[selenium-remote-driver-4.28.1.jar:?]
	at java.base/jdk.internal.reflect.DirectMethodHandleAccessor.invoke(DirectMethodHandleAccessor.java:103) ~[?:?]
	at java.base/java.lang.reflect.Method.invoke(Method.java:580) ~[?:?]
	at org.openqa.selenium.support.pagefactory.internal.LocatingElementHandler.invoke(LocatingElementHandler.java:51) ~[selenium-support-4.28.1.jar:?]
	at jdk.proxy2/jdk.proxy2.$Proxy27.click(Unknown Source) ~[?:?]
	at com.demoqa.pages.HomePage.clickOnWidgets(HomePage.java:100) ~[classes/:?]
	at com.demoqa.tests.widgets.AutoCompletePageTest.setUpPage(AutoCompletePageTest.java:12) ~[test-classes/:?]
	at java.base/jdk.internal.reflect.DirectMethodHandleAccessor.invoke(DirectMethodHandleAccessor.java:103) ~[?:?]
	at java.base/java.lang.reflect.Method.invoke(Method.java:580) ~[?:?]
	at org.testng.internal.invokers.MethodInvocationHelper.invokeMethod(MethodInvocationHelper.java:139) ~[testng-7.8.0.jar:7.8.0]
	at org.testng.internal.invokers.MethodInvocationHelper.invokeMethodConsideringTimeout(MethodInvocationHelper.java:69) ~[testng-7.8.0.jar:7.8.0]
	at org.testng.internal.invokers.ConfigInvoker.invokeConfigurationMethod(ConfigInvoker.java:390) ~[testng-7.8.0.jar:7.8.0]
	at org.testng.internal.invokers.ConfigInvoker.invokeConfigurations(ConfigInvoker.java:325) ~[testng-7.8.0.jar:7.8.0]
	at org.testng.internal.invokers.TestInvoker.runConfigMethods(TestInvoker.java:810) ~[testng-7.8.0.jar:7.8.0]
	at org.testng.internal.invokers.TestInvoker.invokeMethod(TestInvoker.java:577) ~[testng-7.8.0.jar:7.8.0]
	at org.testng.internal.invokers.TestInvoker.invokeTestMethod(TestInvoker.java:227) ~[testng-7.8.0.jar:7.8.0]
	at org.testng.internal.invokers.MethodRunner.runInSequence(MethodRunner.java:50) ~[testng-7.8.0.jar:7.8.0]
	at org.testng.internal.invokers.TestInvoker$MethodInvocationAgent.invoke(TestInvoker.java:957) ~[testng-7.8.0.jar:7.8.0]
	at org.testng.internal.invokers.TestInvoker.invokeTestMethods(TestInvoker.java:200) ~[testng-7.8.0.jar:7.8.0]
	at org.testng.internal.invokers.TestMethodWorker.invokeTestMethods(TestMethodWorker.java:148) ~[testng-7.8.0.jar:7.8.0]
	at org.testng.internal.invokers.TestMethodWorker.run(TestMethodWorker.java:128) ~[testng-7.8.0.jar:7.8.0]
	at java.base/java.util.ArrayList.forEach(ArrayList.java:1596) ~[?:?]
	at org.testng.TestRunner.privateRun(TestRunner.java:848) ~[testng-7.8.0.jar:7.8.0]
	at org.testng.TestRunner.run(TestRunner.java:621) ~[testng-7.8.0.jar:7.8.0]
	at org.testng.SuiteRunner.runTest(SuiteRunner.java:443) ~[testng-7.8.0.jar:7.8.0]
	at org.testng.SuiteRunner$SuiteWorker.run(SuiteRunner.java:481) ~[testng-7.8.0.jar:7.8.0]
	at org.testng.internal.thread.ThreadUtil.lambda$execute$0(ThreadUtil.java:58) ~[testng-7.8.0.jar:7.8.0]
	at java.base/java.util.concurrent.FutureTask.run(FutureTask.java:317) ~[?:?]
	at java.base/java.util.concurrent.ThreadPoolExecutor.runWorker(ThreadPoolExecutor.java:1144) ~[?:?]
	at java.base/java.util.concurrent.ThreadPoolExecutor$Worker.run(ThreadPoolExecutor.java:642) ~[?:?]
	at java.base/java.lang.Thread.run(Thread.java:1583) [?:?]
=2025-05-03 23:26:37 [TestNG-tests-1] INFO  - Started Test: AutoCompletePageTest => testAutoComplete
=2025-05-03 23:26:37 [TestNG-tests-1] INFO  - Test Skipped: AutoCompletePageTest => testAutoComplete
=2025-05-03 23:26:37 [TestNG-tests-1] INFO  - Closing the browser - Firefox
=2025-05-03 23:30:42 [main] INFO  - Starting Execution for Test Suite => Demoqa_Sanity_Suite with Tag => sanity1
=2025-05-03 23:30:42 [TestNG-tests-1] INFO  - Starting Execution for Test=> Demoqa_AutoCompletePageTest_Sanity_Test
=2025-05-03 23:30:46 [TestNG-tests-1] INFO  - Opening the browser - Chrome
=2025-05-03 23:30:54 [TestNG-tests-1] ERROR - Failed to click on widgets.
org.openqa.selenium.ElementClickInterceptedException: element click intercepted: Element <h5>...</h5> is not clickable at point (703, 617). Other element would receive the click: <iframe frameborder="0" src="https://71af356c74867a0318e5272c2476a7dc.safeframe.googlesyndication.com/safeframe/1-0-43/html/container.html" id="google_ads_iframe_/21849154601,22343295815/Ad.Plus-Anchor_0" title="3rd party ad content" name="" scrolling="no" marginwidth="0" marginheight="0" width="728" height="90" data-is-safeframe="true" sandbox="allow-forms allow-popups allow-popups-to-escape-sandbox allow-same-origin allow-scripts allow-top-navigation-by-user-activation" allow="private-state-token-redemption;attribution-reporting" aria-label="Advertisement" tabindex="0" data-google-container-id="1" style="border: 0px; vertical-align: bottom;" data-load-complete="true"></iframe>
  (Session info: chrome=135.0.7049.116)
Build info: version: '4.28.1', revision: '73f5ad48a2'
System info: os.name: 'Windows 11', os.arch: 'amd64', os.version: '10.0', java.version: '21.0.6'
Driver info: org.openqa.selenium.chrome.ChromeDriver
Command: [e26ffd916a53635d796a03cd005dba60, clickElement {id=f.67082F26420879E7E61A5C4433C56A5A.d.6B67E90CB16D4E00663A763F3FB75401.e.20}]
Capabilities {acceptInsecureCerts: false, browserName: chrome, browserVersion: 135.0.7049.116, chrome: {chromedriverVersion: 135.0.7049.114 (63fd8a7d9d0..., userDataDir: C:\WINDOWS\SystemTemp\scope...}, fedcm:accounts: true, goog:chromeOptions: {debuggerAddress: localhost:52471}, networkConnectionEnabled: false, pageLoadStrategy: normal, platformName: windows, proxy: Proxy(), se:cdp: ws://localhost:52471/devtoo..., se:cdpVersion: 135.0.7049.116, setWindowRect: true, strictFileInteractability: false, timeouts: {implicit: 0, pageLoad: 300000, script: 30000}, unhandledPromptBehavior: dismiss and notify, webauthn:extension:credBlob: true, webauthn:extension:largeBlob: true, webauthn:extension:minPinLength: true, webauthn:extension:prf: true, webauthn:virtualAuthenticators: true}
Element: [[ChromeDriver: chrome on windows (e26ffd916a53635d796a03cd005dba60)] -> xpath: //div[@class='card-body']//h5[text()='Widgets']]
Session ID: e26ffd916a53635d796a03cd005dba60
	at java.base/jdk.internal.reflect.DirectConstructorHandleAccessor.newInstance(DirectConstructorHandleAccessor.java:62) ~[?:?]
	at java.base/java.lang.reflect.Constructor.newInstanceWithCaller(Constructor.java:502) ~[?:?]
	at java.base/java.lang.reflect.Constructor.newInstance(Constructor.java:486) ~[?:?]
	at org.openqa.selenium.remote.ErrorCodec.decode(ErrorCodec.java:167) ~[selenium-remote-driver-4.28.1.jar:?]
	at org.openqa.selenium.remote.codec.w3c.W3CHttpResponseCodec.decode(W3CHttpResponseCodec.java:138) ~[selenium-remote-driver-4.28.1.jar:?]
	at org.openqa.selenium.remote.codec.w3c.W3CHttpResponseCodec.decode(W3CHttpResponseCodec.java:50) ~[selenium-remote-driver-4.28.1.jar:?]
	at org.openqa.selenium.remote.HttpCommandExecutor.execute(HttpCommandExecutor.java:215) ~[selenium-remote-driver-4.28.1.jar:?]
	at org.openqa.selenium.remote.service.DriverCommandExecutor.invokeExecute(DriverCommandExecutor.java:216) ~[selenium-remote-driver-4.28.1.jar:?]
	at org.openqa.selenium.remote.service.DriverCommandExecutor.execute(DriverCommandExecutor.java:174) ~[selenium-remote-driver-4.28.1.jar:?]
	at org.openqa.selenium.remote.RemoteWebDriver.execute(RemoteWebDriver.java:545) ~[selenium-remote-driver-4.28.1.jar:?]
	at org.openqa.selenium.remote.RemoteWebElement.execute(RemoteWebElement.java:223) ~[selenium-remote-driver-4.28.1.jar:?]
	at org.openqa.selenium.remote.RemoteWebElement.click(RemoteWebElement.java:76) ~[selenium-remote-driver-4.28.1.jar:?]
	at java.base/jdk.internal.reflect.DirectMethodHandleAccessor.invoke(DirectMethodHandleAccessor.java:103) ~[?:?]
	at java.base/java.lang.reflect.Method.invoke(Method.java:580) ~[?:?]
	at org.openqa.selenium.support.pagefactory.internal.LocatingElementHandler.invoke(LocatingElementHandler.java:51) ~[selenium-support-4.28.1.jar:?]
	at jdk.proxy2/jdk.proxy2.$Proxy27.click(Unknown Source) ~[?:?]
	at com.demoqa.pages.HomePage.clickOnWidgets(HomePage.java:100) ~[classes/:?]
	at com.demoqa.tests.widgets.AutoCompletePageTest.setUpPage(AutoCompletePageTest.java:12) ~[test-classes/:?]
	at java.base/jdk.internal.reflect.DirectMethodHandleAccessor.invoke(DirectMethodHandleAccessor.java:103) ~[?:?]
	at java.base/java.lang.reflect.Method.invoke(Method.java:580) ~[?:?]
	at org.testng.internal.invokers.MethodInvocationHelper.invokeMethod(MethodInvocationHelper.java:139) ~[testng-7.8.0.jar:7.8.0]
	at org.testng.internal.invokers.MethodInvocationHelper.invokeMethodConsideringTimeout(MethodInvocationHelper.java:69) ~[testng-7.8.0.jar:7.8.0]
	at org.testng.internal.invokers.ConfigInvoker.invokeConfigurationMethod(ConfigInvoker.java:390) ~[testng-7.8.0.jar:7.8.0]
	at org.testng.internal.invokers.ConfigInvoker.invokeConfigurations(ConfigInvoker.java:325) ~[testng-7.8.0.jar:7.8.0]
	at org.testng.internal.invokers.TestInvoker.runConfigMethods(TestInvoker.java:810) ~[testng-7.8.0.jar:7.8.0]
	at org.testng.internal.invokers.TestInvoker.invokeMethod(TestInvoker.java:577) ~[testng-7.8.0.jar:7.8.0]
	at org.testng.internal.invokers.TestInvoker.invokeTestMethod(TestInvoker.java:227) ~[testng-7.8.0.jar:7.8.0]
	at org.testng.internal.invokers.MethodRunner.runInSequence(MethodRunner.java:50) ~[testng-7.8.0.jar:7.8.0]
	at org.testng.internal.invokers.TestInvoker$MethodInvocationAgent.invoke(TestInvoker.java:957) ~[testng-7.8.0.jar:7.8.0]
	at org.testng.internal.invokers.TestInvoker.invokeTestMethods(TestInvoker.java:200) ~[testng-7.8.0.jar:7.8.0]
	at org.testng.internal.invokers.TestMethodWorker.invokeTestMethods(TestMethodWorker.java:148) ~[testng-7.8.0.jar:7.8.0]
	at org.testng.internal.invokers.TestMethodWorker.run(TestMethodWorker.java:128) ~[testng-7.8.0.jar:7.8.0]
	at java.base/java.util.ArrayList.forEach(ArrayList.java:1596) ~[?:?]
	at org.testng.TestRunner.privateRun(TestRunner.java:848) ~[testng-7.8.0.jar:7.8.0]
	at org.testng.TestRunner.run(TestRunner.java:621) ~[testng-7.8.0.jar:7.8.0]
	at org.testng.SuiteRunner.runTest(SuiteRunner.java:443) ~[testng-7.8.0.jar:7.8.0]
	at org.testng.SuiteRunner$SuiteWorker.run(SuiteRunner.java:481) ~[testng-7.8.0.jar:7.8.0]
	at org.testng.internal.thread.ThreadUtil.lambda$execute$0(ThreadUtil.java:58) ~[testng-7.8.0.jar:7.8.0]
	at java.base/java.util.concurrent.FutureTask.run(FutureTask.java:317) ~[?:?]
	at java.base/java.util.concurrent.ThreadPoolExecutor.runWorker(ThreadPoolExecutor.java:1144) ~[?:?]
	at java.base/java.util.concurrent.ThreadPoolExecutor$Worker.run(ThreadPoolExecutor.java:642) ~[?:?]
	at java.base/java.lang.Thread.run(Thread.java:1583) [?:?]
=2025-05-03 23:30:54 [TestNG-tests-1] INFO  - Started Test: AutoCompletePageTest => testAutoComplete
=2025-05-03 23:30:54 [TestNG-tests-1] INFO  - Test Skipped: AutoCompletePageTest => testAutoComplete
=2025-05-03 23:30:55 [TestNG-tests-1] INFO  - Closing the browser - Chrome
=2025-05-03 23:43:16 [main] INFO  - Starting Execution for Test Suite => Demoqa_Sanity_Suite with Tag => sanity1
=2025-05-03 23:43:17 [TestNG-tests-1] INFO  - Starting Execution for Test=> Demoqa_AutoCompletePageTest_Sanity_Test
=2025-05-03 23:43:22 [TestNG-tests-1] INFO  - Opening the browser - Chrome
=2025-05-03 23:43:29 [TestNG-tests-1] ERROR - Failed to click on widgets.
org.openqa.selenium.ElementClickInterceptedException: element click intercepted: Element <h5>...</h5> is not clickable at point (703, 617). Other element would receive the click: <iframe frameborder="0" src="https://d3b273571339e6670ee70b120e321fbd.safeframe.googlesyndication.com/safeframe/1-0-43/html/container.html" id="google_ads_iframe_/21849154601,22343295815/Ad.Plus-Anchor_0" title="3rd party ad content" name="" scrolling="no" marginwidth="0" marginheight="0" width="728" height="90" data-is-safeframe="true" sandbox="allow-forms allow-popups allow-popups-to-escape-sandbox allow-same-origin allow-scripts allow-top-navigation-by-user-activation" allow="private-state-token-redemption;attribution-reporting" aria-label="Advertisement" tabindex="0" data-google-container-id="1" style="border: 0px; vertical-align: bottom;" data-load-complete="true"></iframe>
  (Session info: chrome=135.0.7049.116)
Build info: version: '4.28.1', revision: '73f5ad48a2'
System info: os.name: 'Windows 11', os.arch: 'amd64', os.version: '10.0', java.version: '21.0.6'
Driver info: org.openqa.selenium.chrome.ChromeDriver
Command: [a08dca6687a0aca34163518779bd31d3, clickElement {id=f.332C7E787444164E41697715030E0E53.d.AB554C8612E37CEA8BB35D877BBBAF01.e.18}]
Capabilities {acceptInsecureCerts: false, browserName: chrome, browserVersion: 135.0.7049.116, chrome: {chromedriverVersion: 135.0.7049.114 (63fd8a7d9d0..., userDataDir: C:\WINDOWS\SystemTemp\scope...}, fedcm:accounts: true, goog:chromeOptions: {debuggerAddress: localhost:52623}, networkConnectionEnabled: false, pageLoadStrategy: normal, platformName: windows, proxy: Proxy(), se:cdp: ws://localhost:52623/devtoo..., se:cdpVersion: 135.0.7049.116, setWindowRect: true, strictFileInteractability: false, timeouts: {implicit: 0, pageLoad: 300000, script: 30000}, unhandledPromptBehavior: dismiss and notify, webauthn:extension:credBlob: true, webauthn:extension:largeBlob: true, webauthn:extension:minPinLength: true, webauthn:extension:prf: true, webauthn:virtualAuthenticators: true}
Element: [[ChromeDriver: chrome on windows (a08dca6687a0aca34163518779bd31d3)] -> xpath: //div[@class='card-body']//h5[text()='Widgets']]
Session ID: a08dca6687a0aca34163518779bd31d3
	at java.base/jdk.internal.reflect.DirectConstructorHandleAccessor.newInstance(DirectConstructorHandleAccessor.java:62) ~[?:?]
	at java.base/java.lang.reflect.Constructor.newInstanceWithCaller(Constructor.java:502) ~[?:?]
	at java.base/java.lang.reflect.Constructor.newInstance(Constructor.java:486) ~[?:?]
	at org.openqa.selenium.remote.ErrorCodec.decode(ErrorCodec.java:167) ~[selenium-remote-driver-4.28.1.jar:?]
	at org.openqa.selenium.remote.codec.w3c.W3CHttpResponseCodec.decode(W3CHttpResponseCodec.java:138) ~[selenium-remote-driver-4.28.1.jar:?]
	at org.openqa.selenium.remote.codec.w3c.W3CHttpResponseCodec.decode(W3CHttpResponseCodec.java:50) ~[selenium-remote-driver-4.28.1.jar:?]
	at org.openqa.selenium.remote.HttpCommandExecutor.execute(HttpCommandExecutor.java:215) ~[selenium-remote-driver-4.28.1.jar:?]
	at org.openqa.selenium.remote.service.DriverCommandExecutor.invokeExecute(DriverCommandExecutor.java:216) ~[selenium-remote-driver-4.28.1.jar:?]
	at org.openqa.selenium.remote.service.DriverCommandExecutor.execute(DriverCommandExecutor.java:174) ~[selenium-remote-driver-4.28.1.jar:?]
	at org.openqa.selenium.remote.RemoteWebDriver.execute(RemoteWebDriver.java:545) ~[selenium-remote-driver-4.28.1.jar:?]
	at org.openqa.selenium.remote.RemoteWebElement.execute(RemoteWebElement.java:223) ~[selenium-remote-driver-4.28.1.jar:?]
	at org.openqa.selenium.remote.RemoteWebElement.click(RemoteWebElement.java:76) ~[selenium-remote-driver-4.28.1.jar:?]
	at java.base/jdk.internal.reflect.DirectMethodHandleAccessor.invoke(DirectMethodHandleAccessor.java:103) ~[?:?]
	at java.base/java.lang.reflect.Method.invoke(Method.java:580) ~[?:?]
	at org.openqa.selenium.support.pagefactory.internal.LocatingElementHandler.invoke(LocatingElementHandler.java:51) ~[selenium-support-4.28.1.jar:?]
	at jdk.proxy2/jdk.proxy2.$Proxy27.click(Unknown Source) ~[?:?]
	at com.demoqa.pages.HomePage.clickOnWidgets(HomePage.java:100) ~[classes/:?]
	at com.demoqa.tests.widgets.AutoCompletePageTest.setUpPage(AutoCompletePageTest.java:12) ~[test-classes/:?]
	at java.base/jdk.internal.reflect.DirectMethodHandleAccessor.invoke(DirectMethodHandleAccessor.java:103) ~[?:?]
	at java.base/java.lang.reflect.Method.invoke(Method.java:580) ~[?:?]
	at org.testng.internal.invokers.MethodInvocationHelper.invokeMethod(MethodInvocationHelper.java:139) ~[testng-7.8.0.jar:7.8.0]
	at org.testng.internal.invokers.MethodInvocationHelper.invokeMethodConsideringTimeout(MethodInvocationHelper.java:69) ~[testng-7.8.0.jar:7.8.0]
	at org.testng.internal.invokers.ConfigInvoker.invokeConfigurationMethod(ConfigInvoker.java:390) ~[testng-7.8.0.jar:7.8.0]
	at org.testng.internal.invokers.ConfigInvoker.invokeConfigurations(ConfigInvoker.java:325) ~[testng-7.8.0.jar:7.8.0]
	at org.testng.internal.invokers.TestInvoker.runConfigMethods(TestInvoker.java:810) ~[testng-7.8.0.jar:7.8.0]
	at org.testng.internal.invokers.TestInvoker.invokeMethod(TestInvoker.java:577) ~[testng-7.8.0.jar:7.8.0]
	at org.testng.internal.invokers.TestInvoker.invokeTestMethod(TestInvoker.java:227) ~[testng-7.8.0.jar:7.8.0]
	at org.testng.internal.invokers.MethodRunner.runInSequence(MethodRunner.java:50) ~[testng-7.8.0.jar:7.8.0]
	at org.testng.internal.invokers.TestInvoker$MethodInvocationAgent.invoke(TestInvoker.java:957) ~[testng-7.8.0.jar:7.8.0]
	at org.testng.internal.invokers.TestInvoker.invokeTestMethods(TestInvoker.java:200) ~[testng-7.8.0.jar:7.8.0]
	at org.testng.internal.invokers.TestMethodWorker.invokeTestMethods(TestMethodWorker.java:148) ~[testng-7.8.0.jar:7.8.0]
	at org.testng.internal.invokers.TestMethodWorker.run(TestMethodWorker.java:128) ~[testng-7.8.0.jar:7.8.0]
	at java.base/java.util.ArrayList.forEach(ArrayList.java:1596) ~[?:?]
	at org.testng.TestRunner.privateRun(TestRunner.java:848) ~[testng-7.8.0.jar:7.8.0]
	at org.testng.TestRunner.run(TestRunner.java:621) ~[testng-7.8.0.jar:7.8.0]
	at org.testng.SuiteRunner.runTest(SuiteRunner.java:443) ~[testng-7.8.0.jar:7.8.0]
	at org.testng.SuiteRunner$SuiteWorker.run(SuiteRunner.java:481) ~[testng-7.8.0.jar:7.8.0]
	at org.testng.internal.thread.ThreadUtil.lambda$execute$0(ThreadUtil.java:58) ~[testng-7.8.0.jar:7.8.0]
	at java.base/java.util.concurrent.FutureTask.run(FutureTask.java:317) ~[?:?]
	at java.base/java.util.concurrent.ThreadPoolExecutor.runWorker(ThreadPoolExecutor.java:1144) ~[?:?]
	at java.base/java.util.concurrent.ThreadPoolExecutor$Worker.run(ThreadPoolExecutor.java:642) ~[?:?]
	at java.base/java.lang.Thread.run(Thread.java:1583) [?:?]
=2025-05-03 23:43:29 [TestNG-tests-1] INFO  - Started Test: AutoCompletePageTest => testAutoComplete
=2025-05-03 23:43:29 [TestNG-tests-1] INFO  - Test Skipped: AutoCompletePageTest => testAutoComplete
=2025-05-03 23:43:29 [TestNG-tests-1] INFO  - Closing the browser - Chrome
=2025-05-04 09:19:01 [main] INFO  - Starting Execution for Test Suite => Demoqa_Sanity_Suite with Tag => sanity1
=2025-05-04 09:19:01 [TestNG-tests-1] INFO  - Starting Execution for Test=> Demoqa_DatePickerPageTest_Sanity_Test
=2025-05-04 09:19:07 [TestNG-tests-1] INFO  - Opening the browser - Chrome
=2025-05-04 09:19:16 [TestNG-tests-1] INFO  - Clicked on widgets.
=2025-05-04 09:19:16 [TestNG-tests-1] INFO  - Started Test: DatePickerPageTest => testDatePicker
=2025-05-04 09:19:17 [TestNG-tests-1] INFO  - Click on Date Picker Menu.
=2025-05-04 09:19:18 [TestNG-tests-1] INFO  - Click on Date Picker Month Year Input.
=2025-05-04 09:19:18 [TestNG-tests-1] INFO  - Clicked on date.
=2025-05-04 09:19:18 [TestNG-tests-1] INFO  - Test Successful: DatePickerPageTest => testDatePicker
=2025-05-04 09:19:18 [TestNG-tests-1] INFO  - Closing the browser - Chrome
